{"/Users/axzy/DEV/CHECK/FANSAL/API/src/index.ts": {"path":"/Users/axzy/DEV/CHECK/FANSAL/API/src/index.ts","statementMap":{"0":{"start":{"line":1,"column":0},"end":{"line":1,"column":24}},"1":{"start":{"line":2,"column":0},"end":{"line":2,"column":30}},"2":{"start":{"line":3,"column":0},"end":{"line":3,"column":28}},"3":{"start":{"line":4,"column":0},"end":{"line":4,"column":28}},"4":{"start":{"line":5,"column":0},"end":{"line":5,"column":43}},"5":{"start":{"line":6,"column":0},"end":{"line":6,"column":26}},"6":{"start":{"line":7,"column":0},"end":{"line":7,"column":50}},"7":{"start":{"line":8,"column":0},"end":{"line":8,"column":48}},"8":{"start":{"line":9,"column":0},"end":{"line":9,"column":73}},"9":{"start":{"line":10,"column":0},"end":{"line":10,"column":48}},"10":{"start":{"line":13,"column":24},"end":{"line":13,"column":51}},"11":{"start":{"line":15,"column":13},"end":{"line":15,"column":29}},"12":{"start":{"line":17,"column":0},"end":{"line":22,"column":3}},"13":{"start":{"line":25,"column":0},"end":{"line":25,"column":71}},"14":{"start":{"line":26,"column":0},"end":{"line":26,"column":66}},"15":{"start":{"line":26,"column":39},"end":{"line":26,"column":64}},"16":{"start":{"line":29,"column":0},"end":{"line":29,"column":30}},"17":{"start":{"line":32,"column":0},"end":{"line":32,"column":25}},"18":{"start":{"line":34,"column":0},"end":{"line":39,"column":1}},"19":{"start":{"line":35,"column":17},"end":{"line":37,"column":4}},"20":{"start":{"line":36,"column":4},"end":{"line":36,"column":81}},"21":{"start":{"line":38,"column":2},"end":{"line":38,"column":25}}},"fnMap":{"0":{"name":"(anonymous_1)","decl":{"start":{"line":26,"column":25},"end":{"line":26,"column":26}},"loc":{"start":{"line":26,"column":39},"end":{"line":26,"column":64}}},"1":{"name":"(anonymous_2)","decl":{"start":{"line":35,"column":49},"end":{"line":35,"column":52}},"loc":{"start":{"line":35,"column":54},"end":{"line":37,"column":3}}}},"branchMap":{"0":{"loc":{"start":{"line":21,"column":9},"end":{"line":21,"column":60}},"type":"cond-expr","locations":[{"start":{"line":21,"column":42},"end":{"line":21,"column":47}},{"start":{"line":21,"column":50},"end":{"line":21,"column":60}}]},"1":{"loc":{"start":{"line":34,"column":0},"end":{"line":39,"column":1}},"type":"if","locations":[{"start":{"line":34,"column":0},"end":{"line":39,"column":1}},{"start":{},"end":{}}]}},"s":{"0":12,"1":12,"2":12,"3":12,"4":12,"5":12,"6":12,"7":12,"8":12,"9":12,"10":12,"11":12,"12":12,"13":12,"14":12,"15":0,"16":12,"17":12,"18":12,"19":0,"20":0,"21":0},"f":{"0":0,"1":0},"b":{"0":[0,12],"1":[0,12]}}
,"/Users/axzy/DEV/CHECK/FANSAL/API/src/core/config/config.ts": {"path":"/Users/axzy/DEV/CHECK/FANSAL/API/src/core/config/config.ts","statementMap":{"0":{"start":{"line":1,"column":0},"end":{"line":1,"column":51}},"1":{"start":{"line":2,"column":0},"end":{"line":2,"column":28}},"2":{"start":{"line":3,"column":0},"end":{"line":3,"column":16}},"3":{"start":{"line":5,"column":13},"end":{"line":5,"column":49}}},"fnMap":{},"branchMap":{},"s":{"0":12,"1":12,"2":12,"3":12},"f":{},"b":{}}
,"/Users/axzy/DEV/CHECK/FANSAL/API/src/core/config/constants.ts": {"path":"/Users/axzy/DEV/CHECK/FANSAL/API/src/core/config/constants.ts","statementMap":{"0":{"start":{"line":1,"column":13},"end":{"line":1,"column":34}},"1":{"start":{"line":2,"column":13},"end":{"line":2,"column":34}},"2":{"start":{"line":3,"column":13},"end":{"line":3,"column":40}},"3":{"start":{"line":4,"column":13},"end":{"line":4,"column":34}},"4":{"start":{"line":5,"column":13},"end":{"line":5,"column":35}},"5":{"start":{"line":7,"column":13},"end":{"line":7,"column":76}},"6":{"start":{"line":10,"column":13},"end":{"line":10,"column":54}},"7":{"start":{"line":11,"column":13},"end":{"line":11,"column":50}},"8":{"start":{"line":14,"column":13},"end":{"line":14,"column":52}},"9":{"start":{"line":15,"column":13},"end":{"line":15,"column":54}},"10":{"start":{"line":18,"column":13},"end":{"line":18,"column":49}},"11":{"start":{"line":19,"column":13},"end":{"line":19,"column":51}},"12":{"start":{"line":22,"column":13},"end":{"line":22,"column":51}},"13":{"start":{"line":23,"column":13},"end":{"line":23,"column":53}},"14":{"start":{"line":24,"column":13},"end":{"line":24,"column":61}},"15":{"start":{"line":25,"column":13},"end":{"line":25,"column":53}},"16":{"start":{"line":26,"column":13},"end":{"line":26,"column":51}},"17":{"start":{"line":29,"column":13},"end":{"line":29,"column":49}},"18":{"start":{"line":30,"column":13},"end":{"line":30,"column":47}},"19":{"start":{"line":31,"column":13},"end":{"line":31,"column":37}},"20":{"start":{"line":34,"column":13},"end":{"line":34,"column":73}},"21":{"start":{"line":37,"column":13},"end":{"line":37,"column":49}},"22":{"start":{"line":38,"column":13},"end":{"line":38,"column":55}},"23":{"start":{"line":41,"column":13},"end":{"line":41,"column":43}},"24":{"start":{"line":42,"column":13},"end":{"line":42,"column":43}},"25":{"start":{"line":43,"column":13},"end":{"line":43,"column":40}},"26":{"start":{"line":44,"column":13},"end":{"line":44,"column":42}},"27":{"start":{"line":45,"column":13},"end":{"line":45,"column":42}},"28":{"start":{"line":46,"column":13},"end":{"line":46,"column":40}},"29":{"start":{"line":47,"column":13},"end":{"line":47,"column":42}},"30":{"start":{"line":48,"column":13},"end":{"line":48,"column":43}},"31":{"start":{"line":49,"column":13},"end":{"line":49,"column":41}},"32":{"start":{"line":50,"column":13},"end":{"line":50,"column":41}},"33":{"start":{"line":52,"column":13},"end":{"line":52,"column":44}},"34":{"start":{"line":53,"column":13},"end":{"line":53,"column":40}},"35":{"start":{"line":54,"column":13},"end":{"line":54,"column":42}},"36":{"start":{"line":55,"column":13},"end":{"line":55,"column":50}}},"fnMap":{},"branchMap":{},"s":{"0":13,"1":13,"2":13,"3":13,"4":13,"5":13,"6":13,"7":13,"8":13,"9":13,"10":13,"11":13,"12":13,"13":13,"14":13,"15":13,"16":13,"17":13,"18":13,"19":13,"20":13,"21":13,"22":13,"23":13,"24":13,"25":13,"26":13,"27":13,"28":13,"29":13,"30":13,"31":13,"32":13,"33":13,"34":13,"35":13,"36":13},"f":{},"b":{}}
,"/Users/axzy/DEV/CHECK/FANSAL/API/src/core/config/database.ts": {"path":"/Users/axzy/DEV/CHECK/FANSAL/API/src/core/config/database.ts","statementMap":{"0":{"start":{"line":1,"column":0},"end":{"line":1,"column":46}},"1":{"start":{"line":3,"column":19},"end":{"line":3,"column":37}},"2":{"start":{"line":5,"column":13},"end":{"line":43,"column":3}},"3":{"start":{"line":8,"column":27},"end":{"line":40,"column":null}},"4":{"start":{"line":9,"column":33},"end":{"line":9,"column":97}},"5":{"start":{"line":11,"column":8},"end":{"line":37,"column":9}},"6":{"start":{"line":13,"column":10},"end":{"line":19,"column":11}},"7":{"start":{"line":14,"column":22},"end":{"line":14,"column":33}},"8":{"start":{"line":15,"column":12},"end":{"line":15,"column":36}},"9":{"start":{"line":16,"column":12},"end":{"line":18,"column":13}},"10":{"start":{"line":17,"column":14},"end":{"line":17,"column":41}},"11":{"start":{"line":22,"column":10},"end":{"line":28,"column":11}},"12":{"start":{"line":23,"column":29},"end":{"line":23,"column":75}},"13":{"start":{"line":24,"column":12},"end":{"line":27,"column":15}},"14":{"start":{"line":30,"column":10},"end":{"line":36,"column":11}},"15":{"start":{"line":31,"column":29},"end":{"line":31,"column":75}},"16":{"start":{"line":32,"column":12},"end":{"line":35,"column":15}},"17":{"start":{"line":39,"column":8},"end":{"line":39,"column":27}}},"fnMap":{"0":{"name":"(anonymous_7)","decl":{"start":{"line":8,"column":12},"end":{"line":8,"column":26}},"loc":{"start":{"line":8,"column":26},"end":{"line":40,"column":null}}},"1":{"name":"(anonymous_8)","decl":{"start":{"line":8,"column":27},"end":{"line":8,"column":29}},"loc":{"start":{"line":8,"column":60},"end":{"line":40,"column":7}}}},"branchMap":{"0":{"loc":{"start":{"line":11,"column":8},"end":{"line":37,"column":9}},"type":"if","locations":[{"start":{"line":11,"column":8},"end":{"line":37,"column":9}},{"start":{},"end":{}}]},"1":{"loc":{"start":{"line":11,"column":12},"end":{"line":11,"column":53}},"type":"binary-expr","locations":[{"start":{"line":11,"column":12},"end":{"line":11,"column":17}},{"start":{"line":11,"column":21},"end":{"line":11,"column":53}}]},"2":{"loc":{"start":{"line":13,"column":10},"end":{"line":19,"column":11}},"type":"if","locations":[{"start":{"line":13,"column":10},"end":{"line":19,"column":11}},{"start":{},"end":{}}]},"3":{"loc":{"start":{"line":15,"column":22},"end":{"line":15,"column":35}},"type":"binary-expr","locations":[{"start":{"line":15,"column":22},"end":{"line":15,"column":29}},{"start":{"line":15,"column":33},"end":{"line":15,"column":35}}]},"4":{"loc":{"start":{"line":16,"column":12},"end":{"line":18,"column":13}},"type":"if","locations":[{"start":{"line":16,"column":12},"end":{"line":18,"column":13}},{"start":{},"end":{}}]},"5":{"loc":{"start":{"line":22,"column":10},"end":{"line":28,"column":11}},"type":"if","locations":[{"start":{"line":22,"column":10},"end":{"line":28,"column":11}},{"start":{},"end":{}}]},"6":{"loc":{"start":{"line":30,"column":10},"end":{"line":36,"column":11}},"type":"if","locations":[{"start":{"line":30,"column":10},"end":{"line":36,"column":11}},{"start":{},"end":{}}]}},"s":{"0":12,"1":12,"2":12,"3":332,"4":332,"5":332,"6":139,"7":64,"8":64,"9":64,"10":55,"11":139,"12":26,"13":26,"14":113,"15":5,"16":5,"17":301},"f":{"0":332,"1":332},"b":{"0":[139,193],"1":[332,332],"2":[64,75],"3":[64,0],"4":[55,9],"5":[26,113],"6":[5,108]}}
,"/Users/axzy/DEV/CHECK/FANSAL/API/src/core/config/env.config.ts": {"path":"/Users/axzy/DEV/CHECK/FANSAL/API/src/core/config/env.config.ts","statementMap":{"0":{"start":{"line":1,"column":0},"end":{"line":1,"column":28}},"1":{"start":{"line":2,"column":0},"end":{"line":2,"column":16}},"2":{"start":{"line":4,"column":13},"end":{"line":24,"column":2}}},"fnMap":{},"branchMap":{"0":{"loc":{"start":{"line":5,"column":12},"end":{"line":5,"column":49}},"type":"binary-expr","locations":[{"start":{"line":5,"column":12},"end":{"line":5,"column":32}},{"start":{"line":5,"column":36},"end":{"line":5,"column":49}}]},"1":{"loc":{"start":{"line":6,"column":17},"end":{"line":6,"column":43}},"type":"binary-expr","locations":[{"start":{"line":6,"column":17},"end":{"line":6,"column":33}},{"start":{"line":6,"column":37},"end":{"line":6,"column":43}}]},"2":{"loc":{"start":{"line":7,"column":14},"end":{"line":7,"column":48}},"type":"binary-expr","locations":[{"start":{"line":7,"column":14},"end":{"line":7,"column":36}},{"start":{"line":7,"column":40},"end":{"line":7,"column":48}}]}},"s":{"0":12,"1":12,"2":12},"f":{},"b":{"0":[12,0],"1":[12,0],"2":[12,0]}}
,"/Users/axzy/DEV/CHECK/FANSAL/API/src/core/config/mail.ts": {"path":"/Users/axzy/DEV/CHECK/FANSAL/API/src/core/config/mail.ts","statementMap":{"0":{"start":{"line":1,"column":0},"end":{"line":1,"column":41}},"1":{"start":{"line":2,"column":0},"end":{"line":2,"column":32}},"2":{"start":{"line":3,"column":0},"end":{"line":3,"column":33}},"3":{"start":{"line":5,"column":0},"end":{"line":5,"column":16}},"4":{"start":{"line":7,"column":21},"end":{"line":7,"column":47}},"5":{"start":{"line":8,"column":13},"end":{"line":8,"column":69}},"6":{"start":{"line":10,"column":13},"end":{"line":18,"column":3}}},"fnMap":{},"branchMap":{"0":{"loc":{"start":{"line":8,"column":22},"end":{"line":8,"column":68}},"type":"cond-expr","locations":[{"start":{"line":8,"column":37},"end":{"line":8,"column":61}},{"start":{"line":8,"column":64},"end":{"line":8,"column":68}}]}},"s":{"0":10,"1":10,"2":10,"3":10,"4":10,"5":10,"6":10},"f":{},"b":{"0":[10,0]}}
,"/Users/axzy/DEV/CHECK/FANSAL/API/src/core/errors/AppError.ts": {"path":"/Users/axzy/DEV/CHECK/FANSAL/API/src/core/errors/AppError.ts","statementMap":{"0":{"start":{"line":7,"column":4},"end":{"line":7,"column":19}},"1":{"start":{"line":8,"column":4},"end":{"line":8,"column":33}},"2":{"start":{"line":9,"column":4},"end":{"line":9,"column":25}},"3":{"start":{"line":10,"column":4},"end":{"line":10,"column":39}},"4":{"start":{"line":12,"column":4},"end":{"line":12,"column":52}},"5":{"start":{"line":1,"column":0},"end":{"line":1,"column":13}}},"fnMap":{"0":{"name":"(anonymous_0)","decl":{"start":{"line":6,"column":2},"end":{"line":6,"column":14}},"loc":{"start":{"line":6,"column":83},"end":{"line":13,"column":3}}}},"branchMap":{"0":{"loc":{"start":{"line":6,"column":31},"end":{"line":6,"column":47}},"type":"default-arg","locations":[{"start":{"line":6,"column":44},"end":{"line":6,"column":47}}]},"1":{"loc":{"start":{"line":6,"column":63},"end":{"line":6,"column":83}},"type":"default-arg","locations":[{"start":{"line":6,"column":79},"end":{"line":6,"column":83}}]}},"s":{"0":0,"1":0,"2":0,"3":0,"4":0,"5":12},"f":{"0":0},"b":{"0":[0],"1":[0]}}
,"/Users/axzy/DEV/CHECK/FANSAL/API/src/core/mappers/tresult.mapper.ts": {"path":"/Users/axzy/DEV/CHECK/FANSAL/API/src/core/mappers/tresult.mapper.ts","statementMap":{"0":{"start":{"line":3,"column":29},"end":{"line":13,"column":1}},"1":{"start":{"line":4,"column":23},"end":{"line":4,"column":41}},"2":{"start":{"line":5,"column":20},"end":{"line":5,"column":31}},"3":{"start":{"line":7,"column":4},"end":{"line":11,"column":null}},"4":{"start":{"line":3,"column":13},"end":{"line":3,"column":29}}},"fnMap":{"0":{"name":"(anonymous_0)","decl":{"start":{"line":3,"column":29},"end":{"line":3,"column":33}},"loc":{"start":{"line":3,"column":82},"end":{"line":13,"column":1}}}},"branchMap":{"0":{"loc":{"start":{"line":3,"column":42},"end":{"line":3,"column":64}},"type":"default-arg","locations":[{"start":{"line":3,"column":62},"end":{"line":3,"column":64}}]},"1":{"loc":{"start":{"line":9,"column":18},"end":{"line":9,"column":52}},"type":"cond-expr","locations":[{"start":{"line":9,"column":31},"end":{"line":9,"column":38}},{"start":{"line":9,"column":41},"end":{"line":9,"column":52}}]}},"s":{"0":12,"1":87,"2":87,"3":87,"4":12},"f":{"0":87},"b":{"0":[77],"1":[10,77]}}
,"/Users/axzy/DEV/CHECK/FANSAL/API/src/core/middlewares/error.middleware.ts": {"path":"/Users/axzy/DEV/CHECK/FANSAL/API/src/core/middlewares/error.middleware.ts","statementMap":{"0":{"start":{"line":2,"column":0},"end":{"line":2,"column":41}},"1":{"start":{"line":3,"column":0},"end":{"line":3,"column":46}},"2":{"start":{"line":4,"column":0},"end":{"line":4,"column":58}},"3":{"start":{"line":5,"column":0},"end":{"line":5,"column":43}},"4":{"start":{"line":7,"column":31},"end":{"line":38,"column":1}},"5":{"start":{"line":13,"column":40},"end":{"line":13,"column":43}},"6":{"start":{"line":15,"column":2},"end":{"line":26,"column":3}},"7":{"start":{"line":16,"column":4},"end":{"line":16,"column":21}},"8":{"start":{"line":17,"column":4},"end":{"line":17,"column":84}},"9":{"start":{"line":20,"column":4},"end":{"line":25,"column":5}},"10":{"start":{"line":21,"column":6},"end":{"line":21,"column":23}},"11":{"start":{"line":22,"column":6},"end":{"line":24,"column":76}},"12":{"start":{"line":29,"column":2},"end":{"line":33,"column":3}},"13":{"start":{"line":30,"column":4},"end":{"line":30,"column":58}},"14":{"start":{"line":32,"column":4},"end":{"line":32,"column":65}},"15":{"start":{"line":35,"column":19},"end":{"line":35,"column":68}},"16":{"start":{"line":37,"column":2},"end":{"line":37,"column":40}},"17":{"start":{"line":7,"column":13},"end":{"line":7,"column":31}}},"fnMap":{"0":{"name":"(anonymous_0)","decl":{"start":{"line":7,"column":31},"end":{"line":7,"column":null}},"loc":{"start":{"line":12,"column":4},"end":{"line":38,"column":1}}}},"branchMap":{"0":{"loc":{"start":{"line":15,"column":2},"end":{"line":26,"column":3}},"type":"if","locations":[{"start":{"line":15,"column":2},"end":{"line":26,"column":3}},{"start":{},"end":{}}]},"1":{"loc":{"start":{"line":17,"column":14},"end":{"line":17,"column":83}},"type":"cond-expr","locations":[{"start":{"line":17,"column":46},"end":{"line":17,"column":69}},{"start":{"line":17,"column":72},"end":{"line":17,"column":83}}]},"2":{"loc":{"start":{"line":20,"column":4},"end":{"line":25,"column":5}},"type":"if","locations":[{"start":{"line":20,"column":4},"end":{"line":25,"column":5}},{"start":{},"end":{}}]},"3":{"loc":{"start":{"line":20,"column":8},"end":{"line":20,"column":70}},"type":"binary-expr","locations":[{"start":{"line":20,"column":8},"end":{"line":20,"column":33}},{"start":{"line":20,"column":37},"end":{"line":20,"column":68}}]},"4":{"loc":{"start":{"line":20,"column":8},"end":{"line":20,"column":33}},"type":"cond-expr","locations":[{"start":{"line":20,"column":16},"end":{"line":20,"column":18}},{"start":{"line":20,"column":16},"end":{"line":20,"column":33}}]},"5":{"loc":{"start":{"line":20,"column":8},"end":{"line":20,"column":18}},"type":"binary-expr","locations":[{"start":{"line":20,"column":8},"end":{"line":20,"column":18}},{"start":{"line":20,"column":16},"end":{"line":20,"column":18}}]},"6":{"loc":{"start":{"line":20,"column":37},"end":{"line":20,"column":68}},"type":"cond-expr","locations":[{"start":{"line":20,"column":48},"end":{"line":20,"column":50}},{"start":{"line":20,"column":48},"end":{"line":20,"column":68}}]},"7":{"loc":{"start":{"line":20,"column":37},"end":{"line":20,"column":50}},"type":"binary-expr","locations":[{"start":{"line":20,"column":37},"end":{"line":20,"column":50}},{"start":{"line":20,"column":48},"end":{"line":20,"column":50}}]},"8":{"loc":{"start":{"line":22,"column":16},"end":{"line":24,"column":75}},"type":"cond-expr","locations":[{"start":{"line":23,"column":10},"end":{"line":23,"column":26}},{"start":{"line":24,"column":10},"end":{"line":24,"column":75}}]},"9":{"loc":{"start":{"line":24,"column":29},"end":{"line":24,"column":73}},"type":"binary-expr","locations":[{"start":{"line":24,"column":29},"end":{"line":24,"column":58}},{"start":{"line":24,"column":62},"end":{"line":24,"column":73}}]},"10":{"loc":{"start":{"line":29,"column":2},"end":{"line":33,"column":3}},"type":"if","locations":[{"start":{"line":29,"column":2},"end":{"line":33,"column":3}},{"start":{"line":31,"column":9},"end":{"line":33,"column":3}}]},"11":{"loc":{"start":{"line":35,"column":53},"end":{"line":35,"column":65}},"type":"binary-expr","locations":[{"start":{"line":35,"column":53},"end":{"line":35,"column":59}},{"start":{"line":35,"column":63},"end":{"line":35,"column":65}}]}},"s":{"0":12,"1":12,"2":12,"3":12,"4":12,"5":0,"6":0,"7":0,"8":0,"9":0,"10":0,"11":0,"12":0,"13":0,"14":0,"15":0,"16":0,"17":12},"f":{"0":0},"b":{"0":[0,0],"1":[0,0],"2":[0,0],"3":[0,0],"4":[0,0],"5":[0,0],"6":[0,0],"7":[0,0],"8":[0,0],"9":[0,0],"10":[0,0],"11":[0,0]}}
,"/Users/axzy/DEV/CHECK/FANSAL/API/src/core/middlewares/multer.middleware.ts": {"path":"/Users/axzy/DEV/CHECK/FANSAL/API/src/core/middlewares/multer.middleware.ts","statementMap":{"0":{"start":{"line":1,"column":0},"end":{"line":1,"column":28}},"1":{"start":{"line":7,"column":16},"end":{"line":7,"column":38}},"2":{"start":{"line":9,"column":19},"end":{"line":27,"column":1}},"3":{"start":{"line":10,"column":23},"end":{"line":20,"column":4}},"4":{"start":{"line":22,"column":2},"end":{"line":26,"column":3}},"5":{"start":{"line":23,"column":4},"end":{"line":23,"column":19}},"6":{"start":{"line":25,"column":4},"end":{"line":25,"column":83}},"7":{"start":{"line":30,"column":13},"end":{"line":36,"column":3}}},"fnMap":{"0":{"name":"(anonymous_1)","decl":{"start":{"line":9,"column":19},"end":{"line":9,"column":20}},"loc":{"start":{"line":9,"column":52},"end":{"line":27,"column":1}}}},"branchMap":{"0":{"loc":{"start":{"line":22,"column":2},"end":{"line":26,"column":3}},"type":"if","locations":[{"start":{"line":22,"column":2},"end":{"line":26,"column":3}},{"start":{"line":24,"column":9},"end":{"line":26,"column":3}}]}},"s":{"0":12,"1":12,"2":12,"3":0,"4":0,"5":0,"6":0,"7":12},"f":{"0":0},"b":{"0":[0,0]}}
,"/Users/axzy/DEV/CHECK/FANSAL/API/src/core/middlewares/token-validator.middleware.ts": {"path":"/Users/axzy/DEV/CHECK/FANSAL/API/src/core/middlewares/token-validator.middleware.ts","statementMap":{"0":{"start":{"line":7,"column":0},"end":{"line":7,"column":null}},"1":{"start":{"line":2,"column":0},"end":{"line":2,"column":55}},"2":{"start":{"line":5,"column":0},"end":{"line":5,"column":54}},"3":{"start":{"line":12,"column":2},"end":{"line":42,"column":3}},"4":{"start":{"line":13,"column":16},"end":{"line":13,"column":74}},"5":{"start":{"line":15,"column":4},"end":{"line":15,"column":74}},"6":{"start":{"line":15,"column":16},"end":{"line":15,"column":74}},"7":{"start":{"line":17,"column":4},"end":{"line":19,"column":5}},"8":{"start":{"line":18,"column":6},"end":{"line":18,"column":43}},"9":{"start":{"line":21,"column":20},"end":{"line":21,"column":44}},"10":{"start":{"line":22,"column":4},"end":{"line":22,"column":30}},"11":{"start":{"line":23,"column":5},"end":{"line":23,"column":32}},"12":{"start":{"line":26,"column":17},"end":{"line":26,"column":31}},"13":{"start":{"line":27,"column":23},"end":{"line":31,"column":6}},"14":{"start":{"line":33,"column":4},"end":{"line":37,"column":5}},"15":{"start":{"line":34,"column":6},"end":{"line":36,"column":74}},"16":{"start":{"line":39,"column":4},"end":{"line":39,"column":11}},"17":{"start":{"line":41,"column":4},"end":{"line":41,"column":39}}},"fnMap":{"0":{"name":"default_1","decl":{"start":{"line":7,"column":0},"end":{"line":7,"column":null}},"loc":{"start":{"line":10,"column":28},"end":{"line":43,"column":null}}}},"branchMap":{"0":{"loc":{"start":{"line":13,"column":16},"end":{"line":13,"column":74}},"type":"binary-expr","locations":[{"start":{"line":13,"column":16},"end":{"line":13,"column":43}},{"start":{"line":13,"column":48},"end":{"line":13,"column":74}}]},"1":{"loc":{"start":{"line":15,"column":4},"end":{"line":15,"column":74}},"type":"if","locations":[{"start":{"line":15,"column":4},"end":{"line":15,"column":74}},{"start":{},"end":{}}]},"2":{"loc":{"start":{"line":17,"column":4},"end":{"line":19,"column":5}},"type":"if","locations":[{"start":{"line":17,"column":4},"end":{"line":19,"column":5}},{"start":{},"end":{}}]},"3":{"loc":{"start":{"line":33,"column":4},"end":{"line":37,"column":5}},"type":"if","locations":[{"start":{"line":33,"column":4},"end":{"line":37,"column":5}},{"start":{},"end":{}}]},"4":{"loc":{"start":{"line":36,"column":21},"end":{"line":36,"column":70}},"type":"binary-expr","locations":[{"start":{"line":36,"column":21},"end":{"line":36,"column":39}},{"start":{"line":36,"column":43},"end":{"line":36,"column":70}}]}},"s":{"0":6,"1":6,"2":6,"3":0,"4":0,"5":0,"6":0,"7":0,"8":0,"9":0,"10":0,"11":0,"12":0,"13":0,"14":0,"15":0,"16":0,"17":0},"f":{"0":0},"b":{"0":[0,0],"1":[0,0],"2":[0,0],"3":[0,0],"4":[0,0]}}
,"/Users/axzy/DEV/CHECK/FANSAL/API/src/core/middlewares/validate.middleware.ts": {"path":"/Users/axzy/DEV/CHECK/FANSAL/API/src/core/middlewares/validate.middleware.ts","statementMap":{"0":{"start":{"line":2,"column":0},"end":{"line":2,"column":31}},"1":{"start":{"line":3,"column":0},"end":{"line":3,"column":58}},"2":{"start":{"line":4,"column":0},"end":{"line":4,"column":41}},"3":{"start":{"line":7,"column":2},"end":{"line":27,"column":4}},"4":{"start":{"line":7,"column":19},"end":{"line":27,"column":4}},"5":{"start":{"line":7,"column":77},"end":{"line":27,"column":4}},"6":{"start":{"line":8,"column":4},"end":{"line":26,"column":5}},"7":{"start":{"line":9,"column":6},"end":{"line":13,"column":9}},"8":{"start":{"line":14,"column":6},"end":{"line":14,"column":20}},"9":{"start":{"line":16,"column":6},"end":{"line":22,"column":7}},"10":{"start":{"line":17,"column":23},"end":{"line":18,"column":null}},"11":{"start":{"line":18,"column":19},"end":{"line":18,"column":58}},"12":{"start":{"line":20,"column":8},"end":{"line":20,"column":69}},"13":{"start":{"line":21,"column":8},"end":{"line":21,"column":65}},"14":{"start":{"line":23,"column":6},"end":{"line":25,"column":80}},"15":{"start":{"line":6,"column":13},"end":{"line":6,"column":null}}},"fnMap":{"0":{"name":"(anonymous_7)","decl":{"start":{"line":7,"column":2},"end":{"line":7,"column":3}},"loc":{"start":{"line":7,"column":19},"end":{"line":27,"column":4}}},"1":{"name":"(anonymous_8)","decl":{"start":{"line":7,"column":19},"end":{"line":7,"column":26}},"loc":{"start":{"line":7,"column":77},"end":{"line":27,"column":4}}},"2":{"name":"(anonymous_9)","decl":{"start":{"line":7,"column":77},"end":{"line":7,"column":null}},"loc":{"start":{"line":7,"column":77},"end":{"line":27,"column":3}}},"3":{"name":"(anonymous_10)","decl":{"start":{"line":18,"column":10},"end":{"line":18,"column":11}},"loc":{"start":{"line":18,"column":19},"end":{"line":18,"column":58}}}},"branchMap":{"0":{"loc":{"start":{"line":16,"column":6},"end":{"line":22,"column":7}},"type":"if","locations":[{"start":{"line":16,"column":6},"end":{"line":22,"column":7}},{"start":{},"end":{}}]}},"s":{"0":12,"1":12,"2":12,"3":12,"4":216,"5":48,"6":48,"7":48,"8":38,"9":10,"10":10,"11":11,"12":10,"13":10,"14":0,"15":12},"f":{"0":216,"1":48,"2":48,"3":11},"b":{"0":[10,0]}}
,"/Users/axzy/DEV/CHECK/FANSAL/API/src/core/utils/config.ts": {"path":"/Users/axzy/DEV/CHECK/FANSAL/API/src/core/utils/config.ts","statementMap":{"0":{"start":{"line":1,"column":25},"end":{"line":8,"column":1}},"1":{"start":{"line":2,"column":16},"end":{"line":2,"column":32}},"2":{"start":{"line":4,"column":2},"end":{"line":6,"column":3}},"3":{"start":{"line":5,"column":4},"end":{"line":5,"column":60}},"4":{"start":{"line":7,"column":2},"end":{"line":7,"column":15}},"5":{"start":{"line":1,"column":13},"end":{"line":1,"column":25}}},"fnMap":{"0":{"name":"(anonymous_0)","decl":{"start":{"line":1,"column":25},"end":{"line":1,"column":26}},"loc":{"start":{"line":1,"column":41},"end":{"line":8,"column":1}}}},"branchMap":{"0":{"loc":{"start":{"line":4,"column":2},"end":{"line":6,"column":3}},"type":"if","locations":[{"start":{"line":4,"column":2},"end":{"line":6,"column":3}},{"start":{},"end":{}}]}},"s":{"0":12,"1":12,"2":12,"3":0,"4":12,"5":12},"f":{"0":12},"b":{"0":[0,12]}}
,"/Users/axzy/DEV/CHECK/FANSAL/API/src/core/utils/date-time.utils.ts": {"path":"/Users/axzy/DEV/CHECK/FANSAL/API/src/core/utils/date-time.utils.ts","statementMap":{"0":{"start":{"line":1,"column":0},"end":{"line":1,"column":26}},"1":{"start":{"line":2,"column":0},"end":{"line":2,"column":63}},"2":{"start":{"line":3,"column":0},"end":{"line":3,"column":45}},"3":{"start":{"line":4,"column":0},"end":{"line":4,"column":35}},"4":{"start":{"line":6,"column":0},"end":{"line":6,"column":32}},"5":{"start":{"line":7,"column":0},"end":{"line":7,"column":18}},"6":{"start":{"line":8,"column":0},"end":{"line":8,"column":23}},"7":{"start":{"line":10,"column":25},"end":{"line":10,"column":42}},"8":{"start":{"line":16,"column":25},"end":{"line":35,"column":1}},"9":{"start":{"line":17,"column":2},"end":{"line":17,"column":42}},"10":{"start":{"line":17,"column":30},"end":{"line":17,"column":42}},"11":{"start":{"line":19,"column":14},"end":{"line":19,"column":28}},"12":{"start":{"line":20,"column":25},"end":{"line":20,"column":55}},"13":{"start":{"line":22,"column":32},"end":{"line":22,"column":64}},"14":{"start":{"line":23,"column":28},"end":{"line":23,"column":58}},"15":{"start":{"line":25,"column":23},"end":{"line":25,"column":48}},"16":{"start":{"line":26,"column":21},"end":{"line":26,"column":42}},"17":{"start":{"line":28,"column":2},"end":{"line":31,"column":3}},"18":{"start":{"line":30,"column":4},"end":{"line":30,"column":74}},"19":{"start":{"line":34,"column":2},"end":{"line":34,"column":72}},"20":{"start":{"line":16,"column":13},"end":{"line":16,"column":25}},"21":{"start":{"line":37,"column":29},"end":{"line":39,"column":1}},"22":{"start":{"line":38,"column":2},"end":{"line":38,"column":52}},"23":{"start":{"line":37,"column":13},"end":{"line":37,"column":29}},"24":{"start":{"line":41,"column":27},"end":{"line":43,"column":1}},"25":{"start":{"line":42,"column":2},"end":{"line":42,"column":50}},"26":{"start":{"line":41,"column":13},"end":{"line":41,"column":27}},"27":{"start":{"line":45,"column":26},"end":{"line":47,"column":1}},"28":{"start":{"line":46,"column":2},"end":{"line":46,"column":43}},"29":{"start":{"line":45,"column":13},"end":{"line":45,"column":26}},"30":{"start":{"line":49,"column":19},"end":{"line":51,"column":1}},"31":{"start":{"line":50,"column":2},"end":{"line":50,"column":33}},"32":{"start":{"line":49,"column":13},"end":{"line":49,"column":19}}},"fnMap":{"0":{"name":"(anonymous_1)","decl":{"start":{"line":16,"column":25},"end":{"line":16,"column":26}},"loc":{"start":{"line":16,"column":104},"end":{"line":35,"column":1}}},"1":{"name":"(anonymous_2)","decl":{"start":{"line":37,"column":29},"end":{"line":37,"column":30}},"loc":{"start":{"line":37,"column":90},"end":{"line":39,"column":1}}},"2":{"name":"(anonymous_3)","decl":{"start":{"line":41,"column":27},"end":{"line":41,"column":28}},"loc":{"start":{"line":41,"column":88},"end":{"line":43,"column":1}}},"3":{"name":"(anonymous_4)","decl":{"start":{"line":45,"column":26},"end":{"line":45,"column":27}},"loc":{"start":{"line":45,"column":129},"end":{"line":47,"column":1}}},"4":{"name":"(anonymous_5)","decl":{"start":{"line":49,"column":19},"end":{"line":49,"column":20}},"loc":{"start":{"line":49,"column":59},"end":{"line":51,"column":1}}}},"branchMap":{"0":{"loc":{"start":{"line":16,"column":62},"end":{"line":16,"column":91}},"type":"default-arg","locations":[{"start":{"line":16,"column":75},"end":{"line":16,"column":91}}]},"1":{"loc":{"start":{"line":17,"column":2},"end":{"line":17,"column":42}},"type":"if","locations":[{"start":{"line":17,"column":2},"end":{"line":17,"column":42}},{"start":{},"end":{}}]},"2":{"loc":{"start":{"line":17,"column":6},"end":{"line":17,"column":28}},"type":"binary-expr","locations":[{"start":{"line":17,"column":6},"end":{"line":17,"column":16}},{"start":{"line":17,"column":20},"end":{"line":17,"column":28}}]},"3":{"loc":{"start":{"line":28,"column":2},"end":{"line":31,"column":3}},"type":"if","locations":[{"start":{"line":28,"column":2},"end":{"line":31,"column":3}},{"start":{},"end":{}}]},"4":{"loc":{"start":{"line":30,"column":11},"end":{"line":30,"column":73}},"type":"binary-expr","locations":[{"start":{"line":30,"column":11},"end":{"line":30,"column":41}},{"start":{"line":30,"column":45},"end":{"line":30,"column":73}}]},"5":{"loc":{"start":{"line":34,"column":9},"end":{"line":34,"column":71}},"type":"binary-expr","locations":[{"start":{"line":34,"column":9},"end":{"line":34,"column":39}},{"start":{"line":34,"column":43},"end":{"line":34,"column":71}}]},"6":{"loc":{"start":{"line":37,"column":51},"end":{"line":37,"column":80}},"type":"default-arg","locations":[{"start":{"line":37,"column":64},"end":{"line":37,"column":80}}]},"7":{"loc":{"start":{"line":41,"column":49},"end":{"line":41,"column":78}},"type":"default-arg","locations":[{"start":{"line":41,"column":62},"end":{"line":41,"column":78}}]},"8":{"loc":{"start":{"line":45,"column":48},"end":{"line":45,"column":86}},"type":"default-arg","locations":[{"start":{"line":45,"column":65},"end":{"line":45,"column":86}}]},"9":{"loc":{"start":{"line":45,"column":88},"end":{"line":45,"column":117}},"type":"default-arg","locations":[{"start":{"line":45,"column":101},"end":{"line":45,"column":117}}]},"10":{"loc":{"start":{"line":49,"column":20},"end":{"line":49,"column":49}},"type":"default-arg","locations":[{"start":{"line":49,"column":33},"end":{"line":49,"column":49}}]}},"s":{"0":13,"1":13,"2":13,"3":13,"4":13,"5":13,"6":13,"7":13,"8":13,"9":0,"10":0,"11":0,"12":0,"13":0,"14":0,"15":0,"16":0,"17":0,"18":0,"19":0,"20":13,"21":13,"22":6,"23":13,"24":13,"25":6,"26":13,"27":13,"28":0,"29":13,"30":13,"31":7,"32":13},"f":{"0":0,"1":6,"2":6,"3":0,"4":7},"b":{"0":[0],"1":[0,0],"2":[0,0],"3":[0,0],"4":[0,0],"5":[0,0],"6":[6],"7":[6],"8":[0],"9":[0],"10":[7]}}
,"/Users/axzy/DEV/CHECK/FANSAL/API/src/core/utils/emailSender.ts": {"path":"/Users/axzy/DEV/CHECK/FANSAL/API/src/core/utils/emailSender.ts","statementMap":{"0":{"start":{"line":1,"column":0},"end":{"line":1,"column":46}},"1":{"start":{"line":2,"column":0},"end":{"line":2,"column":53}},"2":{"start":{"line":3,"column":0},"end":{"line":3,"column":34}},"3":{"start":{"line":5,"column":15},"end":{"line":5,"column":33}},"4":{"start":{"line":7,"column":33},"end":{"line":124,"column":2}},"5":{"start":{"line":7,"column":69},"end":{"line":124,"column":2}},"6":{"start":{"line":8,"column":2},"end":{"line":123,"column":3}},"7":{"start":{"line":10,"column":19},"end":{"line":12,"column":6}},"8":{"start":{"line":14,"column":4},"end":{"line":17,"column":5}},"9":{"start":{"line":15,"column":6},"end":{"line":15,"column":60}},"10":{"start":{"line":16,"column":6},"end":{"line":16,"column":13}},"11":{"start":{"line":19,"column":23},"end":{"line":19,"column":46}},"12":{"start":{"line":21,"column":20},"end":{"line":21,"column":69}},"13":{"start":{"line":24,"column":21},"end":{"line":24,"column":64}},"14":{"start":{"line":25,"column":4},"end":{"line":37,"column":5}},"15":{"start":{"line":30,"column":6},"end":{"line":30,"column":26}},"16":{"start":{"line":31,"column":6},"end":{"line":35,"column":9}},"17":{"start":{"line":32,"column":20},"end":{"line":32,"column":25}},"18":{"start":{"line":33,"column":21},"end":{"line":33,"column":58}},"19":{"start":{"line":34,"column":8},"end":{"line":34,"column":94}},"20":{"start":{"line":36,"column":6},"end":{"line":36,"column":28}},"21":{"start":{"line":40,"column":24},"end":{"line":95,"column":6}},"22":{"start":{"line":98,"column":4},"end":{"line":98,"column":47}},"23":{"start":{"line":99,"column":4},"end":{"line":118,"column":5}},"24":{"start":{"line":100,"column":30},"end":{"line":105,"column":8}},"25":{"start":{"line":106,"column":6},"end":{"line":110,"column":7}},"26":{"start":{"line":107,"column":8},"end":{"line":107,"column":45}},"27":{"start":{"line":109,"column":8},"end":{"line":109,"column":45}},"28":{"start":{"line":112,"column":6},"end":{"line":117,"column":9}},"29":{"start":{"line":120,"column":4},"end":{"line":120,"column":67}},"30":{"start":{"line":122,"column":4},"end":{"line":122,"column":57}},"31":{"start":{"line":7,"column":13},"end":{"line":7,"column":33}},"32":{"start":{"line":126,"column":36},"end":{"line":233,"column":2}},"33":{"start":{"line":126,"column":75},"end":{"line":233,"column":2}},"34":{"start":{"line":127,"column":2},"end":{"line":232,"column":3}},"35":{"start":{"line":128,"column":19},"end":{"line":130,"column":6}},"36":{"start":{"line":132,"column":4},"end":{"line":135,"column":5}},"37":{"start":{"line":133,"column":6},"end":{"line":133,"column":63}},"38":{"start":{"line":134,"column":6},"end":{"line":134,"column":13}},"39":{"start":{"line":137,"column":23},"end":{"line":137,"column":46}},"40":{"start":{"line":138,"column":20},"end":{"line":138,"column":77}},"41":{"start":{"line":140,"column":21},"end":{"line":140,"column":64}},"42":{"start":{"line":141,"column":4},"end":{"line":153,"column":5}},"43":{"start":{"line":146,"column":6},"end":{"line":146,"column":26}},"44":{"start":{"line":147,"column":6},"end":{"line":151,"column":9}},"45":{"start":{"line":148,"column":20},"end":{"line":148,"column":25}},"46":{"start":{"line":149,"column":21},"end":{"line":149,"column":58}},"47":{"start":{"line":150,"column":8},"end":{"line":150,"column":94}},"48":{"start":{"line":152,"column":6},"end":{"line":152,"column":28}},"49":{"start":{"line":155,"column":24},"end":{"line":206,"column":6}},"50":{"start":{"line":208,"column":4},"end":{"line":227,"column":5}},"51":{"start":{"line":209,"column":30},"end":{"line":214,"column":8}},"52":{"start":{"line":215,"column":6},"end":{"line":219,"column":7}},"53":{"start":{"line":216,"column":8},"end":{"line":216,"column":59}},"54":{"start":{"line":218,"column":8},"end":{"line":218,"column":59}},"55":{"start":{"line":221,"column":6},"end":{"line":226,"column":9}},"56":{"start":{"line":229,"column":4},"end":{"line":229,"column":70}},"57":{"start":{"line":231,"column":4},"end":{"line":231,"column":60}},"58":{"start":{"line":126,"column":13},"end":{"line":126,"column":36}},"59":{"start":{"line":235,"column":36},"end":{"line":251,"column":2}},"60":{"start":{"line":235,"column":72},"end":{"line":251,"column":2}},"61":{"start":{"line":236,"column":2},"end":{"line":250,"column":3}},"62":{"start":{"line":237,"column":19},"end":{"line":239,"column":6}},"63":{"start":{"line":241,"column":4},"end":{"line":244,"column":5}},"64":{"start":{"line":242,"column":6},"end":{"line":242,"column":63}},"65":{"start":{"line":243,"column":6},"end":{"line":243,"column":13}},"66":{"start":{"line":246,"column":23},"end":{"line":246,"column":46}},"67":{"start":{"line":247,"column":24},"end":{"line":247,"column":129}},"68":{"start":{"line":249,"column":4},"end":{"line":249,"column":60}},"69":{"start":{"line":235,"column":13},"end":{"line":235,"column":36}},"70":{"start":{"line":253,"column":39},"end":{"line":274,"column":2}},"71":{"start":{"line":253,"column":78},"end":{"line":274,"column":2}},"72":{"start":{"line":254,"column":2},"end":{"line":273,"column":3}},"73":{"start":{"line":255,"column":19},"end":{"line":257,"column":6}},"74":{"start":{"line":259,"column":4},"end":{"line":262,"column":5}},"75":{"start":{"line":260,"column":6},"end":{"line":260,"column":66}},"76":{"start":{"line":261,"column":6},"end":{"line":261,"column":13}},"77":{"start":{"line":264,"column":23},"end":{"line":264,"column":46}},"78":{"start":{"line":266,"column":4},"end":{"line":270,"column":5}},"79":{"start":{"line":268,"column":6},"end":{"line":268,"column":70}},"80":{"start":{"line":272,"column":4},"end":{"line":272,"column":63}},"81":{"start":{"line":253,"column":13},"end":{"line":253,"column":39}}},"fnMap":{"0":{"name":"(anonymous_7)","decl":{"start":{"line":7,"column":33},"end":{"line":7,"column":40}},"loc":{"start":{"line":7,"column":69},"end":{"line":124,"column":2}}},"1":{"name":"(anonymous_8)","decl":{"start":{"line":7,"column":69},"end":{"line":7,"column":null}},"loc":{"start":{"line":7,"column":69},"end":{"line":124,"column":1}}},"2":{"name":"(anonymous_9)","decl":{"start":{"line":31,"column":29},"end":{"line":31,"column":30}},"loc":{"start":{"line":31,"column":40},"end":{"line":35,"column":7}}},"3":{"name":"(anonymous_10)","decl":{"start":{"line":126,"column":36},"end":{"line":126,"column":43}},"loc":{"start":{"line":126,"column":75},"end":{"line":233,"column":2}}},"4":{"name":"(anonymous_11)","decl":{"start":{"line":126,"column":75},"end":{"line":126,"column":null}},"loc":{"start":{"line":126,"column":75},"end":{"line":233,"column":1}}},"5":{"name":"(anonymous_12)","decl":{"start":{"line":147,"column":32},"end":{"line":147,"column":33}},"loc":{"start":{"line":147,"column":43},"end":{"line":151,"column":7}}},"6":{"name":"(anonymous_13)","decl":{"start":{"line":235,"column":36},"end":{"line":235,"column":43}},"loc":{"start":{"line":235,"column":72},"end":{"line":251,"column":2}}},"7":{"name":"(anonymous_14)","decl":{"start":{"line":235,"column":72},"end":{"line":235,"column":null}},"loc":{"start":{"line":235,"column":72},"end":{"line":251,"column":1}}},"8":{"name":"(anonymous_15)","decl":{"start":{"line":253,"column":39},"end":{"line":253,"column":46}},"loc":{"start":{"line":253,"column":78},"end":{"line":274,"column":2}}},"9":{"name":"(anonymous_16)","decl":{"start":{"line":253,"column":78},"end":{"line":253,"column":null}},"loc":{"start":{"line":253,"column":78},"end":{"line":274,"column":1}}}},"branchMap":{"0":{"loc":{"start":{"line":14,"column":4},"end":{"line":17,"column":5}},"type":"if","locations":[{"start":{"line":14,"column":4},"end":{"line":17,"column":5}},{"start":{},"end":{}}]},"1":{"loc":{"start":{"line":14,"column":8},"end":{"line":14,"column":32}},"type":"binary-expr","locations":[{"start":{"line":14,"column":8},"end":{"line":14,"column":15}},{"start":{"line":14,"column":19},"end":{"line":14,"column":32}}]},"2":{"loc":{"start":{"line":25,"column":4},"end":{"line":37,"column":5}},"type":"if","locations":[{"start":{"line":25,"column":4},"end":{"line":37,"column":5}},{"start":{},"end":{}}]},"3":{"loc":{"start":{"line":26,"column":6},"end":{"line":28,"column":31}},"type":"binary-expr","locations":[{"start":{"line":26,"column":6},"end":{"line":26,"column":20}},{"start":{"line":27,"column":6},"end":{"line":27,"column":35}},{"start":{"line":28,"column":6},"end":{"line":28,"column":31}}]},"4":{"loc":{"start":{"line":33,"column":21},"end":{"line":33,"column":58}},"type":"cond-expr","locations":[{"start":{"line":33,"column":42},"end":{"line":33,"column":49}},{"start":{"line":33,"column":52},"end":{"line":33,"column":58}}]},"5":{"loc":{"start":{"line":54,"column":101},"end":{"line":54,"column":121}},"type":"binary-expr","locations":[{"start":{"line":54,"column":101},"end":{"line":54,"column":115}},{"start":{"line":54,"column":119},"end":{"line":54,"column":121}}]},"6":{"loc":{"start":{"line":68,"column":20},"end":{"line":68,"column":63}},"type":"binary-expr","locations":[{"start":{"line":68,"column":20},"end":{"line":68,"column":44}},{"start":{"line":68,"column":48},"end":{"line":68,"column":63}}]},"7":{"loc":{"start":{"line":68,"column":20},"end":{"line":68,"column":44}},"type":"cond-expr","locations":[{"start":{"line":68,"column":37},"end":{"line":68,"column":39}},{"start":{"line":68,"column":37},"end":{"line":68,"column":44}}]},"8":{"loc":{"start":{"line":68,"column":20},"end":{"line":68,"column":39}},"type":"binary-expr","locations":[{"start":{"line":68,"column":20},"end":{"line":68,"column":39}},{"start":{"line":68,"column":37},"end":{"line":68,"column":39}}]},"9":{"loc":{"start":{"line":77,"column":16},"end":{"line":77,"column":57}},"type":"binary-expr","locations":[{"start":{"line":77,"column":16},"end":{"line":77,"column":36}},{"start":{"line":77,"column":40},"end":{"line":77,"column":57}}]},"10":{"loc":{"start":{"line":87,"column":24},"end":{"line":87,"column":104}},"type":"binary-expr","locations":[{"start":{"line":87,"column":24},"end":{"line":87,"column":46}},{"start":{"line":87,"column":50},"end":{"line":87,"column":104}}]},"11":{"loc":{"start":{"line":99,"column":4},"end":{"line":118,"column":5}},"type":"if","locations":[{"start":{"line":99,"column":4},"end":{"line":118,"column":5}},{"start":{"line":111,"column":11},"end":{"line":118,"column":5}}]},"12":{"loc":{"start":{"line":106,"column":6},"end":{"line":110,"column":7}},"type":"if","locations":[{"start":{"line":106,"column":6},"end":{"line":110,"column":7}},{"start":{"line":108,"column":13},"end":{"line":110,"column":7}}]},"13":{"loc":{"start":{"line":132,"column":4},"end":{"line":135,"column":5}},"type":"if","locations":[{"start":{"line":132,"column":4},"end":{"line":135,"column":5}},{"start":{},"end":{}}]},"14":{"loc":{"start":{"line":132,"column":8},"end":{"line":132,"column":32}},"type":"binary-expr","locations":[{"start":{"line":132,"column":8},"end":{"line":132,"column":15}},{"start":{"line":132,"column":19},"end":{"line":132,"column":32}}]},"15":{"loc":{"start":{"line":141,"column":4},"end":{"line":153,"column":5}},"type":"if","locations":[{"start":{"line":141,"column":4},"end":{"line":153,"column":5}},{"start":{},"end":{}}]},"16":{"loc":{"start":{"line":142,"column":6},"end":{"line":144,"column":34}},"type":"binary-expr","locations":[{"start":{"line":142,"column":6},"end":{"line":142,"column":23}},{"start":{"line":143,"column":6},"end":{"line":143,"column":38}},{"start":{"line":144,"column":6},"end":{"line":144,"column":34}}]},"17":{"loc":{"start":{"line":149,"column":21},"end":{"line":149,"column":58}},"type":"cond-expr","locations":[{"start":{"line":149,"column":42},"end":{"line":149,"column":49}},{"start":{"line":149,"column":52},"end":{"line":149,"column":58}}]},"18":{"loc":{"start":{"line":169,"column":101},"end":{"line":169,"column":121}},"type":"binary-expr","locations":[{"start":{"line":169,"column":101},"end":{"line":169,"column":115}},{"start":{"line":169,"column":119},"end":{"line":169,"column":121}}]},"19":{"loc":{"start":{"line":177,"column":87},"end":{"line":177,"column":131}},"type":"binary-expr","locations":[{"start":{"line":177,"column":87},"end":{"line":177,"column":110}},{"start":{"line":177,"column":114},"end":{"line":177,"column":131}}]},"20":{"loc":{"start":{"line":177,"column":87},"end":{"line":177,"column":110}},"type":"cond-expr","locations":[{"start":{"line":177,"column":103},"end":{"line":177,"column":105}},{"start":{"line":177,"column":103},"end":{"line":177,"column":110}}]},"21":{"loc":{"start":{"line":177,"column":87},"end":{"line":177,"column":105}},"type":"binary-expr","locations":[{"start":{"line":177,"column":87},"end":{"line":177,"column":105}},{"start":{"line":177,"column":103},"end":{"line":177,"column":105}}]},"22":{"loc":{"start":{"line":181,"column":87},"end":{"line":181,"column":168}},"type":"binary-expr","locations":[{"start":{"line":181,"column":87},"end":{"line":181,"column":117}},{"start":{"line":181,"column":121},"end":{"line":181,"column":141}},{"start":{"line":181,"column":145},"end":{"line":181,"column":168}}]},"23":{"loc":{"start":{"line":181,"column":87},"end":{"line":181,"column":117}},"type":"cond-expr","locations":[{"start":{"line":181,"column":110},"end":{"line":181,"column":112}},{"start":{"line":181,"column":110},"end":{"line":181,"column":117}}]},"24":{"loc":{"start":{"line":181,"column":87},"end":{"line":181,"column":112}},"type":"binary-expr","locations":[{"start":{"line":181,"column":87},"end":{"line":181,"column":112}},{"start":{"line":181,"column":110},"end":{"line":181,"column":112}}]},"25":{"loc":{"start":{"line":188,"column":16},"end":{"line":188,"column":60}},"type":"binary-expr","locations":[{"start":{"line":188,"column":16},"end":{"line":188,"column":39}},{"start":{"line":188,"column":43},"end":{"line":188,"column":60}}]},"26":{"loc":{"start":{"line":198,"column":24},"end":{"line":198,"column":104}},"type":"binary-expr","locations":[{"start":{"line":198,"column":24},"end":{"line":198,"column":46}},{"start":{"line":198,"column":50},"end":{"line":198,"column":104}}]},"27":{"loc":{"start":{"line":208,"column":4},"end":{"line":227,"column":5}},"type":"if","locations":[{"start":{"line":208,"column":4},"end":{"line":227,"column":5}},{"start":{"line":220,"column":11},"end":{"line":227,"column":5}}]},"28":{"loc":{"start":{"line":215,"column":6},"end":{"line":219,"column":7}},"type":"if","locations":[{"start":{"line":215,"column":6},"end":{"line":219,"column":7}},{"start":{"line":217,"column":13},"end":{"line":219,"column":7}}]},"29":{"loc":{"start":{"line":241,"column":4},"end":{"line":244,"column":5}},"type":"if","locations":[{"start":{"line":241,"column":4},"end":{"line":244,"column":5}},{"start":{},"end":{}}]},"30":{"loc":{"start":{"line":241,"column":8},"end":{"line":241,"column":32}},"type":"binary-expr","locations":[{"start":{"line":241,"column":8},"end":{"line":241,"column":15}},{"start":{"line":241,"column":19},"end":{"line":241,"column":32}}]},"31":{"loc":{"start":{"line":247,"column":27},"end":{"line":247,"column":100}},"type":"binary-expr","locations":[{"start":{"line":247,"column":27},"end":{"line":247,"column":49}},{"start":{"line":247,"column":53},"end":{"line":247,"column":100}}]},"32":{"loc":{"start":{"line":259,"column":4},"end":{"line":262,"column":5}},"type":"if","locations":[{"start":{"line":259,"column":4},"end":{"line":262,"column":5}},{"start":{},"end":{}}]},"33":{"loc":{"start":{"line":259,"column":8},"end":{"line":259,"column":32}},"type":"binary-expr","locations":[{"start":{"line":259,"column":8},"end":{"line":259,"column":15}},{"start":{"line":259,"column":19},"end":{"line":259,"column":32}}]}},"s":{"0":10,"1":10,"2":10,"3":10,"4":10,"5":0,"6":0,"7":0,"8":0,"9":0,"10":0,"11":0,"12":0,"13":0,"14":0,"15":0,"16":0,"17":0,"18":0,"19":0,"20":0,"21":0,"22":0,"23":0,"24":0,"25":0,"26":0,"27":0,"28":0,"29":0,"30":0,"31":10,"32":10,"33":0,"34":0,"35":0,"36":0,"37":0,"38":0,"39":0,"40":0,"41":0,"42":0,"43":0,"44":0,"45":0,"46":0,"47":0,"48":0,"49":0,"50":0,"51":0,"52":0,"53":0,"54":0,"55":0,"56":0,"57":0,"58":10,"59":10,"60":0,"61":0,"62":0,"63":0,"64":0,"65":0,"66":0,"67":0,"68":0,"69":10,"70":10,"71":0,"72":0,"73":0,"74":0,"75":0,"76":0,"77":0,"78":0,"79":0,"80":0,"81":10},"f":{"0":0,"1":0,"2":0,"3":0,"4":0,"5":0,"6":0,"7":0,"8":0,"9":0},"b":{"0":[0,0],"1":[0,0],"2":[0,0],"3":[0,0,0],"4":[0,0],"5":[0,0],"6":[0,0],"7":[0,0],"8":[0,0],"9":[0,0],"10":[0,0],"11":[0,0],"12":[0,0],"13":[0,0],"14":[0,0],"15":[0,0],"16":[0,0,0],"17":[0,0],"18":[0,0],"19":[0,0],"20":[0,0],"21":[0,0],"22":[0,0,0],"23":[0,0],"24":[0,0],"25":[0,0],"26":[0,0],"27":[0,0],"28":[0,0],"29":[0,0],"30":[0,0],"31":[0,0],"32":[0,0],"33":[0,0]}}
,"/Users/axzy/DEV/CHECK/FANSAL/API/src/core/utils/logger.ts": {"path":"/Users/axzy/DEV/CHECK/FANSAL/API/src/core/utils/logger.ts","statementMap":{"0":{"start":{"line":1,"column":0},"end":{"line":1,"column":30}},"1":{"start":{"line":2,"column":0},"end":{"line":2,"column":43}},"2":{"start":{"line":4,"column":57},"end":{"line":4,"column":71}},"3":{"start":{"line":6,"column":18},"end":{"line":8,"column":2}},"4":{"start":{"line":7,"column":2},"end":{"line":7,"column":56}},"5":{"start":{"line":10,"column":13},"end":{"line":24,"column":3}}},"fnMap":{"0":{"name":"(anonymous_1)","decl":{"start":{"line":6,"column":25},"end":{"line":6,"column":26}},"loc":{"start":{"line":6,"column":66},"end":{"line":8,"column":1}}}},"branchMap":{"0":{"loc":{"start":{"line":7,"column":37},"end":{"line":7,"column":53}},"type":"binary-expr","locations":[{"start":{"line":7,"column":37},"end":{"line":7,"column":42}},{"start":{"line":7,"column":46},"end":{"line":7,"column":53}}]},"1":{"loc":{"start":{"line":11,"column":9},"end":{"line":11,"column":58}},"type":"cond-expr","locations":[{"start":{"line":11,"column":42},"end":{"line":11,"column":49}},{"start":{"line":11,"column":52},"end":{"line":11,"column":58}}]},"2":{"loc":{"start":{"line":15,"column":4},"end":{"line":15,"column":77}},"type":"cond-expr","locations":[{"start":{"line":15,"column":37},"end":{"line":15,"column":47}},{"start":{"line":15,"column":50},"end":{"line":15,"column":77}}]}},"s":{"0":12,"1":12,"2":12,"3":12,"4":11,"5":12},"f":{"0":11},"b":{"0":[11,11],"1":[0,12],"2":[0,12]}}
,"/Users/axzy/DEV/CHECK/FANSAL/API/src/core/utils/prisma-pagination.utils.ts": {"path":"/Users/axzy/DEV/CHECK/FANSAL/API/src/core/utils/prisma-pagination.utils.ts","statementMap":{"0":{"start":{"line":7,"column":0},"end":{"line":7,"column":16}},"1":{"start":{"line":8,"column":55},"end":{"line":8,"column":67}},"2":{"start":{"line":11,"column":15},"end":{"line":11,"column":34}},"3":{"start":{"line":12,"column":15},"end":{"line":12,"column":53}},"4":{"start":{"line":15,"column":18},"end":{"line":17,"column":36}},"5":{"start":{"line":20,"column":21},"end":{"line":20,"column":23}},"6":{"start":{"line":22,"column":2},"end":{"line":57,"column":3}},"7":{"start":{"line":23,"column":4},"end":{"line":56,"column":7}},"8":{"start":{"line":24,"column":6},"end":{"line":24,"column":96}},"9":{"start":{"line":24,"column":89},"end":{"line":24,"column":96}},"10":{"start":{"line":27,"column":6},"end":{"line":55,"column":7}},"11":{"start":{"line":29,"column":8},"end":{"line":35,"column":9}},"12":{"start":{"line":30,"column":27},"end":{"line":30,"column":40}},"13":{"start":{"line":31,"column":10},"end":{"line":34,"column":11}},"14":{"start":{"line":32,"column":12},"end":{"line":32,"column":34}},"15":{"start":{"line":33,"column":12},"end":{"line":33,"column":19}},"16":{"start":{"line":38,"column":31},"end":{"line":38,"column":97}},"17":{"start":{"line":39,"column":30},"end":{"line":39,"column":53}},"18":{"start":{"line":41,"column":8},"end":{"line":44,"column":9}},"19":{"start":{"line":42,"column":12},"end":{"line":42,"column":31}},"20":{"start":{"line":43,"column":12},"end":{"line":43,"column":19}},"21":{"start":{"line":47,"column":8},"end":{"line":50,"column":10}},"22":{"start":{"line":54,"column":8},"end":{"line":54,"column":27}},"23":{"start":{"line":59,"column":2},"end":{"line":64,"column":4}}},"fnMap":{"0":{"name":"getPrismaPaginationParams","decl":{"start":{"line":7,"column":16},"end":{"line":7,"column":41}},"loc":{"start":{"line":7,"column":72},"end":{"line":65,"column":1}}},"1":{"name":"(anonymous_1)","decl":{"start":{"line":23,"column":36},"end":{"line":23,"column":37}},"loc":{"start":{"line":23,"column":53},"end":{"line":56,"column":5}}}},"branchMap":{"0":{"loc":{"start":{"line":8,"column":10},"end":{"line":8,"column":18}},"type":"default-arg","locations":[{"start":{"line":8,"column":17},"end":{"line":8,"column":18}}]},"1":{"loc":{"start":{"line":8,"column":20},"end":{"line":8,"column":30}},"type":"default-arg","locations":[{"start":{"line":8,"column":28},"end":{"line":8,"column":30}}]},"2":{"loc":{"start":{"line":8,"column":32},"end":{"line":8,"column":44}},"type":"default-arg","locations":[{"start":{"line":8,"column":42},"end":{"line":8,"column":44}}]},"3":{"loc":{"start":{"line":8,"column":55},"end":{"line":8,"column":67}},"type":"binary-expr","locations":[{"start":{"line":8,"column":55},"end":{"line":8,"column":61}},{"start":{"line":8,"column":65},"end":{"line":8,"column":67}}]},"4":{"loc":{"start":{"line":11,"column":15},"end":{"line":11,"column":34}},"type":"binary-expr","locations":[{"start":{"line":11,"column":15},"end":{"line":11,"column":28}},{"start":{"line":11,"column":32},"end":{"line":11,"column":34}}]},"5":{"loc":{"start":{"line":15,"column":18},"end":{"line":17,"column":36}},"type":"cond-expr","locations":[{"start":{"line":16,"column":6},"end":{"line":16,"column":45}},{"start":{"line":17,"column":6},"end":{"line":17,"column":36}}]},"6":{"loc":{"start":{"line":15,"column":18},"end":{"line":15,"column":27}},"type":"cond-expr","locations":[{"start":{"line":15,"column":22},"end":{"line":15,"column":24}},{"start":{"line":15,"column":18},"end":{"line":15,"column":27}}]},"7":{"loc":{"start":{"line":15,"column":18},"end":{"line":15,"column":24}},"type":"binary-expr","locations":[{"start":{"line":15,"column":18},"end":{"line":15,"column":24}},{"start":{"line":15,"column":18},"end":{"line":15,"column":24}}]},"8":{"loc":{"start":{"line":16,"column":20},"end":{"line":16,"column":43}},"type":"binary-expr","locations":[{"start":{"line":16,"column":20},"end":{"line":16,"column":34}},{"start":{"line":16,"column":38},"end":{"line":16,"column":43}}]},"9":{"loc":{"start":{"line":22,"column":2},"end":{"line":57,"column":3}},"type":"if","locations":[{"start":{"line":22,"column":2},"end":{"line":57,"column":3}},{"start":{},"end":{}}]},"10":{"loc":{"start":{"line":24,"column":6},"end":{"line":24,"column":96}},"type":"if","locations":[{"start":{"line":24,"column":6},"end":{"line":24,"column":96}},{"start":{},"end":{}}]},"11":{"loc":{"start":{"line":24,"column":10},"end":{"line":24,"column":87}},"type":"binary-expr","locations":[{"start":{"line":24,"column":10},"end":{"line":24,"column":29}},{"start":{"line":24,"column":33},"end":{"line":24,"column":47}},{"start":{"line":24,"column":51},"end":{"line":24,"column":63}},{"start":{"line":24,"column":67},"end":{"line":24,"column":87}}]},"12":{"loc":{"start":{"line":27,"column":6},"end":{"line":55,"column":7}},"type":"if","locations":[{"start":{"line":27,"column":6},"end":{"line":55,"column":7}},{"start":{"line":53,"column":11},"end":{"line":55,"column":7}}]},"13":{"loc":{"start":{"line":29,"column":8},"end":{"line":35,"column":9}},"type":"if","locations":[{"start":{"line":29,"column":8},"end":{"line":35,"column":9}},{"start":{},"end":{}}]},"14":{"loc":{"start":{"line":31,"column":10},"end":{"line":34,"column":11}},"type":"if","locations":[{"start":{"line":31,"column":10},"end":{"line":34,"column":11}},{"start":{},"end":{}}]},"15":{"loc":{"start":{"line":41,"column":8},"end":{"line":44,"column":9}},"type":"if","locations":[{"start":{"line":41,"column":8},"end":{"line":44,"column":9}},{"start":{},"end":{}}]},"16":{"loc":{"start":{"line":41,"column":12},"end":{"line":41,"column":43}},"type":"binary-expr","locations":[{"start":{"line":41,"column":12},"end":{"line":41,"column":26}},{"start":{"line":41,"column":30},"end":{"line":41,"column":43}}]}},"s":{"0":12,"1":5,"2":5,"3":5,"4":5,"5":5,"6":5,"7":5,"8":6,"9":0,"10":6,"11":5,"12":1,"13":1,"14":0,"15":0,"16":5,"17":5,"18":5,"19":1,"20":1,"21":4,"22":1,"23":5},"f":{"0":5,"1":6},"b":{"0":[4],"1":[4],"2":[1],"3":[5,0],"4":[5,0],"5":[1,4],"6":[4,1],"7":[5,5],"8":[1,0],"9":[5,0],"10":[0,6],"11":[6,6,6,6],"12":[5,1],"13":[1,4],"14":[0,1],"15":[1,4],"16":[5,1]}}
,"/Users/axzy/DEV/CHECK/FANSAL/API/src/core/utils/security.ts": {"path":"/Users/axzy/DEV/CHECK/FANSAL/API/src/core/utils/security.ts","statementMap":{"0":{"start":{"line":1,"column":0},"end":{"line":1,"column":52}},"1":{"start":{"line":2,"column":0},"end":{"line":2,"column":30}},"2":{"start":{"line":3,"column":0},"end":{"line":3,"column":31}},"3":{"start":{"line":5,"column":28},"end":{"line":6,"column":34}},"4":{"start":{"line":5,"column":55},"end":{"line":6,"column":34}},"5":{"start":{"line":6,"column":2},"end":{"line":6,"column":34}},"6":{"start":{"line":5,"column":13},"end":{"line":5,"column":28}},"7":{"start":{"line":8,"column":31},"end":{"line":9,"column":39}},"8":{"start":{"line":8,"column":72},"end":{"line":9,"column":39}},"9":{"start":{"line":9,"column":2},"end":{"line":9,"column":39}},"10":{"start":{"line":8,"column":13},"end":{"line":8,"column":31}},"11":{"start":{"line":11,"column":27},"end":{"line":14,"column":5}},"12":{"start":{"line":11,"column":55},"end":{"line":14,"column":5}},"13":{"start":{"line":12,"column":2},"end":{"line":14,"column":5}},"14":{"start":{"line":11,"column":13},"end":{"line":11,"column":27}},"15":{"start":{"line":16,"column":29},"end":{"line":19,"column":5}},"16":{"start":{"line":16,"column":53},"end":{"line":19,"column":5}},"17":{"start":{"line":17,"column":2},"end":{"line":19,"column":5}},"18":{"start":{"line":16,"column":13},"end":{"line":16,"column":29}},"19":{"start":{"line":21,"column":27},"end":{"line":22,"column":31}},"20":{"start":{"line":21,"column":51},"end":{"line":22,"column":31}},"21":{"start":{"line":22,"column":2},"end":{"line":22,"column":31}},"22":{"start":{"line":21,"column":13},"end":{"line":21,"column":27}}},"fnMap":{"0":{"name":"(anonymous_8)","decl":{"start":{"line":5,"column":28},"end":{"line":5,"column":35}},"loc":{"start":{"line":5,"column":55},"end":{"line":6,"column":34}}},"1":{"name":"(anonymous_9)","decl":{"start":{"line":5,"column":55},"end":{"line":5,"column":null}},"loc":{"start":{"line":5,"column":55},"end":{"line":6,"column":34}}},"2":{"name":"(anonymous_10)","decl":{"start":{"line":8,"column":31},"end":{"line":8,"column":38}},"loc":{"start":{"line":8,"column":72},"end":{"line":9,"column":39}}},"3":{"name":"(anonymous_11)","decl":{"start":{"line":8,"column":72},"end":{"line":8,"column":null}},"loc":{"start":{"line":8,"column":72},"end":{"line":9,"column":39}}},"4":{"name":"(anonymous_12)","decl":{"start":{"line":11,"column":27},"end":{"line":11,"column":34}},"loc":{"start":{"line":11,"column":55},"end":{"line":14,"column":5}}},"5":{"name":"(anonymous_13)","decl":{"start":{"line":11,"column":55},"end":{"line":11,"column":null}},"loc":{"start":{"line":11,"column":55},"end":{"line":14,"column":5}}},"6":{"name":"(anonymous_14)","decl":{"start":{"line":16,"column":29},"end":{"line":16,"column":36}},"loc":{"start":{"line":16,"column":53},"end":{"line":19,"column":5}}},"7":{"name":"(anonymous_15)","decl":{"start":{"line":16,"column":53},"end":{"line":16,"column":null}},"loc":{"start":{"line":16,"column":53},"end":{"line":19,"column":5}}},"8":{"name":"(anonymous_16)","decl":{"start":{"line":21,"column":27},"end":{"line":21,"column":34}},"loc":{"start":{"line":21,"column":51},"end":{"line":22,"column":31}}},"9":{"name":"(anonymous_17)","decl":{"start":{"line":21,"column":51},"end":{"line":21,"column":null}},"loc":{"start":{"line":21,"column":51},"end":{"line":22,"column":31}}}},"branchMap":{},"s":{"0":12,"1":12,"2":12,"3":12,"4":10,"5":10,"6":12,"7":12,"8":1,"9":1,"10":12,"11":12,"12":1,"13":1,"14":12,"15":12,"16":0,"17":0,"18":12,"19":12,"20":0,"21":0,"22":12},"f":{"0":10,"1":10,"2":1,"3":1,"4":1,"5":1,"6":0,"7":0,"8":0,"9":0},"b":{}}
,"/Users/axzy/DEV/CHECK/FANSAL/API/src/core/utils/shift.utils.ts": {"path":"/Users/axzy/DEV/CHECK/FANSAL/API/src/core/utils/shift.utils.ts","statementMap":{"0":{"start":{"line":1,"column":0},"end":{"line":1,"column":56}},"1":{"start":{"line":2,"column":0},"end":{"line":2,"column":46}},"2":{"start":{"line":4,"column":30},"end":{"line":18,"column":1}},"3":{"start":{"line":5,"column":2},"end":{"line":5,"column":73}},"4":{"start":{"line":5,"column":46},"end":{"line":5,"column":73}},"5":{"start":{"line":7,"column":2},"end":{"line":9,"column":3}},"6":{"start":{"line":8,"column":4},"end":{"line":8,"column":101}},"7":{"start":{"line":11,"column":18},"end":{"line":11,"column":59}},"8":{"start":{"line":13,"column":2},"end":{"line":15,"column":3}},"9":{"start":{"line":14,"column":4},"end":{"line":14,"column":70}},"10":{"start":{"line":17,"column":2},"end":{"line":17,"column":29}},"11":{"start":{"line":4,"column":13},"end":{"line":4,"column":30}}},"fnMap":{"0":{"name":"(anonymous_0)","decl":{"start":{"line":4,"column":30},"end":{"line":4,"column":31}},"loc":{"start":{"line":4,"column":111},"end":{"line":18,"column":1}}}},"branchMap":{"0":{"loc":{"start":{"line":5,"column":2},"end":{"line":5,"column":73}},"type":"if","locations":[{"start":{"line":5,"column":2},"end":{"line":5,"column":73}},{"start":{},"end":{}}]},"1":{"loc":{"start":{"line":7,"column":2},"end":{"line":9,"column":3}},"type":"if","locations":[{"start":{"line":7,"column":2},"end":{"line":9,"column":3}},{"start":{},"end":{}}]},"2":{"loc":{"start":{"line":7,"column":6},"end":{"line":7,"column":40}},"type":"binary-expr","locations":[{"start":{"line":7,"column":6},"end":{"line":7,"column":22}},{"start":{"line":7,"column":26},"end":{"line":7,"column":40}}]},"3":{"loc":{"start":{"line":13,"column":2},"end":{"line":15,"column":3}},"type":"if","locations":[{"start":{"line":13,"column":2},"end":{"line":15,"column":3}},{"start":{},"end":{}}]}},"s":{"0":13,"1":13,"2":13,"3":5,"4":2,"5":3,"6":1,"7":2,"8":2,"9":1,"10":1,"11":13},"f":{"0":5},"b":{"0":[2,3],"1":[1,2],"2":[3,2],"3":[1,1]}}
,"/Users/axzy/DEV/CHECK/FANSAL/API/src/modules/api.router.ts": {"path":"/Users/axzy/DEV/CHECK/FANSAL/API/src/modules/api.router.ts","statementMap":{"0":{"start":{"line":1,"column":0},"end":{"line":1,"column":33}},"1":{"start":{"line":3,"column":0},"end":{"line":3,"column":40}},"2":{"start":{"line":4,"column":0},"end":{"line":4,"column":44}},"3":{"start":{"line":5,"column":0},"end":{"line":5,"column":58}},"4":{"start":{"line":6,"column":0},"end":{"line":6,"column":49}},"5":{"start":{"line":7,"column":0},"end":{"line":7,"column":49}},"6":{"start":{"line":8,"column":0},"end":{"line":8,"column":63}},"7":{"start":{"line":9,"column":0},"end":{"line":9,"column":56}},"8":{"start":{"line":10,"column":0},"end":{"line":10,"column":47}},"9":{"start":{"line":11,"column":0},"end":{"line":11,"column":56}},"10":{"start":{"line":12,"column":0},"end":{"line":12,"column":64}},"11":{"start":{"line":13,"column":0},"end":{"line":13,"column":50}},"12":{"start":{"line":14,"column":0},"end":{"line":14,"column":52}},"13":{"start":{"line":15,"column":0},"end":{"line":15,"column":52}},"14":{"start":{"line":16,"column":0},"end":{"line":16,"column":46}},"15":{"start":{"line":17,"column":0},"end":{"line":17,"column":58}},"16":{"start":{"line":18,"column":0},"end":{"line":18,"column":55}},"17":{"start":{"line":19,"column":0},"end":{"line":19,"column":43}},"18":{"start":{"line":20,"column":0},"end":{"line":20,"column":43}},"19":{"start":{"line":22,"column":18},"end":{"line":22,"column":26}},"20":{"start":{"line":24,"column":0},"end":{"line":24,"column":31}},"21":{"start":{"line":25,"column":0},"end":{"line":25,"column":34}},"22":{"start":{"line":26,"column":0},"end":{"line":26,"column":35}},"23":{"start":{"line":27,"column":0},"end":{"line":27,"column":44}},"24":{"start":{"line":28,"column":0},"end":{"line":28,"column":39}},"25":{"start":{"line":29,"column":0},"end":{"line":29,"column":38}},"26":{"start":{"line":30,"column":0},"end":{"line":30,"column":48}},"27":{"start":{"line":31,"column":0},"end":{"line":31,"column":43}},"28":{"start":{"line":32,"column":0},"end":{"line":32,"column":37}},"29":{"start":{"line":33,"column":0},"end":{"line":33,"column":43}},"30":{"start":{"line":34,"column":0},"end":{"line":34,"column":48}},"31":{"start":{"line":35,"column":0},"end":{"line":35,"column":39}},"32":{"start":{"line":36,"column":0},"end":{"line":36,"column":40}},"33":{"start":{"line":37,"column":0},"end":{"line":37,"column":40}},"34":{"start":{"line":38,"column":0},"end":{"line":38,"column":36}},"35":{"start":{"line":39,"column":0},"end":{"line":39,"column":44}},"36":{"start":{"line":40,"column":0},"end":{"line":40,"column":42}},"37":{"start":{"line":41,"column":0},"end":{"line":41,"column":34}},"38":{"start":{"line":43,"column":0},"end":{"line":43,"column":25}}},"fnMap":{},"branchMap":{},"s":{"0":12,"1":12,"2":12,"3":12,"4":12,"5":12,"6":12,"7":12,"8":12,"9":12,"10":12,"11":12,"12":12,"13":12,"14":12,"15":12,"16":12,"17":12,"18":12,"19":12,"20":12,"21":12,"22":12,"23":12,"24":12,"25":12,"26":12,"27":12,"28":12,"29":12,"30":12,"31":12,"32":12,"33":12,"34":12,"35":12,"36":12,"37":12,"38":12},"f":{},"b":{}}
,"/Users/axzy/DEV/CHECK/FANSAL/API/src/modules/index.controller.ts": {"path":"/Users/axzy/DEV/CHECK/FANSAL/API/src/modules/index.controller.ts","statementMap":{"0":{"start":{"line":1,"column":0},"end":{"line":1,"column":65}},"1":{"start":{"line":4,"column":26},"end":{"line":10,"column":2}},"2":{"start":{"line":4,"column":64},"end":{"line":10,"column":2}},"3":{"start":{"line":5,"column":2},"end":{"line":9,"column":4}},"4":{"start":{"line":4,"column":13},"end":{"line":4,"column":26}}},"fnMap":{"0":{"name":"(anonymous_7)","decl":{"start":{"line":4,"column":26},"end":{"line":4,"column":33}},"loc":{"start":{"line":4,"column":64},"end":{"line":10,"column":2}}},"1":{"name":"(anonymous_8)","decl":{"start":{"line":4,"column":64},"end":{"line":4,"column":null}},"loc":{"start":{"line":4,"column":64},"end":{"line":10,"column":1}}}},"branchMap":{},"s":{"0":12,"1":12,"2":0,"3":0,"4":12},"f":{"0":0,"1":0},"b":{}}
,"/Users/axzy/DEV/CHECK/FANSAL/API/src/modules/index.routes.ts": {"path":"/Users/axzy/DEV/CHECK/FANSAL/API/src/modules/index.routes.ts","statementMap":{"0":{"start":{"line":1,"column":0},"end":{"line":1,"column":59}},"1":{"start":{"line":2,"column":0},"end":{"line":2,"column":30}},"2":{"start":{"line":4,"column":15},"end":{"line":4,"column":31}},"3":{"start":{"line":6,"column":0},"end":{"line":6,"column":28}},"4":{"start":{"line":8,"column":0},"end":{"line":8,"column":22}}},"fnMap":{},"branchMap":{},"s":{"0":12,"1":12,"2":12,"3":12,"4":12},"f":{},"b":{}}
,"/Users/axzy/DEV/CHECK/FANSAL/API/src/modules/assignments/assignment.controller.ts": {"path":"/Users/axzy/DEV/CHECK/FANSAL/API/src/modules/assignments/assignment.controller.ts","statementMap":{"0":{"start":{"line":2,"column":0},"end":{"line":2,"column":58}},"1":{"start":{"line":3,"column":0},"end":{"line":3,"column":65}},"2":{"start":{"line":6,"column":28},"end":{"line":17,"column":2}},"3":{"start":{"line":10,"column":4},"end":{"line":17,"column":2}},"4":{"start":{"line":11,"column":2},"end":{"line":16,"column":3}},"5":{"start":{"line":12,"column":19},"end":{"line":12,"column":76}},"6":{"start":{"line":13,"column":4},"end":{"line":13,"column":55}},"7":{"start":{"line":15,"column":4},"end":{"line":15,"column":16}},"8":{"start":{"line":6,"column":13},"end":{"line":6,"column":28}},"9":{"start":{"line":19,"column":32},"end":{"line":30,"column":2}},"10":{"start":{"line":23,"column":4},"end":{"line":30,"column":2}},"11":{"start":{"line":24,"column":2},"end":{"line":29,"column":3}},"12":{"start":{"line":25,"column":19},"end":{"line":25,"column":69}},"13":{"start":{"line":26,"column":4},"end":{"line":26,"column":55}},"14":{"start":{"line":28,"column":4},"end":{"line":28,"column":16}},"15":{"start":{"line":19,"column":13},"end":{"line":19,"column":32}},"16":{"start":{"line":32,"column":32},"end":{"line":47,"column":2}},"17":{"start":{"line":32,"column":70},"end":{"line":47,"column":2}},"18":{"start":{"line":33,"column":2},"end":{"line":46,"column":3}},"19":{"start":{"line":35,"column":19},"end":{"line":35,"column":41}},"20":{"start":{"line":36,"column":38},"end":{"line":36,"column":47}},"21":{"start":{"line":37,"column":20},"end":{"line":37,"column":54}},"22":{"start":{"line":39,"column":4},"end":{"line":40,"column":73}},"23":{"start":{"line":40,"column":6},"end":{"line":40,"column":73}},"24":{"start":{"line":42,"column":19},"end":{"line":42,"column":73}},"25":{"start":{"line":43,"column":4},"end":{"line":43,"column":55}},"26":{"start":{"line":45,"column":4},"end":{"line":45,"column":68}},"27":{"start":{"line":32,"column":13},"end":{"line":32,"column":32}},"28":{"start":{"line":49,"column":33},"end":{"line":61,"column":2}},"29":{"start":{"line":49,"column":71},"end":{"line":61,"column":2}},"30":{"start":{"line":50,"column":2},"end":{"line":60,"column":3}},"31":{"start":{"line":51,"column":36},"end":{"line":51,"column":45}},"32":{"start":{"line":52,"column":19},"end":{"line":56,"column":6}},"33":{"start":{"line":57,"column":4},"end":{"line":57,"column":55}},"34":{"start":{"line":59,"column":4},"end":{"line":59,"column":68}},"35":{"start":{"line":49,"column":13},"end":{"line":49,"column":33}},"36":{"start":{"line":63,"column":28},"end":{"line":72,"column":2}},"37":{"start":{"line":63,"column":66},"end":{"line":72,"column":2}},"38":{"start":{"line":64,"column":2},"end":{"line":71,"column":3}},"39":{"start":{"line":65,"column":19},"end":{"line":65,"column":29}},"40":{"start":{"line":66,"column":23},"end":{"line":66,"column":31}},"41":{"start":{"line":67,"column":19},"end":{"line":67,"column":77}},"42":{"start":{"line":68,"column":4},"end":{"line":68,"column":55}},"43":{"start":{"line":70,"column":4},"end":{"line":70,"column":68}},"44":{"start":{"line":63,"column":13},"end":{"line":63,"column":28}},"45":{"start":{"line":74,"column":26},"end":{"line":82,"column":2}},"46":{"start":{"line":74,"column":64},"end":{"line":82,"column":2}},"47":{"start":{"line":75,"column":2},"end":{"line":81,"column":3}},"48":{"start":{"line":76,"column":23},"end":{"line":76,"column":33}},"49":{"start":{"line":77,"column":19},"end":{"line":77,"column":71}},"50":{"start":{"line":78,"column":4},"end":{"line":78,"column":55}},"51":{"start":{"line":80,"column":4},"end":{"line":80,"column":68}},"52":{"start":{"line":74,"column":13},"end":{"line":74,"column":26}}},"fnMap":{"0":{"name":"(anonymous_13)","decl":{"start":{"line":6,"column":28},"end":{"line":6,"column":null}},"loc":{"start":{"line":10,"column":4},"end":{"line":17,"column":2}}},"1":{"name":"(anonymous_14)","decl":{"start":{"line":10,"column":4},"end":{"line":10,"column":null}},"loc":{"start":{"line":10,"column":4},"end":{"line":17,"column":1}}},"2":{"name":"(anonymous_15)","decl":{"start":{"line":19,"column":32},"end":{"line":19,"column":null}},"loc":{"start":{"line":23,"column":4},"end":{"line":30,"column":2}}},"3":{"name":"(anonymous_16)","decl":{"start":{"line":23,"column":4},"end":{"line":23,"column":null}},"loc":{"start":{"line":23,"column":4},"end":{"line":30,"column":1}}},"4":{"name":"(anonymous_17)","decl":{"start":{"line":32,"column":32},"end":{"line":32,"column":39}},"loc":{"start":{"line":32,"column":70},"end":{"line":47,"column":2}}},"5":{"name":"(anonymous_18)","decl":{"start":{"line":32,"column":70},"end":{"line":32,"column":null}},"loc":{"start":{"line":32,"column":70},"end":{"line":47,"column":1}}},"6":{"name":"(anonymous_19)","decl":{"start":{"line":49,"column":33},"end":{"line":49,"column":40}},"loc":{"start":{"line":49,"column":71},"end":{"line":61,"column":2}}},"7":{"name":"(anonymous_20)","decl":{"start":{"line":49,"column":71},"end":{"line":49,"column":null}},"loc":{"start":{"line":49,"column":71},"end":{"line":61,"column":1}}},"8":{"name":"(anonymous_21)","decl":{"start":{"line":63,"column":28},"end":{"line":63,"column":35}},"loc":{"start":{"line":63,"column":66},"end":{"line":72,"column":2}}},"9":{"name":"(anonymous_22)","decl":{"start":{"line":63,"column":66},"end":{"line":63,"column":null}},"loc":{"start":{"line":63,"column":66},"end":{"line":72,"column":1}}},"10":{"name":"(anonymous_23)","decl":{"start":{"line":74,"column":26},"end":{"line":74,"column":33}},"loc":{"start":{"line":74,"column":64},"end":{"line":82,"column":2}}},"11":{"name":"(anonymous_24)","decl":{"start":{"line":74,"column":64},"end":{"line":74,"column":null}},"loc":{"start":{"line":74,"column":64},"end":{"line":82,"column":1}}}},"branchMap":{"0":{"loc":{"start":{"line":35,"column":19},"end":{"line":35,"column":41}},"type":"cond-expr","locations":[{"start":{"line":35,"column":27},"end":{"line":35,"column":29}},{"start":{"line":35,"column":27},"end":{"line":35,"column":41}}]},"1":{"loc":{"start":{"line":35,"column":19},"end":{"line":35,"column":29}},"type":"binary-expr","locations":[{"start":{"line":35,"column":19},"end":{"line":35,"column":29}},{"start":{"line":35,"column":27},"end":{"line":35,"column":29}}]},"2":{"loc":{"start":{"line":37,"column":20},"end":{"line":37,"column":54}},"type":"binary-expr","locations":[{"start":{"line":37,"column":20},"end":{"line":37,"column":26}},{"start":{"line":37,"column":31},"end":{"line":37,"column":54}}]},"3":{"loc":{"start":{"line":39,"column":4},"end":{"line":40,"column":73}},"type":"if","locations":[{"start":{"line":39,"column":4},"end":{"line":40,"column":73}},{"start":{},"end":{}}]}},"s":{"0":12,"1":12,"2":12,"3":0,"4":0,"5":0,"6":0,"7":0,"8":12,"9":12,"10":0,"11":0,"12":0,"13":0,"14":0,"15":12,"16":12,"17":0,"18":0,"19":0,"20":0,"21":0,"22":0,"23":0,"24":0,"25":0,"26":0,"27":12,"28":12,"29":0,"30":0,"31":0,"32":0,"33":0,"34":0,"35":12,"36":12,"37":0,"38":0,"39":0,"40":0,"41":0,"42":0,"43":0,"44":12,"45":12,"46":0,"47":0,"48":0,"49":0,"50":0,"51":0,"52":12},"f":{"0":0,"1":0,"2":0,"3":0,"4":0,"5":0,"6":0,"7":0,"8":0,"9":0,"10":0,"11":0},"b":{"0":[0,0],"1":[0,0],"2":[0,0],"3":[0,0]}}
,"/Users/axzy/DEV/CHECK/FANSAL/API/src/modules/assignments/assignment.routes.ts": {"path":"/Users/axzy/DEV/CHECK/FANSAL/API/src/modules/assignments/assignment.routes.ts","statementMap":{"0":{"start":{"line":2,"column":0},"end":{"line":2,"column":33}},"1":{"start":{"line":3,"column":0},"end":{"line":3,"column":136}},"2":{"start":{"line":4,"column":0},"end":{"line":4,"column":80}},"3":{"start":{"line":5,"column":0},"end":{"line":5,"column":70}},"4":{"start":{"line":6,"column":0},"end":{"line":6,"column":69}},"5":{"start":{"line":7,"column":0},"end":{"line":7,"column":69}},"6":{"start":{"line":9,"column":15},"end":{"line":9,"column":23}},"7":{"start":{"line":12,"column":0},"end":{"line":18,"column":2}},"8":{"start":{"line":19,"column":0},"end":{"line":24,"column":2}},"9":{"start":{"line":25,"column":0},"end":{"line":30,"column":2}},"10":{"start":{"line":31,"column":0},"end":{"line":36,"column":2}},"11":{"start":{"line":39,"column":0},"end":{"line":39,"column":50}},"12":{"start":{"line":42,"column":0},"end":{"line":42,"column":56}},"13":{"start":{"line":43,"column":0},"end":{"line":43,"column":64}},"14":{"start":{"line":45,"column":0},"end":{"line":45,"column":22}}},"fnMap":{},"branchMap":{},"s":{"0":12,"1":12,"2":12,"3":12,"4":12,"5":12,"6":12,"7":12,"8":12,"9":12,"10":12,"11":12,"12":12,"13":12,"14":12},"f":{},"b":{}}
,"/Users/axzy/DEV/CHECK/FANSAL/API/src/modules/assignments/assignment.service.ts": {"path":"/Users/axzy/DEV/CHECK/FANSAL/API/src/modules/assignments/assignment.service.ts","statementMap":{"0":{"start":{"line":2,"column":0},"end":{"line":2,"column":57}},"1":{"start":{"line":3,"column":0},"end":{"line":3,"column":64}},"2":{"start":{"line":5,"column":0},"end":{"line":5,"column":84}},"3":{"start":{"line":6,"column":0},"end":{"line":6,"column":54}},"4":{"start":{"line":7,"column":0},"end":{"line":7,"column":90}},"5":{"start":{"line":10,"column":0},"end":{"line":10,"column":53}},"6":{"start":{"line":12,"column":15},"end":{"line":12,"column":27}},"7":{"start":{"line":14,"column":39},"end":{"line":40,"column":2}},"8":{"start":{"line":14,"column":115},"end":{"line":40,"column":2}},"9":{"start":{"line":15,"column":23},"end":{"line":15,"column":56}},"10":{"start":{"line":18,"column":2},"end":{"line":23,"column":3}},"11":{"start":{"line":19,"column":4},"end":{"line":21,"column":6}},"12":{"start":{"line":22,"column":4},"end":{"line":22,"column":39}},"13":{"start":{"line":25,"column":24},"end":{"line":37,"column":4}},"14":{"start":{"line":39,"column":2},"end":{"line":39,"column":25}},"15":{"start":{"line":14,"column":13},"end":{"line":14,"column":39}},"16":{"start":{"line":43,"column":32},"end":{"line":96,"column":2}},"17":{"start":{"line":43,"column":71},"end":{"line":96,"column":2}},"18":{"start":{"line":45,"column":16},"end":{"line":48,"column":4}},"19":{"start":{"line":50,"column":2},"end":{"line":52,"column":3}},"20":{"start":{"line":51,"column":4},"end":{"line":51,"column":142}},"21":{"start":{"line":55,"column":27},"end":{"line":68,"column":4}},"22":{"start":{"line":70,"column":2},"end":{"line":72,"column":3}},"23":{"start":{"line":71,"column":4},"end":{"line":71,"column":94}},"24":{"start":{"line":74,"column":2},"end":{"line":95,"column":5}},"25":{"start":{"line":82,"column":39},"end":{"line":85,"column":10}},"26":{"start":{"line":43,"column":13},"end":{"line":43,"column":32}},"27":{"start":{"line":99,"column":37},"end":{"line":113,"column":2}},"28":{"start":{"line":99,"column":63},"end":{"line":113,"column":2}},"29":{"start":{"line":100,"column":2},"end":{"line":112,"column":5}},"30":{"start":{"line":99,"column":13},"end":{"line":99,"column":37}},"31":{"start":{"line":116,"column":33},"end":{"line":138,"column":2}},"32":{"start":{"line":116,"column":113},"end":{"line":138,"column":2}},"33":{"start":{"line":117,"column":21},"end":{"line":117,"column":23}},"34":{"start":{"line":118,"column":2},"end":{"line":118,"column":40}},"35":{"start":{"line":118,"column":18},"end":{"line":118,"column":40}},"36":{"start":{"line":119,"column":2},"end":{"line":119,"column":55}},"37":{"start":{"line":119,"column":23},"end":{"line":119,"column":55}},"38":{"start":{"line":120,"column":2},"end":{"line":120,"column":52}},"39":{"start":{"line":120,"column":22},"end":{"line":120,"column":52}},"40":{"start":{"line":122,"column":2},"end":{"line":137,"column":5}},"41":{"start":{"line":116,"column":13},"end":{"line":116,"column":33}},"42":{"start":{"line":141,"column":38},"end":{"line":146,"column":null}},"43":{"start":{"line":141,"column":85},"end":{"line":146,"column":null}},"44":{"start":{"line":142,"column":4},"end":{"line":145,"column":7}},"45":{"start":{"line":141,"column":13},"end":{"line":141,"column":38}},"46":{"start":{"line":149,"column":36},"end":{"line":160,"column":null}},"47":{"start":{"line":149,"column":61},"end":{"line":160,"column":null}},"48":{"start":{"line":150,"column":17},"end":{"line":150,"column":82}},"49":{"start":{"line":151,"column":4},"end":{"line":151,"column":49}},"50":{"start":{"line":151,"column":15},"end":{"line":151,"column":49}},"51":{"start":{"line":153,"column":4},"end":{"line":159,"column":7}},"52":{"start":{"line":149,"column":13},"end":{"line":149,"column":36}}},"fnMap":{"0":{"name":"(anonymous_7)","decl":{"start":{"line":14,"column":39},"end":{"line":14,"column":46}},"loc":{"start":{"line":14,"column":115},"end":{"line":40,"column":2}}},"1":{"name":"(anonymous_8)","decl":{"start":{"line":14,"column":115},"end":{"line":14,"column":null}},"loc":{"start":{"line":14,"column":115},"end":{"line":40,"column":1}}},"2":{"name":"(anonymous_9)","decl":{"start":{"line":43,"column":32},"end":{"line":43,"column":39}},"loc":{"start":{"line":43,"column":71},"end":{"line":96,"column":2}}},"3":{"name":"(anonymous_10)","decl":{"start":{"line":43,"column":71},"end":{"line":43,"column":null}},"loc":{"start":{"line":43,"column":71},"end":{"line":96,"column":1}}},"4":{"name":"(anonymous_11)","decl":{"start":{"line":82,"column":31},"end":{"line":82,"column":32}},"loc":{"start":{"line":82,"column":39},"end":{"line":85,"column":10}}},"5":{"name":"(anonymous_12)","decl":{"start":{"line":99,"column":37},"end":{"line":99,"column":44}},"loc":{"start":{"line":99,"column":63},"end":{"line":113,"column":2}}},"6":{"name":"(anonymous_13)","decl":{"start":{"line":99,"column":63},"end":{"l
[...]
end":{"line":82,"column":80}}]},"7":{"loc":{"start":{"line":82,"column":51},"end":{"line":82,"column":76}},"type":"binary-expr","locations":[{"start":{"line":82,"column":51},"end":{"line":82,"column":76}},{"start":{"line":82,"column":74},"end":{"line":82,"column":76}}]},"8":{"loc":{"start":{"line":151,"column":2},"end":{"line":156,"column":3}},"type":"if","locations":[{"start":{"line":151,"column":2},"end":{"line":156,"column":3}},{"start":{},"end":{}}]},"9":{"loc":{"start":{"line":151,"column":6},"end":{"line":151,"column":31}},"type":"binary-expr","locations":[{"start":{"line":151,"column":6},"end":{"line":151,"column":19}},{"start":{"line":151,"column":23},"end":{"line":151,"column":31}}]},"10":{"loc":{"start":{"line":155,"column":4},"end":{"line":155,"column":43}},"type":"if","locations":[{"start":{"line":155,"column":4},"end":{"line":155,"column":43}},{"start":{},"end":{}}]},"11":{"loc":{"start":{"line":158,"column":2},"end":{"line":163,"column":3}},"type":"if","locations":[{"start":{"line":158,"column":2},"end":{"line":163,"column":3}},{"start":{},"end":{}}]},"12":{"loc":{"start":{"line":160,"column":4},"end":{"line":162,"column":5}},"type":"if","locations":[{"start":{"line":160,"column":4},"end":{"line":162,"column":5}},{"start":{},"end":{}}]},"13":{"loc":{"start":{"line":160,"column":8},"end":{"line":160,"column":24}},"type":"cond-expr","locations":[{"start":{"line":160,"column":18},"end":{"line":160,"column":20}},{"start":{"line":160,"column":8},"end":{"line":160,"column":24}}]},"14":{"loc":{"start":{"line":160,"column":8},"end":{"line":160,"column":20}},"type":"binary-expr","locations":[{"start":{"line":160,"column":8},"end":{"line":160,"column":20}},{"start":{"line":160,"column":8},"end":{"line":160,"column":20}}]},"15":{"loc":{"start":{"line":168,"column":16},"end":{"line":168,"column":39}},"type":"binary-expr","locations":[{"start":{"line":168,"column":16},"end":{"line":168,"column":33}},{"start":{"line":168,"column":37},"end":{"line":168,"column":39}}]},"16":{"loc":{"start":{"line":178,"column":2},"end":{"line":183,"column":3}},"type":"if","locations":[{"start":{"line":178,"column":2},"end":{"line":183,"column":3}},{"start":{},"end":{}}]},"17":{"loc":{"start":{"line":178,"column":6},"end":{"line":178,"column":34}},"type":"binary-expr","locations":[{"start":{"line":178,"column":6},"end":{"line":178,"column":22}},{"start":{"line":178,"column":26},"end":{"line":178,"column":34}}]},"18":{"loc":{"start":{"line":182,"column":4},"end":{"line":182,"column":46}},"type":"if","locations":[{"start":{"line":182,"column":4},"end":{"line":182,"column":46}},{"start":{},"end":{}}]},"19":{"loc":{"start":{"line":186,"column":2},"end":{"line":186,"column":55}},"type":"if","locations":[{"start":{"line":186,"column":2},"end":{"line":186,"column":55}},{"start":{},"end":{}}]},"20":{"loc":{"start":{"line":192,"column":4},"end":{"line":201,"column":5}},"type":"if","locations":[{"start":{"line":192,"column":4},"end":{"line":201,"column":5}},{"start":{},"end":{}}]},"21":{"loc":{"start":{"line":192,"column":8},"end":{"line":192,"column":88}},"type":"binary-expr","locations":[{"start":{"line":192,"column":8},"end":{"line":192,"column":39}},{"start":{"line":192,"column":43},"end":{"line":192,"column":88}}]},"22":{"loc":{"start":{"line":192,"column":65},"end":{"line":192,"column":86}},"type":"cond-expr","locations":[{"start":{"line":192,"column":76},"end":{"line":192,"column":78}},{"start":{"line":192,"column":65},"end":{"line":192,"column":86}}]},"23":{"loc":{"start":{"line":192,"column":65},"end":{"line":192,"column":78}},"type":"binary-expr","locations":[{"start":{"line":192,"column":65},"end":{"line":192,"column":78}},{"start":{"line":192,"column":65},"end":{"line":192,"column":78}}]},"24":{"loc":{"start":{"line":196,"column":27},"end":{"line":196,"column":63}},"type":"binary-expr","locations":[{"start":{"line":196,"column":27},"end":{"line":196,"column":55}},{"start":{"line":196,"column":59},"end":{"line":196,"column":63}}]},"25":{"loc":{"start":{"line":197,"column":22},"end":{"line":197,"column":65}},"type":"cond-expr","locations":[{"start":{"line":197,"column":42},"end":{"line":197,"column":52}},{"start":{"line":197,"column":55},"end":{"line":197,"column":65}}]},"26":{"loc":{"start":{"line":198,"column":23},"end":{"line":198,"column":87}},"type":"cond-expr","locations":[{"start":{"line":198,"column":43},"end":{"line":198,"column":63}},{"start":{"line":198,"column":66},"end":{"line":198,"column":87}}]},"27":{"loc":{"start":{"line":209,"column":4},"end":{"line":211,"column":5}},"type":"if","locations":[{"start":{"line":209,"column":4},"end":{"line":211,"column":5}},{"start":{},"end":{}}]},"28":{"loc":{"start":{"line":209,"column":8},"end":{"line":209,"column":30}},"type":"cond-expr","locations":[{"start":{"line":209,"column":24},"end":{"line":209,"column":26}},{"start":{"line":209,"column":24},"end":{"line":209,"column":30}}]},"29":{"loc":{"start":{"line":209,"column":8},"end":{"line":209,"column":26}},"type":"binary-expr","locations":[{"start":{"line":209,"column":8},"end":{"line":209,"column":26}},{"start":{"line":209,"column":24},"end":{"line":209,"column":26}}]},"30":{"loc":{"start":{"line":263,"column":4},"end":{"line":265,"column":5}},"type":"if","locations":[{"start":{"line":263,"column":4},"end":{"line":265,"column":5}},{"start":{},"end":{}}]},"31":{"loc":{"start":{"line":263,"column":8},"end":{"line":263,"column":57}},"type":"binary-expr","locations":[{"start":{"line":263,"column":8},"end":{"line":263,"column":22}},{"start":{"line":263,"column":26},"end":{"line":263,"column":57}}]},"32":{"loc":{"start":{"line":263,"column":8},"end":{"line":263,"column":22}},"type":"cond-expr","locations":[{"start":{"line":263,"column":12},"end":{"line":263,"column":14}},{"start":{"line":263,"column":8},"end":{"line":263,"column":22}}]},"33":{"loc":{"start":{"line":263,"column":8},"end":{"line":263,"column":14}},"type":"binary-expr","locations":[{"start":{"line":263,"column":8},"end":{"line":263,"column":14}},{"start":{"line":263,"column":8},"end":{"line":263,"column":14}}]},"34":{"loc":{"start":{"line":263,"column":26},"end":{"line":263,"column":41}},"type":"cond-expr","locations":[{"start":{"line":263,"column":35},"end":{"line":263,"column":37}},{"start":{"line":263,"column":35},"end":{"line":263,"column":41}}]},"35":{"loc":{"start":{"line":263,"column":26},"end":{"line":263,"column":37}},"type":"binary-expr","locations":[{"start":{"line":263,"column":26},"end":{"line":263,"column":37}},{"start":{"line":263,"column":35},"end":{"line":263,"column":37}}]}},"s":{"0":12,"1":12,"2":12,"3":12,"4":12,"5":0,"6":0,"7":0,"8":12,"9":12,"10":1,"11":1,"12":1,"13":1,"14":1,"15":1,"16":1,"17":1,"18":0,"19":0,"20":0,"21":1,"22":0,"23":0,"24":0,"25":1,"26":1,"27":1,"28":12,"29":12,"30":10,"31":10,"32":12,"33":12,"34":9,"35":9,"36":9,"37":9,"38":9,"39":0,"40":0,"41":0,"42":9,"43":9,"44":9,"45":0,"46":9,"47":12,"48":12,"49":3,"50":3,"51":3,"52":3,"53":0,"54":0,"55":0,"56":3,"57":0,"58":3,"59":3,"60":3,"61":3,"62":0,"63":3,"64":3,"65":0,"66":3,"67":12,"68":12,"69":0,"70":0,"71":12,"72":12,"73":0,"74":0,"75":12,"76":12,"77":1,"78":1,"79":1,"80":1,"81":1,"82":0,"83":1,"84":12},"f":{"0":0,"1":0,"2":1,"3":1,"4":10,"5":10,"6":9,"7":9,"8":3,"9":3,"10":3,"11":3,"12":0,"13":0,"14":0,"15":0,"16":1,"17":1,"18":1,"19":1},"b":{"0":[0,0],"1":[1,0],"2":[1,1,1],"3":[0,1],"4":[1,0,0],"5":[0,1],"6":[1,0],"7":[1,1],"8":[0,9],"9":[9,0],"10":[0,0],"11":[9,0],"12":[0,9],"13":[0,9],"14":[9,9],"15":[9,0],"16":[0,3],"17":[3,3],"18":[0,0],"19":[0,3],"20":[0,3],"21":[3,0],"22":[0,0],"23":[0,0],"24":[0,0],"25":[0,0],"26":[0,0],"27":[0,3],"28":[0,3],"29":[3,3],"30":[0,1],"31":[1,0],"32":[0,1],"33":[1,1],"34":[0,0],"35":[0,0]}}
,"/Users/axzy/DEV/CHECK/FANSAL/API/src/modules/zones/zones.controller.ts": {"path":"/Users/axzy/DEV/CHECK/FANSAL/API/src/modules/zones/zones.controller.ts","statementMap":{"0":{"start":{"line":1,"column":0},"end":{"line":1,"column":65}},"1":{"start":{"line":3,"column":0},"end":{"line":3,"column":48}},"2":{"start":{"line":5,"column":33},"end":{"line":12,"column":2}},"3":{"start":{"line":5,"column":71},"end":{"line":12,"column":2}},"4":{"start":{"line":6,"column":2},"end":{"line":11,"column":3}},"5":{"start":{"line":7,"column":19},"end":{"line":7,"column":65}},"6":{"start":{"line":8,"column":4},"end":{"line":8,"column":55}},"7":{"start":{"line":10,"column":4},"end":{"line":10,"column":70}},"8":{"start":{"line":5,"column":13},"end":{"line":5,"column":33}},"9":{"start":{"line":14,"column":24},"end":{"line":22,"column":2}},"10":{"start":{"line":14,"column":62},"end":{"line":22,"column":2}},"11":{"start":{"line":15,"column":2},"end":{"line":21,"column":3}},"12":{"start":{"line":16,"column":25},"end":{"line":16,"column":35}},"13":{"start":{"line":17,"column":19},"end":{"line":17,"column":64}},"14":{"start":{"line":18,"column":4},"end":{"line":18,"column":55}},"15":{"start":{"line":20,"column":4},"end":{"line":20,"column":70}},"16":{"start":{"line":14,"column":13},"end":{"line":14,"column":24}},"17":{"start":{"line":24,"column":23},"end":{"line":31,"column":2}},"18":{"start":{"line":24,"column":61},"end":{"line":31,"column":2}},"19":{"start":{"line":25,"column":2},"end":{"line":30,"column":3}},"20":{"start":{"line":26,"column":19},"end":{"line":26,"column":58}},"21":{"start":{"line":27,"column":4},"end":{"line":27,"column":55}},"22":{"start":{"line":29,"column":4},"end":{"line":29,"column":70}},"23":{"start":{"line":24,"column":13},"end":{"line":24,"column":23}},"24":{"start":{"line":33,"column":23},"end":{"line":41,"column":2}},"25":{"start":{"line":33,"column":61},"end":{"line":41,"column":2}},"26":{"start":{"line":34,"column":4},"end":{"line":40,"column":5}},"27":{"start":{"line":35,"column":23},"end":{"line":35,"column":33}},"28":{"start":{"line":36,"column":23},"end":{"line":36,"column":66}},"29":{"start":{"line":37,"column":8},"end":{"line":37,"column":59}},"30":{"start":{"line":39,"column":8},"end":{"line":39,"column":74}},"31":{"start":{"line":33,"column":13},"end":{"line":33,"column":23}},"32":{"start":{"line":43,"column":26},"end":{"line":51,"column":2}},"33":{"start":{"line":43,"column":64},"end":{"line":51,"column":2}},"34":{"start":{"line":44,"column":4},"end":{"line":50,"column":5}},"35":{"start":{"line":45,"column":23},"end":{"line":45,"column":33}},"36":{"start":{"line":46,"column":23},"end":{"line":46,"column":56}},"37":{"start":{"line":47,"column":8},"end":{"line":47,"column":59}},"38":{"start":{"line":49,"column":8},"end":{"line":49,"column":74}},"39":{"start":{"line":43,"column":13},"end":{"line":43,"column":26}}},"fnMap":{"0":{"name":"(anonymous_13)","decl":{"start":{"line":5,"column":33},"end":{"line":5,"column":40}},"loc":{"start":{"line":5,"column":71},"end":{"line":12,"column":2}}},"1":{"name":"(anonymous_14)","decl":{"start":{"line":5,"column":71},"end":{"line":5,"column":null}},"loc":{"start":{"line":5,"column":71},"end":{"line":12,"column":1}}},"2":{"name":"(anonymous_15)","decl":{"start":{"line":14,"column":24},"end":{"line":14,"column":31}},"loc":{"start":{"line":14,"column":62},"end":{"line":22,"column":2}}},"3":{"name":"(anonymous_16)","decl":{"start":{"line":14,"column":62},"end":{"line":14,"column":null}},"loc":{"start":{"line":14,"column":62},"end":{"line":22,"column":1}}},"4":{"name":"(anonymous_17)","decl":{"start":{"line":24,"column":23},"end":{"line":24,"column":30}},"loc":{"start":{"line":24,"column":61},"end":{"line":31,"column":2}}},"5":{"name":"(anonymous_18)","decl":{"start":{"line":24,"column":61},"end":{"line":24,"column":null}},"loc":{"start":{"line":24,"column":61},"end":{"line":31,"column":1}}},"6":{"name":"(anonymous_19)","decl":{"start":{"line":33,"column":23},"end":{"line":33,"column":30}},"loc":{"start":{"line":33,"column":61},"end":{"line":41,"column":2}}},"7":{"name":"(anonymous_20)","decl":{"start":{"line":33,"column":61},"end":{"line":33,"column":null}},"loc":{"start":{"line":33,"column":61},"end":{"line":41,"column":1}}},"8":{"name":"(anonymous_21)","decl":{"start":{"line":43,"column":26},"end":{"line":43,"column":33}},"loc":{"start":{"line":43,"column":64},"end":{"line":51,"column":2}}},"9":{"name":"(anonymous_22)","decl":{"start":{"line":43,"column":64},"end":{"line":43,"column":null}},"loc":{"start":{"line":43,"column":64},"end":{"line":51,"column":1}}}},"branchMap":{},"s":{"0":12,"1":12,"2":12,"3":0,"4":0,"5":0,"6":0,"7":0,"8":12,"9":12,"10":1,"11":1,"12":1,"13":1,"14":1,"15":0,"16":12,"17":12,"18":3,"19":3,"20":3,"21":3,"22":0,"23":12,"24":12,"25":1,"26":1,"27":1,"28":1,"29":1,"30":0,"31":12,"32":12,"33":1,"34":1,"35":1,"36":1,"37":1,"38":0,"39":12},"f":{"0":0,"1":0,"2":1,"3":1,"4":3,"5":3,"6":1,"7":1,"8":1,"9":1},"b":{}}
,"/Users/axzy/DEV/CHECK/FANSAL/API/src/modules/zones/zones.routes.ts": {"path":"/Users/axzy/DEV/CHECK/FANSAL/API/src/modules/zones/zones.routes.ts","statementMap":{"0":{"start":{"line":1,"column":0},"end":{"line":1,"column":33}},"1":{"start":{"line":2,"column":0},"end":{"line":2,"column":54}},"2":{"start":{"line":4,"column":0},"end":{"line":4,"column":69}},"3":{"start":{"line":5,"column":0},"end":{"line":5,"column":70}},"4":{"start":{"line":6,"column":0},"end":{"line":6,"column":120}},"5":{"start":{"line":9,"column":15},"end":{"line":9,"column":23}},"6":{"start":{"line":11,"column":0},"end":{"line":11,"column":25}},"7":{"start":{"line":13,"column":0},"end":{"line":13,"column":61}},"8":{"start":{"line":14,"column":0},"end":{"line":14,"column":93}},"9":{"start":{"line":15,"column":0},"end":{"line":15,"column":70}},"10":{"start":{"line":16,"column":0},"end":{"line":16,"column":72}},"11":{"start":{"line":17,"column":0},"end":{"line":17,"column":79}},"12":{"start":{"line":20,"column":0},"end":{"line":20,"column":22}}},"fnMap":{},"branchMap":{},"s":{"0":12,"1":12,"2":12,"3":12,"4":12,"5":12,"6":12,"7":12,"8":12,"9":12,"10":12,"11":12,"12":12},"f":{},"b":{}}
,"/Users/axzy/DEV/CHECK/FANSAL/API/src/modules/zones/zones.service.ts": {"path":"/Users/axzy/DEV/CHECK/FANSAL/API/src/modules/zones/zones.service.ts","statementMap":{"0":{"start":{"line":1,"column":0},"end":{"line":1,"column":67}},"1":{"start":{"line":3,"column":33},"end":{"line":28,"column":2}},"2":{"start":{"line":3,"column":53},"end":{"line":28,"column":2}},"3":{"start":{"line":4,"column":24},"end":{"line":4,"column":28}},"4":{"start":{"line":5,"column":21},"end":{"line":5,"column":38}},"5":{"start":{"line":6,"column":19},"end":{"line":6,"column":34}},"6":{"start":{"line":8,"column":23},"end":{"line":11,"column":6}},"7":{"start":{"line":13,"column":4},"end":{"line":15,"column":5}},"8":{"start":{"line":14,"column":8},"end":{"line":14,"column":34}},"9":{"start":{"line":17,"column":4},"end":{"line":19,"column":5}},"10":{"start":{"line":18,"column":8},"end":{"line":18,"column":63}},"11":{"start":{"line":21,"column":17},"end":{"line":25,"column":6}},"12":{"start":{"line":27,"column":4},"end":{"line":27,"column":40}},"13":{"start":{"line":3,"column":13},"end":{"line":3,"column":33}},"14":{"start":{"line":30,"column":32},"end":{"line":35,"column":2}},"15":{"start":{"line":30,"column":59},"end":{"line":35,"column":2}},"16":{"start":{"line":31,"column":4},"end":{"line":34,"column":7}},"17":{"start":{"line":30,"column":13},"end":{"line":30,"column":32}},"18":{"start":{"line":37,"column":26},"end":{"line":41,"column":2}},"19":{"start":{"line":37,"column":77},"end":{"line":41,"column":2}},"20":{"start":{"line":38,"column":4},"end":{"line":40,"column":7}},"21":{"start":{"line":37,"column":13},"end":{"line":37,"column":26}},"22":{"start":{"line":43,"column":26},"end":{"line":48,"column":2}},"23":{"start":{"line":43,"column":90},"end":{"line":48,"column":2}},"24":{"start":{"line":44,"column":4},"end":{"line":47,"column":7}},"25":{"start":{"line":43,"column":13},"end":{"line":43,"column":26}},"26":{"start":{"line":50,"column":26},"end":{"line":55,"column":2}},"27":{"start":{"line":50,"column":47},"end":{"line":55,"column":2}},"28":{"start":{"line":51,"column":4},"end":{"line":54,"column":7}},"29":{"start":{"line":50,"column":13},"end":{"line":50,"column":26}}},"fnMap":{"0":{"name":"(anonymous_7)","decl":{"start":{"line":3,"column":33},"end":{"line":3,"column":40}},"loc":{"start":{"line":3,"column":53},"end":{"line":28,"column":2}}},"1":{"name":"(anonymous_8)","decl":{"start":{"line":3,"column":53},"end":{"line":3,"column":null}},"loc":{"start":{"line":3,"column":53},"end":{"line":28,"column":1}}},"2":{"name":"(anonymous_9)","decl":{"start":{"line":30,"column":32},"end":{"line":30,"column":39}},"loc":{"start":{"line":30,"column":59},"end":{"line":35,"column":2}}},"3":{"name":"(anonymous_10)","decl":{"start":{"line":30,"column":59},"end":{"line":30,"column":null}},"loc":{"start":{"line":30,"column":59},"end":{"line":35,"column":1}}},"4":{"name":"(anonymous_11)","decl":{"start":{"line":37,"column":26},"end":{"line":37,"column":33}},"loc":{"start":{"line":37,"column":77},"end":{"line":41,"column":2}}},"5":{"name":"(anonymous_12)","decl":{"start":{"line":37,"column":77},"end":{"line":37,"column":null}},"loc":{"start":{"line":37,"column":77},"end":{"line":41,"column":1}}},"6":{"name":"(anonymous_13)","decl":{"start":{"line":43,"column":26},"end":{"line":43,"column":33}},"loc":{"start":{"line":43,"column":90},"end":{"line":48,"column":2}}},"7":{"name":"(anonymous_14)","decl":{"start":{"line":43,"column":90},"end":{"line":43,"column":null}},"loc":{"start":{"line":43,"column":90},"end":{"line":48,"column":1}}},"8":{"name":"(anonymous_15)","decl":{"start":{"line":50,"column":26},"end":{"line":50,"column":33}},"loc":{"start":{"line":50,"column":47},"end":{"line":55,"column":2}}},"9":{"name":"(anonymous_16)","decl":{"start":{"line":50,"column":47},"end":{"line":50,"column":null}},"loc":{"start":{"line":50,"column":47},"end":{"line":55,"column":1}}}},"branchMap":{"0":{"loc":{"start":{"line":5,"column":21},"end":{"line":5,"column":38}},"type":"cond-expr","locations":[{"start":{"line":5,"column":28},"end":{"line":5,"column":30}},{"start":{"line":5,"column":21},"end":{"line":5,"column":38}}]},"1":{"loc":{"start":{"line":5,"column":21},"end":{"line":5,"column":30}},"type":"binary-expr","locations":[{"start":{"line":5,"column":21},"end":{"line":5,"column":30}},{"start":{"line":5,"column":21},"end":{"line":5,"column":30}}]},"2":{"loc":{"start":{"line":6,"column":19},"end":{"line":6,"column":34}},"type":"cond-expr","locations":[{"start":{"line":6,"column":26},"end":{"line":6,"column":28}},{"start":{"line":6,"column":19},"end":{"line":6,"column":34}}]},"3":{"loc":{"start":{"line":6,"column":19},"end":{"line":6,"column":28}},"type":"binary-expr","locations":[{"start":{"line":6,"column":19},"end":{"line":6,"column":28}},{"start":{"line":6,"column":19},"end":{"line":6,"column":28}}]},"4":{"loc":{"start":{"line":13,"column":4},"end":{"line":15,"column":5}},"type":"if","locations":[{"start":{"line":13,"column":4},"end":{"line":15,"column":5}},{"start":{},"end":{}}]},"5":{"loc":{"start":{"line":17,"column":4},"end":{"line":19,"column":5}},"type":"if","locations":[{"start":{"line":17,"column":4},"end":{"line":19,"column":5}},{"start":{},"end":{}}]}},"s":{"0":12,"1":12,"2":0,"3":0,"4":0,"5":0,"6":0,"7":0,"8":0,"9":0,"10":0,"11":0,"12":0,"13":12,"14":12,"15":1,"16":1,"17":12,"18":12,"19":3,"20":3,"21":12,"22":12,"23":1,"24":1,"25":12,"26":12,"27":1,"28":1,"29":12},"f":{"0":0,"1":0,"2":1,"3":1,"4":3,"5":3,"6":1,"7":1,"8":1,"9":1},"b":{"0":[0,0],"1":[0,0],"2":[0,0],"3":[0,0],"4":[0,0],"5":[0,0]}}
,"/Users/axzy/DEV/CHECK/FANSAL/API/src/modules/zones/schemas/zones.schema.ts": {"path":"/Users/axzy/DEV/CHECK/FANSAL/API/src/modules/zones/schemas/zones.schema.ts","statementMap":{"0":{"start":{"line":1,"column":0},"end":{"line":1,"column":24}},"1":{"start":{"line":3,"column":13},"end":{"line":12,"column":3}},"2":{"start":{"line":14,"column":13},"end":{"line":22,"column":3}},"3":{"start":{"line":24,"column":13},"end":{"line":28,"column":3}},"4":{"start":{"line":30,"column":13},"end":{"line":34,"column":3}}},"fnMap":{},"branchMap":{},"s":{"0":12,"1":12,"2":12,"3":12,"4":12},"f":{},"b":{}}
}
