TN:
SF:src/index.ts
FN:26,(anonymous_1)
FN:35,(anonymous_2)
FNF:2
FNH:0
FNDA:0,(anonymous_1)
FNDA:0,(anonymous_2)
DA:1,12
DA:2,12
DA:3,12
DA:4,12
DA:5,12
DA:6,12
DA:7,12
DA:8,12
DA:9,12
DA:10,12
DA:13,12
DA:15,12
DA:17,12
DA:25,12
DA:26,12
DA:29,12
DA:32,12
DA:34,12
DA:35,0
DA:36,0
DA:38,0
LF:21
LH:18
BRDA:21,0,0,0
BRDA:21,0,1,12
BRDA:34,1,0,0
BRDA:34,1,1,12
BRF:4
BRH:2
end_of_record
TN:
SF:src/core/config/config.ts
FNF:0
FNH:0
DA:1,12
DA:2,12
DA:3,12
DA:5,12
LF:4
LH:4
BRF:0
BRH:0
end_of_record
TN:
SF:src/core/config/constants.ts
FNF:0
FNH:0
DA:1,13
DA:2,13
DA:3,13
DA:4,13
DA:5,13
DA:7,13
DA:10,13
DA:11,13
DA:14,13
DA:15,13
DA:18,13
DA:19,13
DA:22,13
DA:23,13
DA:24,13
DA:25,13
DA:26,13
DA:29,13
DA:30,13
DA:31,13
DA:34,13
DA:37,13
DA:38,13
DA:41,13
DA:42,13
DA:43,13
DA:44,13
DA:45,13
DA:46,13
DA:47,13
DA:48,13
DA:49,13
DA:50,13
DA:52,13
DA:53,13
DA:54,13
DA:55,13
LF:37
LH:37
BRF:0
BRH:0
end_of_record
TN:
SF:src/core/config/database.ts
FN:8,(anonymous_7)
FN:8,(anonymous_8)
FNF:2
FNH:2
FNDA:332,(anonymous_7)
FNDA:332,(anonymous_8)
DA:1,12
DA:3,12
DA:5,12
DA:8,332
DA:9,332
DA:11,332
DA:13,139
DA:14,64
DA:15,64
DA:16,64
DA:17,55
DA:22,139
DA:23,26
DA:24,26
DA:30,113
DA:31,5
DA:32,5
DA:39,301
LF:18
LH:18
BRDA:11,0,0,139
BRDA:11,0,1,193
BRDA:11,1,0,332
BRDA:11,1,1,332
BRDA:13,2,0,64
BRDA:13,2,1,75
BRDA:15,3,0,64
BRDA:15,3,1,0
BRDA:16,4,0,55
BRDA:16,4,1,9
BRDA:22,5,0,26
BRDA:22,5,1,113
BRDA:30,6,0,5
BRDA:30,6,1,108
BRF:14
BRH:13
end_of_record
TN:
SF:src/core/config/env.config.ts
FNF:0
FNH:0
DA:1,12
DA:2,12
DA:4,12
LF:3
LH:3
BRDA:5,0,0,12
BRDA:5,0,1,0
BRDA:6,1,0,12
BRDA:6,1,1,0
BRDA:7,2,0,12
BRDA:7,2,1,0
BRF:6
BRH:3
end_of_record
TN:
SF:src/core/config/mail.ts
FNF:0
FNH:0
DA:1,10
DA:2,10
DA:3,10
DA:5,10
DA:7,10
DA:8,10
DA:10,10
LF:7
LH:7
BRDA:8,0,0,10
BRDA:8,0,1,0
BRF:2
BRH:1
end_of_record
TN:
SF:src/core/errors/AppError.ts
FN:6,(anonymous_0)
FNF:1
FNH:0
FNDA:0,(anonymous_0)
DA:1,12
DA:7,0
DA:8,0
DA:9,0
DA:10,0
DA:12,0
LF:6
LH:1
BRDA:6,0,0,0
BRDA:6,1,0,0
BRF:2
BRH:0
end_of_record
TN:
SF:src/core/mappers/tresult.mapper.ts
FN:3,(anonymous_0)
FNF:1
FNH:1
FNDA:87,(anonymous_0)
DA:3,12
DA:4,87
DA:5,87
DA:7,87
LF:4
LH:4
BRDA:3,0,0,77
BRDA:9,1,0,10
BRDA:9,1,1,77
BRF:3
BRH:3
end_of_record
TN:
SF:src/core/middlewares/error.middleware.ts
FN:7,(anonymous_0)
FNF:1
FNH:0
FNDA:0,(anonymous_0)
DA:2,12
DA:3,12
DA:4,12
DA:5,12
DA:7,12
DA:13,0
DA:15,0
DA:16,0
DA:17,0
DA:20,0
DA:21,0
DA:22,0
DA:29,0
DA:30,0
DA:32,0
DA:35,0
DA:37,0
LF:17
LH:5
BRDA:15,0,0,0
BRDA:15,0,1,0
BRDA:17,1,0,0
BRDA:17,1,1,0
BRDA:20,2,0,0
BRDA:20,2,1,0
BRDA:20,3,0,0
BRDA:20,3,1,0
BRDA:20,4,0,0
BRDA:20,4,1,0
BRDA:20,5,0,0
BRDA:20,5,1,0
BRDA:20,6,0,0
BRDA:20,6,1,0
BRDA:20,7,0,0
BRDA:20,7,1,0
BRDA:22,8,0,0
BRDA:22,8,1,0
BRDA:24,9,0,0
BRDA:24,9,1,0
BRDA:29,10,0,0
BRDA:29,10,1,0
BRDA:35,11,0,0
BRDA:35,11,1,0
BRF:24
BRH:0
end_of_record
TN:
SF:src/core/middlewares/multer.middleware.ts
FN:9,(anonymous_1)
FNF:1
FNH:0
FNDA:0,(anonymous_1)
DA:1,12
DA:7,12
DA:9,12
DA:10,0
DA:22,0
DA:23,0
DA:25,0
DA:30,12
LF:8
LH:4
BRDA:22,0,0,0
BRDA:22,0,1,0
BRF:2
BRH:0
end_of_record
TN:
SF:src/core/middlewares/token-validator.middleware.ts
FN:7,default_1
FNF:1
FNH:0
FNDA:0,default_1
DA:2,6
DA:5,6
DA:7,6
DA:12,0
DA:13,0
DA:15,0
DA:17,0
DA:18,0
DA:21,0
DA:22,0
DA:23,0
DA:26,0
DA:27,0
DA:33,0
DA:34,0
DA:39,0
DA:41,0
LF:17
LH:3
BRDA:13,0,0,0
BRDA:13,0,1,0
BRDA:15,1,0,0
BRDA:15,1,1,0
BRDA:17,2,0,0
BRDA:17,2,1,0
BRDA:33,3,0,0
BRDA:33,3,1,0
BRDA:36,4,0,0
BRDA:36,4,1,0
BRF:10
BRH:0
end_of_record
TN:
SF:src/core/middlewares/validate.middleware.ts
FN:7,(anonymous_7)
FN:7,(anonymous_8)
FN:7,(anonymous_9)
FN:18,(anonymous_10)
FNF:4
FNH:4
FNDA:216,(anonymous_7)
FNDA:48,(anonymous_8)
FNDA:48,(anonymous_9)
FNDA:11,(anonymous_10)
DA:2,12
DA:3,12
DA:4,12
DA:6,12
DA:7,216
DA:8,48
DA:9,48
DA:14,38
DA:16,10
DA:17,10
DA:18,11
DA:20,10
DA:21,10
DA:23,0
LF:14
LH:13
BRDA:16,0,0,10
BRDA:16,0,1,0
BRF:2
BRH:1
end_of_record
TN:
SF:src/core/utils/config.ts
FN:1,(anonymous_0)
FNF:1
FNH:1
FNDA:12,(anonymous_0)
DA:1,12
DA:2,12
DA:4,12
DA:5,0
DA:7,12
LF:5
LH:4
BRDA:4,0,0,0
BRDA:4,0,1,12
BRF:2
BRH:1
end_of_record
TN:
SF:src/core/utils/date-time.utils.ts
FN:16,(anonymous_1)
FN:37,(anonymous_2)
FN:41,(anonymous_3)
FN:45,(anonymous_4)
FN:49,(anonymous_5)
FNF:5
FNH:3
FNDA:0,(anonymous_1)
FNDA:6,(anonymous_2)
FNDA:6,(anonymous_3)
FNDA:0,(anonymous_4)
FNDA:7,(anonymous_5)
DA:1,13
DA:2,13
DA:3,13
DA:4,13
DA:6,13
DA:7,13
DA:8,13
DA:10,13
DA:16,13
DA:17,0
DA:19,0
DA:20,0
DA:22,0
DA:23,0
DA:25,0
DA:26,0
DA:28,0
DA:30,0
DA:34,0
DA:37,13
DA:38,6
DA:41,13
DA:42,6
DA:45,13
DA:46,0
DA:49,13
DA:50,7
LF:27
LH:16
BRDA:16,0,0,0
BRDA:17,1,0,0
BRDA:17,1,1,0
BRDA:17,2,0,0
BRDA:17,2,1,0
BRDA:28,3,0,0
BRDA:28,3,1,0
BRDA:30,4,0,0
BRDA:30,4,1,0
BRDA:34,5,0,0
BRDA:34,5,1,0
BRDA:37,6,0,6
BRDA:41,7,0,6
BRDA:45,8,0,0
BRDA:45,9,0,0
BRDA:49,10,0,7
BRF:16
BRH:3
end_of_record
TN:
SF:src/core/utils/emailSender.ts
FN:7,(anonymous_7)
FN:7,(anonymous_8)
FN:31,(anonymous_9)
FN:126,(anonymous_10)
FN:126,(anonymous_11)
FN:147,(anonymous_12)
FN:235,(anonymous_13)
FN:235,(anonymous_14)
FN:253,(anonymous_15)
FN:253,(anonymous_16)
FNF:10
FNH:0
FNDA:0,(anonymous_7)
FNDA:0,(anonymous_8)
FNDA:0,(anonymous_9)
FNDA:0,(anonymous_10)
FNDA:0,(anonymous_11)
FNDA:0,(anonymous_12)
FNDA:0,(anonymous_13)
FNDA:0,(anonymous_14)
FNDA:0,(anonymous_15)
FNDA:0,(anonymous_16)
DA:1,10
DA:2,10
DA:3,10
DA:5,10
DA:7,10
DA:8,0
DA:10,0
DA:14,0
DA:15,0
DA:16,0
DA:19,0
DA:21,0
DA:24,0
DA:25,0
DA:30,0
DA:31,0
DA:32,0
DA:33,0
DA:34,0
DA:36,0
DA:40,0
DA:98,0
DA:99,0
DA:100,0
DA:106,0
DA:107,0
DA:109,0
DA:112,0
DA:120,0
DA:122,0
DA:126,10
DA:127,0
DA:128,0
DA:132,0
DA:133,0
DA:134,0
DA:137,0
DA:138,0
DA:140,0
DA:141,0
DA:146,0
DA:147,0
DA:148,0
DA:149,0
DA:150,0
DA:152,0
DA:155,0
DA:208,0
DA:209,0
DA:215,0
DA:216,0
DA:218,0
DA:221,0
DA:229,0
DA:231,0
DA:235,10
DA:236,0
DA:237,0
DA:241,0
DA:242,0
DA:243,0
DA:246,0
DA:247,0
DA:249,0
DA:253,10
DA:254,0
DA:255,0
DA:259,0
DA:260,0
DA:261,0
DA:264,0
DA:266,0
DA:268,0
DA:272,0
LF:74
LH:8
BRDA:14,0,0,0
BRDA:14,0,1,0
BRDA:14,1,0,0
BRDA:14,1,1,0
BRDA:25,2,0,0
BRDA:25,2,1,0
BRDA:26,3,0,0
BRDA:26,3,1,0
BRDA:26,3,2,0
BRDA:33,4,0,0
BRDA:33,4,1,0
BRDA:54,5,0,0
BRDA:54,5,1,0
BRDA:68,6,0,0
BRDA:68,6,1,0
BRDA:68,7,0,0
BRDA:68,7,1,0
BRDA:68,8,0,0
BRDA:68,8,1,0
BRDA:77,9,0,0
BRDA:77,9,1,0
BRDA:87,10,0,0
BRDA:87,10,1,0
BRDA:99,11,0,0
BRDA:99,11,1,0
BRDA:106,12,0,0
BRDA:106,12,1,0
BRDA:132,13,0,0
BRDA:132,13,1,0
BRDA:132,14,0,0
BRDA:132,14,1,0
BRDA:141,15,0,0
BRDA:141,15,1,0
BRDA:142,16,0,0
BRDA:142,16,1,0
BRDA:142,16,2,0
BRDA:149,17,0,0
BRDA:149,17,1,0
BRDA:169,18,0,0
BRDA:169,18,1,0
BRDA:177,19,0,0
BRDA:177,19,1,0
BRDA:177,20,0,0
BRDA:177,20,1,0
BRDA:177,21,0,0
BRDA:177,21,1,0
BRDA:181,22,0,0
BRDA:181,22,1,0
BRDA:181,22,2,0
BRDA:181,23,0,0
BRDA:181,23,1,0
BRDA:181,24,0,0
BRDA:181,24,1,0
BRDA:188,25,0,0
BRDA:188,25,1,0
BRDA:198,26,0,0
BRDA:198,26,1,0
BRDA:208,27,0,0
BRDA:208,27,1,0
BRDA:215,28,0,0
BRDA:215,28,1,0
BRDA:241,29,0,0
BRDA:241,29,1,0
BRDA:241,30,0,0
BRDA:241,30,1,0
BRDA:247,31,0,0
BRDA:247,31,1,0
BRDA:259,32,0,0
BRDA:259,32,1,0
BRDA:259,33,0,0
BRDA:259,33,1,0
BRF:71
BRH:0
end_of_record
TN:
SF:src/core/utils/logger.ts
FN:6,(anonymous_1)
FNF:1
FNH:1
FNDA:11,(anonymous_1)
DA:1,12
DA:2,12
DA:4,12
DA:6,12
DA:7,11
DA:10,12
LF:6
LH:6
BRDA:7,0,0,11
BRDA:7,0,1,11
BRDA:11,1,0,0
BRDA:11,1,1,12
BRDA:15,2,0,0
BRDA:15,2,1,12
BRF:6
BRH:4
end_of_record
TN:
SF:src/core/utils/prisma-pagination.utils.ts
FN:7,getPrismaPaginationParams
FN:23,(anonymous_1)
FNF:2
FNH:2
FNDA:5,getPrismaPaginationParams
FNDA:6,(anonymous_1)
DA:7,12
DA:8,5
DA:11,5
DA:12,5
DA:15,5
DA:20,5
DA:22,5
DA:23,5
DA:24,6
DA:27,6
DA:29,5
DA:30,1
DA:31,1
DA:32,0
DA:33,0
DA:38,5
DA:39,5
DA:41,5
DA:42,1
DA:43,1
DA:47,4
DA:54,1
DA:59,5
LF:23
LH:21
BRDA:8,0,0,4
BRDA:8,1,0,4
BRDA:8,2,0,1
BRDA:8,3,0,5
BRDA:8,3,1,0
BRDA:11,4,0,5
BRDA:11,4,1,0
BRDA:15,5,0,1
BRDA:15,5,1,4
BRDA:15,6,0,4
BRDA:15,6,1,1
BRDA:15,7,0,5
BRDA:15,7,1,5
BRDA:16,8,0,1
BRDA:16,8,1,0
BRDA:22,9,0,5
BRDA:22,9,1,0
BRDA:24,10,0,0
BRDA:24,10,1,6
BRDA:24,11,0,6
BRDA:24,11,1,6
BRDA:24,11,2,6
BRDA:24,11,3,6
BRDA:27,12,0,5
BRDA:27,12,1,1
BRDA:29,13,0,1
BRDA:29,13,1,4
BRDA:31,14,0,0
BRDA:31,14,1,1
BRDA:41,15,0,1
BRDA:41,15,1,4
BRDA:41,16,0,5
BRDA:41,16,1,1
BRF:33
BRH:27
end_of_record
TN:
SF:src/core/utils/security.ts
FN:5,(anonymous_8)
FN:5,(anonymous_9)
FN:8,(anonymous_10)
FN:8,(anonymous_11)
FN:11,(anonymous_12)
FN:11,(anonymous_13)
FN:16,(anonymous_14)
FN:16,(anonymous_15)
FN:21,(anonymous_16)
FN:21,(anonymous_17)
FNF:10
FNH:6
FNDA:10,(anonymous_8)
FNDA:10,(anonymous_9)
FNDA:1,(anonymous_10)
FNDA:1,(anonymous_11)
FNDA:1,(anonymous_12)
FNDA:1,(anonymous_13)
FNDA:0,(anonymous_14)
FNDA:0,(anonymous_15)
FNDA:0,(anonymous_16)
FNDA:0,(anonymous_17)
DA:1,12
DA:2,12
DA:3,12
DA:5,12
DA:6,10
DA:8,12
DA:9,1
DA:11,12
DA:12,1
DA:16,12
DA:17,0
DA:21,12
DA:22,0
LF:13
LH:11
BRF:0
BRH:0
end_of_record
TN:
SF:src/core/utils/shift.utils.ts
FN:4,(anonymous_0)
FNF:1
FNH:1
FNDA:5,(anonymous_0)
DA:1,13
DA:2,13
DA:4,13
DA:5,5
DA:7,3
DA:8,1
DA:11,2
DA:13,2
DA:14,1
DA:17,1
LF:10
LH:10
BRDA:5,0,0,2
BRDA:5,0,1,3
BRDA:7,1,0,1
BRDA:7,1,1,2
BRDA:7,2,0,3
BRDA:7,2,1,2
BRDA:13,3,0,1
BRDA:13,3,1,1
BRF:8
BRH:8
end_of_record
TN:
SF:src/modules/api.router.ts
FNF:0
FNH:0
DA:1,12
DA:3,12
DA:4,12
DA:5,12
DA:6,12
DA:7,12
DA:8,12
DA:9,12
DA:10,12
DA:11,12
DA:12,12
DA:13,12
DA:14,12
DA:15,12
DA:16,12
DA:17,12
DA:18,12
DA:19,12
DA:20,12
DA:22,12
DA:24,12
DA:25,12
DA:26,12
DA:27,12
DA:28,12
DA:29,12
DA:30,12
DA:31,12
DA:32,12
DA:33,12
DA:34,12
DA:35,12
DA:36,12
DA:37,12
DA:38,12
DA:39,12
DA:40,12
DA:41,12
DA:43,12
LF:39
LH:39
BRF:0
BRH:0
end_of_record
TN:
SF:src/modules/index.controller.ts
FN:4,(anonymous_7)
FN:4,(anonymous_8)
FNF:2
FNH:0
FNDA:0,(anonymous_7)
FNDA:0,(anonymous_8)
DA:1,12
DA:4,12
DA:5,0
LF:3
LH:2
BRF:0
BRH:0
end_of_record
TN:
SF:src/modules/index.routes.ts
FNF:0
FNH:0
DA:1,12
DA:2,12
DA:4,12
DA:6,12
DA:8,12
LF:5
LH:5
BRF:0
BRH:0
end_of_record
TN:
SF:src/modules/assignments/assignment.controller.ts
FN:6,(anonymous_13)
FN:10,(anonymous_14)
FN:19,(anonymous_15)
FN:23,(anonymous_16)
FN:32,(anonymous_17)
FN:32,(anonymous_18)
FN:49,(anonymous_19)
FN:49,(anonymous_20)
FN:63,(anonymous_21)
FN:63,(anonymous_22)
FN:74,(anonymous_23)
FN:74,(anonymous_24)
FNF:12
FNH:0
FNDA:0,(anonymous_13)
FNDA:0,(anonymous_14)
FNDA:0,(anonymous_15)
FNDA:0,(anonymous_16)
FNDA:0,(anonymous_17)
FNDA:0,(anonymous_18)
FNDA:0,(anonymous_19)
FNDA:0,(anonymous_20)
FNDA:0,(anonymous_21)
FNDA:0,(anonymous_22)
FNDA:0,(anonymous_23)
FNDA:0,(anonymous_24)
DA:2,12
DA:3,12
DA:6,12
DA:10,0
DA:11,0
DA:12,0
DA:13,0
DA:15,0
DA:19,12
DA:23,0
DA:24,0
DA:25,0
DA:26,0
DA:28,0
DA:32,12
DA:33,0
DA:35,0
DA:36,0
DA:37,0
DA:39,0
DA:40,0
DA:42,0
DA:43,0
DA:45,0
DA:49,12
DA:50,0
DA:51,0
DA:52,0
DA:57,0
DA:59,0
DA:63,12
DA:64,0
DA:65,0
DA:66,0
DA:67,0
DA:68,0
DA:70,0
DA:74,12
DA:75,0
DA:76,0
DA:77,0
DA:78,0
DA:80,0
LF:43
LH:8
BRDA:35,0,0,0
BRDA:35,0,1,0
BRDA:35,1,0,0
BRDA:35,1,1,0
BRDA:37,2,0,0
BRDA:37,2,1,0
BRDA:39,3,0,0
BRDA:39,3,1,0
BRF:8
BRH:0
end_of_record
TN:
SF:src/modules/assignments/assignment.routes.ts
FNF:0
FNH:0
DA:2,12
DA:3,12
DA:4,12
DA:5,12
DA:6,12
DA:7,12
DA:9,12
DA:12,12
DA:19,12
DA:25,12
DA:31,12
DA:39,12
DA:42,12
DA:43,12
DA:45,12
LF:15
LH:15
BRF:0
BRH:0
end_of_record
TN:
SF:src/modules/assignments/assignment.service.ts
FN:14,(anonymous_7)
FN:14,(anonymous_8)
FN:43,(anonymous_9)
FN:43,(anonymous_10)
FN:82,(anonymous_11)
FN:99,(anonymous_12)
FN:99,(anonymous_13)
FN:116,(anonymous_14)
FN:116,(anonymous_15)
FN:141,(anonymous_16)
FN:141,(anonymous_17)
FN:149,(anonymous_18)
FN:149,(anonymous_19)
FNF:13
FNH:0
FNDA:0,(anonymous_7)
FNDA:0,(anonymous_8)
FNDA:0,(anonymous_9)
FNDA:0,(anonymous_10)
FNDA:0,(anonymous_11)
FNDA:0,(anonymous_12)
FNDA:0,(anonymous_13)
FNDA:0,(anonymous_14)
FNDA:0,(anonymous_15)
FNDA:0,(anonymous_16)
FNDA:0,(anonymous_17)
FNDA:0,(anonymous_18)
FNDA:0,(anonymous_19)
DA:2,12
DA:3,12
DA:5,12
DA:6,12
DA:7,12
DA:10,12
DA:12,12
DA:14,12
DA:15,0
DA:18,0
DA:19,0
DA:22,0
DA:25,0
DA:39,0
DA:43,12
DA:45,0
DA:50,0
DA:51,0
DA:55,0
DA:70,0
DA:71,0
DA:74,0
DA:82,0
DA:99,12
DA:100,0
DA:116,12
DA:117,0
DA:118,0
DA:119,0
DA:120,0
DA:122,0
DA:141,12
DA:142,0
DA:149,12
DA:150,0
DA:151,0
DA:153,0
LF:37
LH:13
BRDA:18,0,0,0
BRDA:18,0,1,0
BRDA:50,1,0,0
BRDA:50,1,1,0
BRDA:50,2,0,0
BRDA:50,2,1,0
BRDA:51,3,0,0
BRDA:51,3,1,0
BRDA:51,4,0,0
BRDA:51,4,1,0
BRDA:51,5,0,0
BRDA:51,5,1,0
BRDA:51,6,0,0
BRDA:51,6,1,0
BRDA:51,7,0,0
BRDA:51,7,1,0
BRDA:51,8,0,0
BRDA:51,8,1,0
BRDA:70,9,0,0
BRDA:70,9,1,0
BRDA:81,10,0,0
BRDA:81,10,1,0
BRDA:81,11,0,0
BRDA:81,11,1,0
BRDA:118,12,0,0
BRDA:118,12,1,0
BRDA:119,13,0,0
BRDA:119,13,1,0
BRDA:120,14,0,0
BRDA:120,14,1,0
BRDA:151,15,0,0
BRDA:151,15,1,0
BRDA:157,16,0,0
BRDA:157,16,1,0
BRF:34
BRH:0
end_of_record
TN:
SF:src/modules/assignments/schemas/assignment.schema.ts
FNF:0
FNH:0
DA:1,12
DA:3,12
LF:2
LH:2
BRF:0
BRH:0
end_of_record
TN:
SF:src/modules/catalog/catalog.controller.ts
FN:5,(anonymous_13)
FN:5,(anonymous_14)
FNF:2
FNH:0
FNDA:0,(anonymous_13)
FNDA:0,(anonymous_14)
DA:2,12
DA:3,12
DA:5,12
DA:6,0
DA:7,0
DA:8,0
DA:9,0
DA:11,0
LF:8
LH:3
BRF:0
BRH:0
end_of_record
TN:
SF:src/modules/catalog/catalog.routes.ts
FNF:0
FNH:0
DA:1,12
DA:2,12
DA:4,12
DA:6,12
DA:8,12
DA:10,12
DA:12,12
LF:7
LH:7
BRF:0
BRH:0
end_of_record
TN:
SF:src/modules/catalog/catalog.service.ts
FN:5,(anonymous_7)
FN:14,(anonymous_8)
FN:14,(anonymous_9)
FN:35,(anonymous_10)
FN:42,(anonymous_11)
FN:57,(anonymous_12)
FNF:6
FNH:1
FNDA:12,(anonymous_7)
FNDA:0,(anonymous_8)
FNDA:0,(anonymous_9)
FNDA:0,(anonymous_10)
FNDA:0,(anonymous_11)
FNDA:0,(anonymous_12)
DA:1,12
DA:2,12
DA:3,12
DA:5,12
DA:6,12
DA:7,12
DA:8,12
DA:9,12
DA:10,12
DA:11,12
DA:14,12
DA:15,0
DA:16,0
DA:17,0
DA:18,0
DA:20,0
DA:22,0
DA:26,0
DA:30,0
DA:35,0
DA:37,0
DA:42,0
DA:48,0
DA:57,0
DA:63,0
DA:66,0
DA:67,0
LF:27
LH:11
BRDA:5,0,0,12
BRDA:5,0,1,12
BRDA:18,1,0,0
BRDA:18,1,1,0
BRDA:18,1,2,0
BRDA:18,1,3,0
BRDA:18,1,4,0
BRDA:18,1,5,0
BRDA:18,1,6,0
BRF:9
BRH:2
end_of_record
TN:
SF:src/modules/clients/clients.cascade.ts
FN:7,deleteClientDataCascade
FN:36,(anonymous_9)
FN:43,(anonymous_10)
FN:61,(anonymous_11)
FN:71,(anonymous_12)
FN:91,(anonymous_13)
FN:98,(anonymous_14)
FNF:7
FNH:1
FNDA:1,deleteClientDataCascade
FNDA:0,(anonymous_9)
FNDA:0,(anonymous_10)
FNDA:0,(anonymous_11)
FNDA:0,(anonymous_12)
FNDA:0,(anonymous_13)
FNDA:0,(anonymous_14)
DA:1,12
DA:7,12
DA:9,1
DA:11,1
DA:12,1
DA:13,0
DA:15,1
DA:17,1
DA:23,1
DA:24,1
DA:25,0
DA:27,1
DA:32,1
DA:36,1
DA:38,1
DA:39,0
DA:43,0
DA:45,0
DA:46,0
DA:51,0
DA:57,1
DA:61,1
DA:63,1
DA:64,0
DA:65,0
DA:67,0
DA:71,0
DA:72,0
DA:73,0
DA:75,0
DA:76,0
DA:80,1
DA:81,1
DA:82,1
DA:83,1
DA:84,1
DA:87,1
DA:91,1
DA:93,1
DA:94,0
DA:98,0
DA:99,0
DA:100,0
DA:104,0
DA:108,0
DA:109,0
DA:110,0
DA:118,0
DA:129,1
LF:49
LH:25
BRDA:12,0,0,0
BRDA:12,0,1,1
BRDA:15,1,0,0
BRDA:15,1,1,1
BRDA:15,2,0,1
BRDA:15,2,1,1
BRDA:23,3,0,0
BRDA:23,3,1,1
BRDA:23,4,0,1
BRDA:23,4,1,1
BRDA:24,5,0,0
BRDA:24,5,1,1
BRDA:38,6,0,0
BRDA:38,6,1,1
BRDA:45,7,0,0
BRDA:45,7,1,0
BRDA:63,8,0,0
BRDA:63,8,1,1
BRDA:72,9,0,0
BRDA:72,9,1,0
BRDA:93,10,0,0
BRDA:93,10,1,1
BRDA:99,11,0,0
BRDA:99,11,1,0
BRF:24
BRH:11
end_of_record
TN:
SF:src/modules/clients/clients.controller.ts
FN:12,(anonymous_7)
FN:12,(anonymous_8)
FN:21,(anonymous_9)
FN:21,(anonymous_10)
FN:30,(anonymous_11)
FN:30,(anonymous_12)
FN:40,(anonymous_13)
FN:40,(anonymous_14)
FN:49,(anonymous_15)
FN:49,(anonymous_16)
FN:59,(anonymous_17)
FN:59,(anonymous_18)
FNF:12
FNH:10
FNDA:0,(anonymous_7)
FNDA:0,(anonymous_8)
FNDA:1,(anonymous_9)
FNDA:1,(anonymous_10)
FNDA:1,(anonymous_11)
FNDA:1,(anonymous_12)
FNDA:8,(anonymous_13)
FNDA:8,(anonymous_14)
FNDA:1,(anonymous_15)
FNDA:1,(anonymous_16)
FNDA:1,(anonymous_17)
FNDA:1,(anonymous_18)
DA:1,12
DA:3,12
DA:12,12
DA:13,0
DA:14,0
DA:15,0
DA:17,0
DA:21,12
DA:22,1
DA:23,1
DA:24,1
DA:26,0
DA:30,12
DA:31,1
DA:32,1
DA:33,1
DA:34,1
DA:36,0
DA:40,12
DA:41,8
DA:42,8
DA:43,8
DA:45,0
DA:49,12
DA:50,1
DA:51,1
DA:52,1
DA:53,1
DA:55,0
DA:59,12
DA:60,1
DA:61,1
DA:62,1
DA:63,1
DA:65,0
LF:35
LH:26
BRDA:67,0,0,0
BRDA:67,0,1,0
BRF:2
BRH:0
end_of_record
TN:
SF:src/modules/clients/clients.routes.ts
FNF:0
FNH:0
DA:1,12
DA:2,12
DA:11,12
DA:12,12
DA:13,12
DA:15,12
DA:17,12
DA:19,12
DA:20,12
DA:21,12
DA:22,12
DA:23,12
DA:24,12
DA:26,12
LF:14
LH:14
BRF:0
BRH:0
end_of_record
TN:
SF:src/modules/clients/clients.service.ts
FN:8,(anonymous_8)
FN:8,(anonymous_9)
FN:37,(anonymous_10)
FN:37,(anonymous_11)
FN:49,(anonymous_12)
FN:49,(anonymous_13)
FN:56,(anonymous_14)
FN:56,(anonymous_15)
FN:59,(anonymous_16)
FN:59,(anonymous_17)
FN:90,(anonymous_18)
FN:90,(anonymous_19)
FN:93,(anonymous_20)
FN:93,(anonymous_21)
FN:145,(anonymous_22)
FN:145,(anonymous_23)
FN:146,(anonymous_24)
FN:146,(anonymous_25)
FNF:18
FNH:16
FNDA:0,(anonymous_8)
FNDA:0,(anonymous_9)
FNDA:1,(anonymous_10)
FNDA:1,(anonymous_11)
FNDA:1,(anonymous_12)
FNDA:1,(anonymous_13)
FNDA:8,(anonymous_14)
FNDA:8,(anonymous_15)
FNDA:8,(anonymous_16)
FNDA:8,(anonymous_17)
FNDA:1,(anonymous_18)
FNDA:1,(anonymous_19)
FNDA:1,(anonymous_20)
FNDA:1,(anonymous_21)
FNDA:1,(anonymous_22)
FNDA:1,(anonymous_23)
FNDA:1,(anonymous_24)
FNDA:1,(anonymous_25)
DA:1,12
DA:3,12
DA:5,12
DA:6,12
DA:8,12
DA:9,0
DA:10,0
DA:12,0
DA:17,0
DA:34,0
DA:37,12
DA:38,1
DA:49,12
DA:50,1
DA:56,12
DA:57,8
DA:59,8
DA:60,8
DA:64,8
DA:65,0
DA:66,0
DA:67,0
DA:68,0
DA:69,0
DA:72,0
DA:73,0
DA:86,8
DA:90,12
DA:91,1
DA:93,1
DA:94,1
DA:99,1
DA:100,0
DA:101,0
DA:102,0
DA:107,0
DA:108,0
DA:109,0
DA:110,0
DA:114,0
DA:115,0
DA:116,0
DA:117,0
DA:119,0
DA:120,0
DA:125,0
DA:126,0
DA:127,0
DA:141,1
DA:145,12
DA:146,1
DA:147,1
DA:149,1
LF:53
LH:25
BRDA:9,0,0,0
BRDA:9,1,0,0
BRDA:10,2,0,0
BRDA:10,2,1,0
BRDA:10,2,2,0
BRDA:10,3,0,0
BRDA:10,3,1,0
BRDA:10,4,0,0
BRDA:10,4,1,0
BRDA:10,5,0,0
BRDA:10,5,1,0
BRDA:10,6,0,0
BRDA:10,6,1,0
BRDA:64,7,0,0
BRDA:64,7,1,8
BRDA:64,8,0,8
BRDA:64,8,1,0
BRDA:66,9,0,0
BRDA:66,9,1,0
BRDA:68,10,0,0
BRDA:68,10,1,0
BRDA:99,11,0,0
BRDA:99,11,1,1
BRDA:99,12,0,1
BRDA:99,12,1,1
BRDA:101,13,0,0
BRDA:101,13,1,0
BRDA:107,14,0,0
BRDA:107,14,1,0
BRDA:107,15,0,0
BRDA:107,15,1,0
BRDA:107,16,0,0
BRDA:107,16,1,0
BRDA:107,17,0,0
BRDA:107,17,1,0
BRDA:109,18,0,0
BRDA:109,18,1,0
BRDA:114,19,0,0
BRDA:114,19,1,0
BRDA:116,20,0,0
BRDA:116,20,1,0
BRDA:116,21,0,0
BRDA:116,21,1,0
BRDA:117,22,0,0
BRDA:117,22,1,0
BRDA:119,23,0,0
BRDA:119,23,1,0
BRDA:125,24,0,0
BRDA:125,24,1,0
BRDA:125,25,0,0
BRDA:125,25,1,0
BRF:51
BRH:5
end_of_record
TN:
SF:src/modules/clients/schemas/clients.schema.ts
FNF:0
FNH:0
DA:1,12
DA:3,12
DA:16,12
DA:33,12
LF:4
LH:4
BRF:0
BRH:0
end_of_record
TN:
SF:src/modules/common/upload.controller.ts
FN:9,(anonymous_7)
FN:9,(anonymous_8)
FN:54,(anonymous_9)
FNF:3
FNH:0
FNDA:0,(anonymous_7)
FNDA:0,(anonymous_8)
FNDA:0,(anonymous_9)
DA:2,12
DA:3,12
DA:4,12
DA:5,12
DA:7,12
DA:9,12
DA:10,0
DA:11,0
DA:12,0
DA:15,0
DA:16,0
DA:17,0
DA:20,0
DA:21,0
DA:22,0
DA:25,0
DA:30,0
DA:31,0
DA:32,0
DA:35,0
DA:36,0
DA:38,0
DA:39,0
DA:40,0
DA:41,0
DA:42,0
DA:43,0
DA:47,0
DA:48,0
DA:54,0
DA:56,0
DA:57,0
DA:58,0
DA:59,0
DA:60,0
DA:62,0
DA:66,0
DA:67,0
DA:68,0
DA:70,0
DA:72,0
DA:75,0
DA:77,0
DA:80,0
DA:81,0
DA:84,0
DA:95,0
DA:96,0
LF:48
LH:6
BRDA:11,0,0,0
BRDA:11,0,1,0
BRDA:16,1,0,0
BRDA:16,1,1,0
BRDA:22,2,0,0
BRDA:22,2,1,0
BRDA:30,3,0,0
BRDA:30,3,1,0
BRDA:30,4,0,0
BRDA:30,4,1,0
BRDA:30,5,0,0
BRDA:30,5,1,0
BRDA:30,6,0,0
BRDA:30,6,1,0
BRDA:30,7,0,0
BRDA:30,7,1,0
BRDA:31,8,0,0
BRDA:31,8,1,0
BRDA:31,8,2,0
BRDA:31,9,0,0
BRDA:31,9,1,0
BRDA:31,10,0,0
BRDA:31,10,1,0
BRDA:31,11,0,0
BRDA:31,11,1,0
BRDA:31,12,0,0
BRDA:31,12,1,0
BRDA:32,13,0,0
BRDA:32,13,1,0
BRDA:32,14,0,0
BRDA:32,14,1,0
BRDA:32,15,0,0
BRDA:32,15,1,0
BRDA:32,16,0,0
BRDA:32,16,1,0
BRDA:32,17,0,0
BRDA:32,17,1,0
BRDA:38,18,0,0
BRDA:38,18,1,0
BRDA:41,19,0,0
BRDA:41,19,1,0
BRDA:60,20,0,0
BRDA:60,20,1,0
BRDA:62,21,0,0
BRDA:62,21,1,0
BRDA:67,22,0,0
BRDA:67,22,1,0
BRDA:67,23,0,0
BRDA:67,23,1,0
BRDA:80,24,0,0
BRDA:80,24,1,0
BRDA:87,25,0,0
BRDA:87,25,1,0
BRF:53
BRH:0
end_of_record
TN:
SF:src/modules/common/upload.routes.ts
FNF:0
FNH:0
DA:1,12
DA:2,12
DA:3,12
DA:4,12
DA:6,12
DA:8,12
DA:10,12
LF:7
LH:7
BRF:0
BRH:0
end_of_record
TN:
SF:src/modules/home/home.controller.ts
FN:5,(anonymous_13)
FN:5,(anonymous_14)
FNF:2
FNH:0
FNDA:0,(anonymous_13)
FNDA:0,(anonymous_14)
DA:2,12
DA:3,12
DA:5,12
DA:6,0
DA:7,0
DA:8,0
DA:9,0
DA:11,0
LF:8
LH:3
BRDA:9,0,0,0
BRDA:9,0,1,0
BRF:2
BRH:0
end_of_record
TN:
SF:src/modules/home/home.routes.ts
FNF:0
FNH:0
DA:1,12
DA:2,12
DA:3,12
DA:5,12
DA:7,12
DA:9,12
DA:11,12
LF:7
LH:7
BRF:0
BRH:0
end_of_record
TN:
SF:src/modules/home/home.service.ts
FN:11,(anonymous_7)
FN:13,(anonymous_8)
FNF:2
FNH:0
FNDA:0,(anonymous_7)
FNDA:0,(anonymous_8)
DA:1,12
DA:3,12
DA:11,12
DA:13,0
DA:14,0
DA:15,0
DA:16,0
DA:17,0
DA:25,0
DA:46,0
DA:57,0
LF:11
LH:3
BRDA:16,0,0,0
BRDA:16,0,1,0
BRDA:16,1,0,0
BRDA:16,1,1,0
BRF:4
BRH:0
end_of_record
TN:
SF:src/modules/incidents/incident.controller.ts
FN:7,(anonymous_13)
FN:7,(anonymous_14)
FN:18,(anonymous_15)
FN:18,(anonymous_16)
FN:60,(anonymous_17)
FN:60,(anonymous_18)
FN:78,(anonymous_19)
FN:78,(anonymous_20)
FN:97,(anonymous_21)
FN:97,(anonymous_22)
FN:106,(anonymous_23)
FN:106,(anonymous_24)
FN:128,(anonymous_25)
FN:128,(anonymous_26)
FN:158,(anonymous_27)
FNF:15
FNH:8
FNDA:1,(anonymous_13)
FNDA:1,(anonymous_14)
FNDA:1,(anonymous_15)
FNDA:1,(anonymous_16)
FNDA:1,(anonymous_17)
FNDA:1,(anonymous_18)
FNDA:1,(anonymous_19)
FNDA:1,(anonymous_20)
FNDA:0,(anonymous_21)
FNDA:0,(anonymous_22)
FNDA:0,(anonymous_23)
FNDA:0,(anonymous_24)
FNDA:0,(anonymous_25)
FNDA:0,(anonymous_26)
FNDA:0,(anonymous_27)
DA:1,12
DA:3,12
DA:4,12
DA:5,12
DA:7,12
DA:8,1
DA:9,1
DA:10,1
DA:12,0
DA:16,12
DA:18,12
DA:19,1
DA:29,1
DA:31,1
DA:33,1
DA:34,0
DA:38,1
DA:40,1
DA:42,1
DA:54,1
DA:56,0
DA:60,12
DA:61,1
DA:62,1
DA:64,1
DA:65,1
DA:66,1
DA:67,1
DA:68,1
DA:69,1
DA:71,1
DA:72,1
DA:74,0
DA:78,12
DA:79,1
DA:80,1
DA:82,1
DA:84,1
DA:85,0
DA:90,1
DA:91,1
DA:93,0
DA:97,12
DA:98,0
DA:99,0
DA:100,0
DA:102,0
DA:106,12
DA:107,0
DA:108,0
DA:109,0
DA:110,0
DA:111,0
DA:121,0
DA:122,0
DA:124,0
DA:128,12
DA:129,0
DA:130,0
DA:131,0
DA:133,0
DA:134,0
DA:139,0
DA:140,0
DA:141,0
DA:147,0
DA:148,0
DA:149,0
DA:150,0
DA:152,0
DA:157,0
DA:158,0
DA:159,0
DA:161,0
DA:162,0
DA:164,0
DA:166,0
DA:168,0
LF:78
LH:39
BRDA:31,0,0,0
BRDA:31,0,1,1
BRDA:31,1,0,1
BRDA:31,1,1,1
BRDA:33,2,0,0
BRDA:33,2,1,1
BRDA:40,3,0,1
BRDA:40,3,1,1
BRDA:48,4,0,0
BRDA:48,4,1,1
BRDA:49,5,0,1
BRDA:49,5,1,0
BRDA:50,6,0,1
BRDA:50,6,1,0
BRDA:65,7,0,0
BRDA:65,7,1,1
BRDA:66,8,0,0
BRDA:66,8,1,1
BRDA:67,9,0,0
BRDA:67,9,1,1
BRDA:68,10,0,0
BRDA:68,10,1,1
BRDA:69,11,0,0
BRDA:69,11,1,1
BRDA:82,12,0,0
BRDA:82,12,1,1
BRDA:82,13,0,1
BRDA:82,13,1,1
BRDA:84,14,0,0
BRDA:84,14,1,1
BRDA:110,15,0,0
BRDA:110,15,1,0
BRDA:133,16,0,0
BRDA:133,16,1,0
BRDA:140,17,0,0
BRDA:140,17,1,0
BRDA:140,18,0,0
BRDA:140,18,1,0
BRDA:148,19,0,0
BRDA:148,19,1,0
BRDA:159,20,0,0
BRDA:159,20,1,0
BRDA:161,21,0,0
BRDA:161,21,1,0
BRDA:161,22,0,0
BRDA:161,22,1,0
BRF:46
BRH:18
end_of_record
TN:
SF:src/modules/incidents/incident.routes.ts
FNF:0
FNH:0
DA:1,12
DA:2,12
DA:3,12
DA:5,12
DA:7,12
DA:8,12
DA:9,12
DA:10,12
DA:11,12
DA:12,12
DA:13,12
DA:15,12
LF:12
LH:12
BRF:0
BRH:0
end_of_record
TN:
SF:src/modules/incidents/incident.service.ts
FN:15,(anonymous_7)
FN:17,(anonymous_8)
FN:57,(anonymous_9)
FN:67,(anonymous_10)
FN:68,(anonymous_11)
FN:68,(anonymous_12)
FN:94,(anonymous_13)
FN:94,(anonymous_14)
FN:116,(anonymous_15)
FN:116,(anonymous_16)
FN:123,(anonymous_17)
FN:130,(anonymous_18)
FN:158,(anonymous_19)
FN:158,(anonymous_20)
FN:173,(anonymous_21)
FN:173,(anonymous_22)
FN:181,(anonymous_23)
FN:181,(anonymous_24)
FN:188,(anonymous_25)
FN:188,(anonymous_26)
FN:194,(anonymous_27)
FN:194,(anonymous_28)
FNF:22
FNH:12
FNDA:1,(anonymous_7)
FNDA:1,(anonymous_8)
FNDA:1,(anonymous_9)
FNDA:1,(anonymous_10)
FNDA:1,(anonymous_11)
FNDA:1,(anonymous_12)
FNDA:1,(anonymous_13)
FNDA:1,(anonymous_14)
FNDA:0,(anonymous_15)
FNDA:0,(anonymous_16)
FNDA:1,(anonymous_17)
FNDA:1,(anonymous_18)
FNDA:1,(anonymous_19)
FNDA:1,(anonymous_20)
FNDA:0,(anonymous_21)
FNDA:0,(anonymous_22)
FNDA:0,(anonymous_23)
FNDA:0,(anonymous_24)
FNDA:0,(anonymous_25)
FNDA:0,(anonymous_26)
FNDA:0,(anonymous_27)
FNDA:0,(anonymous_28)
DA:1,12
DA:6,12
DA:7,12
DA:8,12
DA:12,12
DA:13,12
DA:15,12
DA:17,1
DA:18,1
DA:21,1
DA:22,1
DA:23,1
DA:24,1
DA:33,1
DA:34,0
DA:37,1
DA:54,1
DA:57,12
DA:67,1
DA:68,1
DA:69,1
DA:70,1
DA:71,0
DA:75,0
DA:78,1
DA:94,1
DA:95,1
DA:96,1
DA:104,1
DA:105,1
DA:106,1
DA:109,0
DA:113,1
DA:116,12
DA:117,0
DA:123,12
DA:130,1
DA:131,1
DA:133,1
DA:134,0
DA:138,1
DA:139,0
DA:142,1
DA:143,1
DA:144,1
DA:145,0
DA:146,1
DA:148,1
DA:158,12
DA:159,1
DA:173,12
DA:174,0
DA:181,12
DA:182,0
DA:188,12
DA:189,0
DA:194,12
DA:195,0
LF:58
LH:46
BRDA:21,0,0,1
BRDA:21,0,1,0
BRDA:22,1,0,1
BRDA:22,1,1,0
BRDA:33,2,0,0
BRDA:33,2,1,1
BRDA:33,3,0,1
BRDA:33,3,1,0
BRDA:47,4,0,1
BRDA:47,4,1,0
BRDA:70,5,0,0
BRDA:70,5,1,1
BRDA:75,6,0,0
BRDA:75,6,1,0
BRDA:75,7,0,0
BRDA:75,7,1,0
BRDA:75,8,0,0
BRDA:75,8,1,0
BRDA:104,9,0,1
BRDA:104,9,1,0
BRDA:133,10,0,0
BRDA:133,10,1,1
BRDA:133,11,0,1
BRDA:133,11,1,0
BRDA:138,12,0,0
BRDA:138,12,1,1
BRDA:142,13,0,0
BRDA:142,13,1,1
BRDA:143,14,0,0
BRDA:143,14,1,1
BRDA:144,15,0,0
BRDA:144,15,1,1
BRDA:146,16,0,0
BRDA:146,16,1,1
BRF:34
BRH:14
end_of_record
TN:
SF:src/modules/kardex/kardex.controller.ts
FN:17,(anonymous_7)
FN:17,(anonymous_8)
FN:51,(anonymous_9)
FN:51,(anonymous_10)
FN:69,(anonymous_11)
FN:69,(anonymous_12)
FN:86,(anonymous_13)
FN:86,(anonymous_14)
FN:104,(anonymous_15)
FN:107,(anonymous_16)
FN:125,(anonymous_17)
FN:125,(anonymous_18)
FN:148,(anonymous_19)
FN:148,(anonymous_20)
FN:178,(anonymous_21)
FNF:15
FNH:10
FNDA:3,(anonymous_7)
FNDA:3,(anonymous_8)
FNDA:1,(anonymous_9)
FNDA:1,(anonymous_10)
FNDA:0,(anonymous_11)
FNDA:0,(anonymous_12)
FNDA:1,(anonymous_13)
FNDA:1,(anonymous_14)
FNDA:2,(anonymous_15)
FNDA:2,(anonymous_16)
FNDA:1,(anonymous_17)
FNDA:1,(anonymous_18)
FNDA:0,(anonymous_19)
FNDA:0,(anonymous_20)
FNDA:0,(anonymous_21)
DA:2,12
DA:3,12
DA:12,12
DA:13,12
DA:15,12
DA:17,12
DA:18,3
DA:27,3
DA:29,3
DA:30,0
DA:35,3
DA:45,3
DA:47,0
DA:51,12
DA:52,1
DA:53,1
DA:54,1
DA:56,1
DA:63,1
DA:65,0
DA:69,12
DA:70,0
DA:71,0
DA:73,0
DA:80,0
DA:82,0
DA:86,12
DA:87,1
DA:88,1
DA:90,1
DA:92,1
DA:93,0
DA:98,1
DA:100,0
DA:104,12
DA:107,2
DA:108,2
DA:109,2
DA:111,2
DA:118,2
DA:120,0
DA:121,0
DA:125,12
DA:126,1
DA:127,1
DA:128,1
DA:130,1
DA:131,0
DA:141,1
DA:142,1
DA:144,0
DA:148,12
DA:149,0
DA:150,0
DA:151,0
DA:153,0
DA:154,0
DA:159,0
DA:160,0
DA:161,0
DA:167,0
DA:168,0
DA:169,0
DA:170,0
DA:172,0
DA:177,0
DA:178,0
DA:179,0
DA:181,0
DA:182,0
DA:185,0
DA:187,0
DA:189,0
LF:73
LH:38
BRDA:29,0,0,0
BRDA:29,0,1,3
BRDA:29,1,0,3
BRDA:29,1,1,3
BRDA:92,2,0,0
BRDA:92,2,1,1
BRDA:112,3,0,2
BRDA:112,3,1,2
BRDA:113,4,0,2
BRDA:113,4,1,2
BRDA:114,5,0,2
BRDA:114,5,1,0
BRDA:115,6,0,2
BRDA:115,6,1,2
BRDA:130,7,0,0
BRDA:130,7,1,1
BRDA:153,8,0,0
BRDA:153,8,1,0
BRDA:160,9,0,0
BRDA:160,9,1,0
BRDA:160,10,0,0
BRDA:160,10,1,0
BRDA:168,11,0,0
BRDA:168,11,1,0
BRDA:179,12,0,0
BRDA:179,12,1,0
BRDA:181,13,0,0
BRDA:181,13,1,0
BRDA:181,14,0,0
BRDA:181,14,1,0
BRF:30
BRH:12
end_of_record
TN:
SF:src/modules/kardex/kardex.routes.ts
FNF:0
FNH:0
DA:1,12
DA:2,12
DA:3,12
DA:5,12
DA:7,12
DA:9,12
DA:10,12
DA:11,12
DA:12,12
DA:13,12
DA:14,12
DA:15,12
DA:17,12
LF:13
LH:13
BRF:0
BRH:0
end_of_record
TN:
SF:src/modules/kardex/kardex.service.ts
FN:6,(anonymous_7)
FN:14,(anonymous_8)
FN:58,(anonymous_9)
FN:62,(anonymous_10)
FN:93,(anonymous_11)
FN:101,(anonymous_12)
FN:108,(anonymous_13)
FN:113,(anonymous_14)
FN:151,(anonymous_15)
FN:151,(anonymous_16)
FN:186,(anonymous_17)
FN:201,(anonymous_18)
FN:206,(anonymous_19)
FN:292,(anonymous_20)
FN:292,(anonymous_21)
FN:298,(anonymous_22)
FN:298,(anonymous_23)
FNF:17
FNH:12
FNDA:3,(anonymous_7)
FNDA:3,(anonymous_8)
FNDA:2,(anonymous_9)
FNDA:1,(anonymous_10)
FNDA:1,(anonymous_11)
FNDA:1,(anonymous_12)
FNDA:0,(anonymous_13)
FNDA:0,(anonymous_14)
FNDA:2,(anonymous_15)
FNDA:2,(anonymous_16)
FNDA:0,(anonymous_17)
FNDA:2,(anonymous_18)
FNDA:2,(anonymous_19)
FNDA:1,(anonymous_20)
FNDA:1,(anonymous_21)
FNDA:0,(anonymous_22)
FNDA:0,(anonymous_23)
DA:1,12
DA:2,12
DA:3,12
DA:6,12
DA:14,3
DA:15,3
DA:16,3
DA:21,3
DA:36,3
DA:37,0
DA:38,0
DA:41,0
DA:42,0
DA:49,3
DA:57,3
DA:58,2
DA:61,3
DA:62,1
DA:65,3
DA:66,2
DA:67,2
DA:70,1
DA:71,1
DA:76,3
DA:91,12
DA:93,12
DA:101,1
DA:102,1
DA:108,12
DA:113,0
DA:114,0
DA:116,0
DA:117,0
DA:119,0
DA:120,0
DA:126,0
DA:151,12
DA:152,2
DA:173,2
DA:174,0
DA:179,0
DA:181,0
DA:186,0
DA:198,2
DA:201,12
DA:206,2
DA:207,2
DA:208,2
DA:209,2
DA:211,2
DA:213,2
DA:214,0
DA:217,2
DA:218,0
DA:221,2
DA:222,1
DA:225,2
DA:226,1
DA:235,2
DA:236,0
DA:237,0
DA:239,0
DA:240,0
DA:247,2
DA:248,2
DA:250,0
DA:251,0
DA:252,0
DA:253,0
DA:255,0
DA:258,2
DA:261,2
DA:263,2
DA:286,2
DA:292,12
DA:293,1
DA:298,12
DA:299,0
LF:78
LH:51
BRDA:36,0,0,0
BRDA:36,0,1,3
BRDA:41,1,0,0
BRDA:41,1,1,0
BRDA:57,2,0,1
BRDA:57,2,1,2
BRDA:57,3,0,3
BRDA:57,3,1,3
BRDA:57,4,0,1
BRDA:57,4,1,2
BRDA:57,5,0,3
BRDA:57,5,1,2
BRDA:61,6,0,2
BRDA:61,6,1,1
BRDA:61,7,0,3
BRDA:61,7,1,2
BRDA:61,8,0,1
BRDA:61,8,1,2
BRDA:61,9,0,3
BRDA:61,9,1,2
BRDA:65,10,0,2
BRDA:65,10,1,1
BRDA:65,11,0,3
BRDA:65,11,1,1
BRDA:116,12,0,0
BRDA:116,12,1,0
BRDA:117,13,0,0
BRDA:117,13,1,0
BRDA:119,14,0,0
BRDA:119,14,1,0
BRDA:119,15,0,0
BRDA:119,15,1,0
BRDA:173,16,0,0
BRDA:173,16,1,2
BRDA:173,17,0,2
BRDA:173,17,1,2
BRDA:173,17,2,2
BRDA:179,18,0,0
BRDA:179,18,1,0
BRDA:179,19,0,0
BRDA:179,19,1,0
BRDA:213,20,0,0
BRDA:213,20,1,2
BRDA:217,21,0,0
BRDA:217,21,1,2
BRDA:221,22,0,1
BRDA:221,22,1,1
BRDA:225,23,0,1
BRDA:225,23,1,1
BRDA:235,24,0,0
BRDA:235,24,1,2
BRDA:235,25,0,2
BRDA:235,25,1,0
BRDA:235,25,2,0
BRDA:237,26,0,0
BRDA:237,26,1,0
BRDA:239,27,0,0
BRDA:239,27,1,0
BRDA:239,28,0,0
BRDA:239,28,1,0
BRDA:248,29,0,0
BRDA:248,29,1,2
BRDA:248,30,0,2
BRDA:248,30,1,0
BRDA:250,31,0,0
BRDA:250,31,1,0
BRDA:252,32,0,0
BRDA:252,32,1,0
BRF:68
BRH:35
end_of_record
TN:
SF:src/modules/locations/locations.controller.ts
FN:5,(anonymous_13)
FN:5,(anonymous_14)
FN:14,(anonymous_15)
FN:14,(anonymous_16)
FN:24,(anonymous_17)
FN:24,(anonymous_18)
FN:44,(anonymous_19)
FN:44,(anonymous_20)
FN:64,(anonymous_21)
FN:64,(anonymous_22)
FN:74,(anonymous_23)
FN:74,(anonymous_24)
FNF:12
FNH:8
FNDA:0,(anonymous_13)
FNDA:0,(anonymous_14)
FNDA:1,(anonymous_15)
FNDA:1,(anonymous_16)
FNDA:5,(anonymous_17)
FNDA:5,(anonymous_18)
FNDA:1,(anonymous_19)
FNDA:1,(anonymous_20)
FNDA:1,(anonymous_21)
FNDA:1,(anonymous_22)
FNDA:0,(anonymous_23)
FNDA:0,(anonymous_24)
DA:1,12
DA:3,12
DA:5,12
DA:6,0
DA:7,0
DA:8,0
DA:10,0
DA:14,12
DA:15,1
DA:16,1
DA:17,1
DA:18,1
DA:20,0
DA:24,12
DA:25,5
DA:26,5
DA:28,5
DA:37,5
DA:38,5
DA:40,0
DA:44,12
DA:45,1
DA:46,1
DA:47,1
DA:49,1
DA:58,1
DA:60,0
DA:64,12
DA:65,1
DA:66,1
DA:67,1
DA:68,1
DA:70,0
DA:74,12
DA:75,0
DA:76,0
DA:77,0
DA:78,0
DA:80,0
DA:81,0
DA:82,0
DA:83,0
DA:85,0
LF:43
LH:26
BRDA:30,0,0,5
BRDA:30,0,1,1
BRDA:31,1,0,5
BRDA:31,1,1,5
BRDA:32,2,0,5
BRDA:32,2,1,5
BRDA:33,3,0,5
BRDA:33,3,1,5
BRDA:50,4,0,1
BRDA:50,4,1,1
BRDA:51,5,0,1
BRDA:51,5,1,1
BRDA:70,6,0,0
BRDA:70,6,1,0
BRDA:77,7,0,0
BRDA:77,7,1,0
BRDA:77,8,0,0
BRDA:77,8,1,0
BRDA:77,8,2,0
BRF:19
BRH:12
end_of_record
TN:
SF:src/modules/locations/locations.routes.ts
FNF:0
FNH:0
DA:1,12
DA:2,12
DA:4,12
DA:5,12
DA:6,12
DA:8,12
DA:10,12
DA:12,12
DA:14,12
DA:15,12
DA:16,12
DA:17,12
DA:18,12
DA:20,12
LF:14
LH:14
BRF:0
BRH:0
end_of_record
TN:
SF:src/modules/locations/locations.service.ts
FN:15,(anonymous_8)
FN:17,(anonymous_9)
FN:38,(anonymous_10)
FN:117,(anonymous_11)
FN:117,(anonymous_12)
FN:129,(anonymous_13)
FN:137,(anonymous_14)
FN:143,(anonymous_15)
FN:143,(anonymous_16)
FN:150,(anonymous_17)
FN:150,(anonymous_18)
FN:163,(anonymous_19)
FN:163,(anonymous_20)
FN:173,(anonymous_21)
FN:173,(anonymous_22)
FN:181,(anonymous_23)
FN:347,(anonymous_24)
FN:348,(anonymous_25)
FNF:18
FNH:8
FNDA:0,(anonymous_8)
FNDA:0,(anonymous_9)
FNDA:0,(anonymous_10)
FNDA:1,(anonymous_11)
FNDA:1,(anonymous_12)
FNDA:5,(anonymous_13)
FNDA:5,(anonymous_14)
FNDA:1,(anonymous_15)
FNDA:1,(anonymous_16)
FNDA:1,(anonymous_17)
FNDA:1,(anonymous_18)
FNDA:0,(anonymous_19)
FNDA:0,(anonymous_20)
FNDA:0,(anonymous_21)
FNDA:0,(anonymous_22)
FNDA:0,(anonymous_23)
FNDA:0,(anonymous_24)
FNDA:0,(anonymous_25)
DA:1,12
DA:2,12
DA:11,12
DA:12,12
DA:13,12
DA:15,12
DA:17,0
DA:18,0
DA:19,0
DA:20,0
DA:21,0
DA:22,0
DA:25,0
DA:26,0
DA:27,0
DA:29,0
DA:30,0
DA:31,0
DA:34,0
DA:35,0
DA:36,0
DA:37,0
DA:41,0
DA:50,0
DA:51,0
DA:53,0
DA:54,0
DA:56,0
DA:58,0
DA:60,0
DA:68,0
DA:69,0
DA:71,0
DA:72,0
DA:75,0
DA:76,0
DA:78,0
DA:82,0
DA:83,0
DA:87,0
DA:88,0
DA:90,0
DA:91,0
DA:94,0
DA:110,0
DA:112,0
DA:113,0
DA:117,12
DA:118,1
DA:119,1
DA:120,0
DA:122,1
DA:129,12
DA:137,5
DA:138,5
DA:143,12
DA:144,1
DA:150,12
DA:151,1
DA:155,1
DA:157,1
DA:163,12
DA:164,0
DA:169,12
DA:170,12
DA:171,12
DA:173,12
DA:174,0
DA:179,0
DA:180,0
DA:181,0
DA:183,0
DA:184,0
DA:185,0
DA:186,0
DA:187,0
DA:188,0
DA:189,0
DA:191,0
DA:192,0
DA:193,0
DA:195,0
DA:196,0
DA:197,0
DA:200,0
DA:201,0
DA:202,0
DA:203,0
DA:205,0
DA:206,0
DA:208,0
DA:211,0
DA:212,0
DA:213,0
DA:215,0
DA:216,0
DA:217,0
DA:218,0
DA:219,0
DA:220,0
DA:223,0
DA:226,0
DA:236,0
DA:246,0
DA:260,0
DA:276,0
DA:284,0
DA:285,0
DA:286,0
DA:287,0
DA:289,0
DA:294,0
DA:298,0
DA:299,0
DA:306,0
DA:317,0
DA:318,0
DA:328,0
DA:338,0
DA:345,0
DA:347,0
DA:348,0
DA:349,0
LF:123
LH:24
BRDA:20,0,0,0
BRDA:20,0,1,0
BRDA:22,1,0,0
BRDA:22,1,1,0
BRDA:22,2,0,0
BRDA:22,2,1,0
BRDA:22,3,0,0
BRDA:22,3,1,0
BRDA:26,4,0,0
BRDA:26,4,1,0
BRDA:26,5,0,0
BRDA:26,5,1,0
BRDA:26,6,0,0
BRDA:26,6,1,0
BRDA:30,7,0,0
BRDA:30,7,1,0
BRDA:30,8,0,0
BRDA:30,8,1,0
BRDA:30,9,0,0
BRDA:30,9,1,0
BRDA:34,10,0,0
BRDA:34,10,1,0
BRDA:50,11,0,0
BRDA:50,11,1,0
BRDA:53,12,0,0
BRDA:53,12,1,0
BRDA:68,13,0,0
BRDA:68,13,1,0
BRDA:71,14,0,0
BRDA:71,14,1,0
BRDA:76,15,0,0
BRDA:76,15,1,0
BRDA:76,16,0,0
BRDA:76,16,1,0
BRDA:76,17,0,0
BRDA:76,17,1,0
BRDA:87,18,0,0
BRDA:87,18,1,0
BRDA:90,19,0,0
BRDA:90,19,1,0
BRDA:103,20,0,0
BRDA:103,20,1,0
BRDA:119,21,0,0
BRDA:119,21,1,1
BRDA:155,22,0,0
BRDA:155,22,1,1
BRDA:196,23,0,0
BRDA:196,23,1,0
BRDA:196,24,0,0
BRDA:196,24,1,0
BRDA:284,25,0,0
BRDA:284,25,1,0
BRF:52
BRH:2
end_of_record
TN:
SF:src/modules/locations/schemas/locations.schema.ts
FNF:0
FNH:0
DA:1,12
DA:3,12
DA:15,12
DA:31,12
LF:4
LH:4
BRF:0
BRH:0
end_of_record
TN:
SF:src/modules/maintenance/maintenance.controller.ts
FN:5,(anonymous_13)
FN:5,(anonymous_14)
FN:14,(anonymous_15)
FN:14,(anonymous_16)
FN:46,(anonymous_17)
FN:46,(anonymous_18)
FN:64,(anonymous_19)
FN:64,(anonymous_20)
FN:81,(anonymous_21)
FN:81,(anonymous_22)
FN:90,(anonymous_23)
FN:90,(anonymous_24)
FN:105,(anonymous_25)
FN:105,(anonymous_26)
FN:120,(anonymous_27)
FNF:15
FNH:8
FNDA:1,(anonymous_13)
FNDA:1,(anonymous_14)
FNDA:1,(anonymous_15)
FNDA:1,(anonymous_16)
FNDA:1,(anonymous_17)
FNDA:1,(anonymous_18)
FNDA:1,(anonymous_19)
FNDA:1,(anonymous_20)
FNDA:0,(anonymous_21)
FNDA:0,(anonymous_22)
FNDA:0,(anonymous_23)
FNDA:0,(anonymous_24)
FNDA:0,(anonymous_25)
FNDA:0,(anonymous_26)
FNDA:0,(anonymous_27)
DA:1,12
DA:3,12
DA:5,12
DA:6,1
DA:7,1
DA:8,1
DA:10,0
DA:14,12
DA:15,1
DA:16,1
DA:18,1
DA:20,1
DA:21,0
DA:25,1
DA:27,1
DA:40,1
DA:42,0
DA:46,12
DA:47,1
DA:48,1
DA:50,1
DA:51,1
DA:52,1
DA:53,1
DA:54,1
DA:55,1
DA:57,1
DA:58,1
DA:60,0
DA:64,12
DA:65,1
DA:66,1
DA:68,1
DA:70,1
DA:71,0
DA:74,1
DA:75,1
DA:77,0
DA:81,12
DA:82,0
DA:83,0
DA:84,0
DA:86,0
DA:90,12
DA:91,0
DA:92,0
DA:93,0
DA:94,0
DA:95,0
DA:98,0
DA:99,0
DA:101,0
DA:105,12
DA:106,0
DA:107,0
DA:108,0
DA:110,0
DA:111,0
DA:114,0
DA:115,0
DA:116,0
DA:119,0
DA:120,0
DA:121,0
DA:122,0
DA:123,0
DA:126,0
DA:127,0
DA:129,0
LF:69
LH:35
BRDA:18,0,0,0
BRDA:18,0,1,1
BRDA:18,1,0,1
BRDA:18,1,1,1
BRDA:20,2,0,0
BRDA:20,2,1,1
BRDA:25,3,0,1
BRDA:25,3,1,1
BRDA:34,4,0,0
BRDA:34,4,1,1
BRDA:35,5,0,1
BRDA:35,5,1,0
BRDA:36,6,0,1
BRDA:36,6,1,0
BRDA:51,7,0,0
BRDA:51,7,1,1
BRDA:52,8,0,0
BRDA:52,8,1,1
BRDA:53,9,0,0
BRDA:53,9,1,1
BRDA:54,10,0,0
BRDA:54,10,1,1
BRDA:55,11,0,0
BRDA:55,11,1,1
BRDA:68,12,0,0
BRDA:68,12,1,1
BRDA:68,13,0,1
BRDA:68,13,1,1
BRDA:70,14,0,0
BRDA:70,14,1,1
BRDA:94,15,0,0
BRDA:94,15,1,0
BRDA:110,16,0,0
BRDA:110,16,1,0
BRDA:115,17,0,0
BRDA:115,17,1,0
BRDA:115,18,0,0
BRDA:115,18,1,0
BRDA:121,19,0,0
BRDA:121,19,1,0
BRDA:122,20,0,0
BRDA:122,20,1,0
BRDA:122,21,0,0
BRDA:122,21,1,0
BRF:44
BRH:18
end_of_record
TN:
SF:src/modules/maintenance/maintenance.routes.ts
FNF:0
FNH:0
DA:1,12
DA:2,12
DA:3,12
DA:5,12
DA:7,12
DA:8,12
DA:9,12
DA:10,12
DA:11,12
DA:12,12
DA:13,12
DA:15,12
LF:12
LH:12
BRF:0
BRH:0
end_of_record
TN:
SF:src/modules/maintenance/maintenance.service.ts
FN:12,(anonymous_7)
FN:14,(anonymous_8)
FN:57,(anonymous_9)
FN:68,(anonymous_10)
FN:69,(anonymous_11)
FN:69,(anonymous_12)
FN:95,(anonymous_13)
FN:95,(anonymous_14)
FN:123,(anonymous_15)
FN:123,(anonymous_16)
FN:130,(anonymous_17)
FN:137,(anonymous_18)
FN:165,(anonymous_19)
FN:165,(anonymous_20)
FN:180,(anonymous_21)
FN:180,(anonymous_22)
FN:188,(anonymous_23)
FN:188,(anonymous_24)
FN:198,(anonymous_25)
FN:198,(anonymous_26)
FN:204,(anonymous_27)
FN:204,(anonymous_28)
FNF:22
FNH:12
FNDA:1,(anonymous_7)
FNDA:1,(anonymous_8)
FNDA:1,(anonymous_9)
FNDA:1,(anonymous_10)
FNDA:1,(anonymous_11)
FNDA:1,(anonymous_12)
FNDA:1,(anonymous_13)
FNDA:1,(anonymous_14)
FNDA:0,(anonymous_15)
FNDA:0,(anonymous_16)
FNDA:1,(anonymous_17)
FNDA:1,(anonymous_18)
FNDA:1,(anonymous_19)
FNDA:1,(anonymous_20)
FNDA:0,(anonymous_21)
FNDA:0,(anonymous_22)
FNDA:0,(anonymous_23)
FNDA:0,(anonymous_24)
FNDA:0,(anonymous_25)
FNDA:0,(anonymous_26)
FNDA:0,(anonymous_27)
FNDA:0,(anonymous_28)
DA:1,12
DA:6,12
DA:7,12
DA:12,12
DA:14,1
DA:15,1
DA:18,1
DA:19,1
DA:20,1
DA:21,1
DA:27,1
DA:28,0
DA:31,1
DA:47,1
DA:50,12
DA:54,12
DA:55,12
DA:57,12
DA:68,1
DA:69,1
DA:70,1
DA:71,1
DA:72,0
DA:76,0
DA:79,1
DA:95,1
DA:96,1
DA:97,1
DA:105,1
DA:106,1
DA:110,1
DA:116,0
DA:120,1
DA:123,12
DA:124,0
DA:130,12
DA:137,1
DA:138,1
DA:140,1
DA:141,0
DA:145,1
DA:146,0
DA:149,1
DA:150,1
DA:151,1
DA:152,0
DA:153,1
DA:155,1
DA:165,12
DA:166,1
DA:180,12
DA:181,0
DA:188,12
DA:189,0
DA:198,12
DA:199,0
DA:204,12
DA:205,0
LF:58
LH:46
BRDA:18,0,0,1
BRDA:18,0,1,0
BRDA:19,1,0,1
BRDA:19,1,1,0
BRDA:27,2,0,0
BRDA:27,2,1,1
BRDA:27,3,0,1
BRDA:27,3,1,0
BRDA:71,4,0,0
BRDA:71,4,1,1
BRDA:76,5,0,0
BRDA:76,5,1,0
BRDA:76,6,0,0
BRDA:76,6,1,0
BRDA:76,7,0,0
BRDA:76,7,1,0
BRDA:105,8,0,1
BRDA:105,8,1,0
BRDA:140,9,0,0
BRDA:140,9,1,1
BRDA:140,10,0,1
BRDA:140,10,1,0
BRDA:145,11,0,0
BRDA:145,11,1,1
BRDA:149,12,0,0
BRDA:149,12,1,1
BRDA:150,13,0,0
BRDA:150,13,1,1
BRDA:151,14,0,0
BRDA:151,14,1,1
BRDA:153,15,0,0
BRDA:153,15,1,1
BRF:32
BRH:13
end_of_record
TN:
SF:src/modules/recurring/recurring.controller.ts
FN:5,(anonymous_13)
FN:5,(anonymous_14)
FN:14,(anonymous_15)
FN:14,(anonymous_16)
FN:23,(anonymous_17)
FN:23,(anonymous_18)
FN:33,(anonymous_19)
FN:33,(anonymous_20)
FN:43,(anonymous_21)
FN:43,(anonymous_22)
FN:53,(anonymous_23)
FN:53,(anonymous_24)
FN:63,(anonymous_25)
FN:63,(anonymous_26)
FNF:14
FNH:10
FNDA:1,(anonymous_13)
FNDA:1,(anonymous_14)
FNDA:1,(anonymous_15)
FNDA:1,(anonymous_16)
FNDA:1,(anonymous_17)
FNDA:1,(anonymous_18)
FNDA:2,(anonymous_19)
FNDA:2,(anonymous_20)
FNDA:2,(anonymous_21)
FNDA:2,(anonymous_22)
FNDA:0,(anonymous_23)
FNDA:0,(anonymous_24)
FNDA:0,(anonymous_25)
FNDA:0,(anonymous_26)
DA:1,12
DA:3,12
DA:5,12
DA:6,1
DA:7,1
DA:8,1
DA:10,0
DA:14,12
DA:15,1
DA:16,1
DA:17,1
DA:19,0
DA:23,12
DA:24,1
DA:25,1
DA:26,1
DA:27,1
DA:29,0
DA:33,12
DA:34,2
DA:35,2
DA:36,2
DA:37,2
DA:39,0
DA:43,12
DA:44,2
DA:45,2
DA:46,2
DA:47,2
DA:49,0
DA:53,12
DA:54,0
DA:55,0
DA:56,0
DA:57,0
DA:59,0
DA:63,12
DA:64,0
DA:65,0
DA:66,0
DA:68,0
LF:41
LH:27
BRF:0
BRH:0
end_of_record
TN:
SF:src/modules/recurring/recurring.routes.ts
FNF:0
FNH:0
DA:1,12
DA:2,12
DA:4,12
DA:6,12
DA:8,12
DA:10,12
DA:11,12
DA:12,12
DA:13,12
DA:14,12
DA:15,12
DA:16,12
DA:18,12
LF:13
LH:13
BRF:0
BRH:0
end_of_record
TN:
SF:src/modules/recurring/recurring.service.ts
FN:3,(anonymous_7)
FN:3,(anonymous_8)
FN:45,(anonymous_9)
FN:45,(anonymous_10)
FN:48,(anonymous_11)
FN:48,(anonymous_12)
FN:54,(anonymous_13)
FN:61,(anonymous_14)
FN:69,(anonymous_15)
FN:72,(anonymous_16)
FN:74,(anonymous_17)
FN:96,(anonymous_18)
FN:96,(anonymous_19)
FN:99,(anonymous_20)
FN:99,(anonymous_21)
FN:105,(anonymous_22)
FN:117,(anonymous_23)
FN:124,(anonymous_24)
FN:131,(anonymous_25)
FN:133,(anonymous_26)
FN:135,(anonymous_27)
FN:157,(anonymous_28)
FN:157,(anonymous_29)
FN:164,(anonymous_30)
FN:164,(anonymous_31)
FN:181,(anonymous_32)
FN:181,(anonymous_33)
FN:204,(anonymous_34)
FN:204,(anonymous_35)
FNF:29
FNH:24
FNDA:1,(anonymous_7)
FNDA:1,(anonymous_8)
FNDA:1,(anonymous_9)
FNDA:1,(anonymous_10)
FNDA:1,(anonymous_11)
FNDA:1,(anonymous_12)
FNDA:1,(anonymous_13)
FNDA:2,(anonymous_14)
FNDA:2,(anonymous_15)
FNDA:3,(anonymous_16)
FNDA:3,(anonymous_17)
FNDA:1,(anonymous_18)
FNDA:1,(anonymous_19)
FNDA:1,(anonymous_20)
FNDA:1,(anonymous_21)
FNDA:2,(anonymous_22)
FNDA:0,(anonymous_23)
FNDA:1,(anonymous_24)
FNDA:1,(anonymous_25)
FNDA:1,(anonymous_26)
FNDA:1,(anonymous_27)
FNDA:2,(anonymous_28)
FNDA:2,(anonymous_29)
FNDA:2,(anonymous_30)
FNDA:2,(anonymous_31)
FNDA:0,(anonymous_32)
FNDA:0,(anonymous_33)
FNDA:0,(anonymous_34)
FNDA:0,(anonymous_35)
DA:1,12
DA:3,12
DA:4,1
DA:5,1
DA:6,1
DA:8,1
DA:13,1
DA:14,0
DA:20,1
DA:42,1
DA:45,12
DA:46,1
DA:48,1
DA:49,1
DA:54,1
DA:60,1
DA:61,2
DA:68,1
DA:69,1
DA:70,2
DA:72,3
DA:73,2
DA:74,2
DA:75,3
DA:85,1
DA:86,1
DA:89,1
DA:96,12
DA:97,1
DA:99,1
DA:101,1
DA:105,2
DA:107,1
DA:108,1
DA:111,1
DA:117,0
DA:123,1
DA:124,1
DA:130,1
DA:131,1
DA:132,1
DA:133,1
DA:134,1
DA:135,1
DA:136,1
DA:146,1
DA:147,1
DA:150,1
DA:157,12
DA:158,2
DA:164,12
DA:165,2
DA:181,12
DA:182,0
DA:204,12
DA:205,0
LF:56
LH:52
BRDA:4,0,0,1
BRDA:4,1,0,1
BRDA:5,2,0,1
BRDA:5,2,1,0
BRDA:6,3,0,1
BRDA:6,3,1,0
BRDA:6,3,2,0
BRDA:13,4,0,0
BRDA:13,4,1,1
BRDA:54,5,0,1
BRDA:54,5,1,0
BRDA:70,6,0,2
BRDA:70,6,1,0
BRDA:70,7,0,2
BRDA:70,7,1,2
BRDA:73,8,0,2
BRDA:73,8,1,0
BRDA:85,9,0,1
BRDA:85,9,1,0
BRDA:117,10,0,1
BRDA:117,10,1,0
BRDA:132,11,0,1
BRDA:132,11,1,0
BRDA:132,12,0,1
BRDA:132,12,1,1
BRDA:134,13,0,1
BRDA:134,13,1,0
BRDA:146,14,0,1
BRDA:146,14,1,0
BRF:29
BRH:17
end_of_record
TN:
SF:src/modules/reports/report.controller.ts
FN:5,(anonymous_13)
FN:5,(anonymous_14)
FN:18,(anonymous_15)
FN:18,(anonymous_16)
FN:30,(anonymous_17)
FN:30,(anonymous_18)
FN:43,(anonymous_19)
FN:43,(anonymous_20)
FN:56,(anonymous_21)
FN:56,(anonymous_22)
FN:69,(anonymous_23)
FN:69,(anonymous_24)
FNF:12
FNH:12
FNDA:1,(anonymous_13)
FNDA:1,(anonymous_14)
FNDA:1,(anonymous_15)
FNDA:1,(anonymous_16)
FNDA:1,(anonymous_17)
FNDA:1,(anonymous_18)
FNDA:1,(anonymous_19)
FNDA:1,(anonymous_20)
FNDA:1,(anonymous_21)
FNDA:1,(anonymous_22)
FNDA:1,(anonymous_23)
FNDA:1,(anonymous_24)
DA:3,12
DA:5,12
DA:6,1
DA:7,1
DA:14,1
DA:15,1
DA:18,12
DA:19,1
DA:20,1
DA:26,1
DA:27,1
DA:30,12
DA:31,1
DA:32,1
DA:39,1
DA:40,1
DA:43,12
DA:44,1
DA:45,1
DA:52,1
DA:53,1
DA:56,12
DA:57,1
DA:58,1
DA:65,1
DA:66,1
DA:69,12
DA:70,1
DA:71,1
DA:77,1
DA:78,1
LF:31
LH:31
BRDA:66,0,0,1
BRDA:66,0,1,0
BRF:2
BRH:1
end_of_record
TN:
SF:src/modules/reports/report.routes.ts
FNF:0
FNH:0
DA:2,12
DA:3,12
DA:4,12
DA:6,12
DA:8,12
DA:10,12
DA:11,12
DA:12,12
DA:13,12
DA:14,12
DA:15,12
DA:17,12
LF:12
LH:12
BRF:0
BRH:0
end_of_record
TN:
SF:src/modules/reports/report.service.ts
FN:18,(anonymous_7)
FN:31,(anonymous_8)
FN:31,(anonymous_9)
FN:88,(anonymous_10)
FN:90,(anonymous_11)
FN:122,(anonymous_12)
FN:122,(anonymous_13)
FN:140,(anonymous_14)
FN:146,(anonymous_15)
FN:147,(anonymous_16)
FN:162,(anonymous_17)
FN:162,(anonymous_18)
FN:169,(anonymous_19)
FN:210,(anonymous_20)
FN:211,(anonymous_21)
FN:212,(anonymous_22)
FN:213,(anonymous_23)
FN:214,(anonymous_24)
FN:227,(anonymous_25)
FN:235,(anonymous_26)
FN:235,(anonymous_27)
FN:239,(anonymous_28)
FN:239,(anonymous_29)
FN:246,(anonymous_30)
FN:276,(anonymous_31)
FN:277,(anonymous_32)
FN:278,(anonymous_33)
FN:279,(anonymous_34)
FN:294,(anonymous_35)
FN:296,(anonymous_36)
FN:335,(anonymous_37)
FN:335,(anonymous_38)
FN:371,(anonymous_39)
FN:372,(anonymous_40)
FN:375,(anonymous_41)
FN:388,(anonymous_42)
FNF:36
FNH:32
FNDA:2,(anonymous_7)
FNDA:2,(anonymous_8)
FNDA:2,(anonymous_9)
FNDA:14,(anonymous_10)
FNDA:72,(anonymous_11)
FNDA:1,(anonymous_12)
FNDA:1,(anonymous_13)
FNDA:5,(anonymous_14)
FNDA:5,(anonymous_15)
FNDA:5,(anonymous_16)
FNDA:1,(anonymous_17)
FNDA:1,(anonymous_18)
FNDA:13,(anonymous_19)
FNDA:13,(anonymous_20)
FNDA:25,(anonymous_21)
FNDA:13,(anonymous_22)
FNDA:13,(anonymous_23)
FNDA:25,(anonymous_24)
FNDA:30,(anonymous_25)
FNDA:1,(anonymous_26)
FNDA:1,(anonymous_27)
FNDA:1,(anonymous_28)
FNDA:1,(anonymous_29)
FNDA:13,(anonymous_30)
FNDA:13,(anonymous_31)
FNDA:13,(anonymous_32)
FNDA:25,(anonymous_33)
FNDA:26,(anonymous_34)
FNDA:1,(anonymous_35)
FNDA:1,(anonymous_36)
FNDA:1,(anonymous_37)
FNDA:1,(anonymous_38)
FNDA:0,(anonymous_39)
FNDA:0,(anonymous_40)
FNDA:0,(anonymous_41)
FNDA:0,(anonymous_42)
DA:2,12
DA:4,12
DA:5,12
DA:7,12
DA:18,12
DA:19,2
DA:31,12
DA:32,2
DA:33,2
DA:34,2
DA:35,2
DA:37,2
DA:73,2
DA:82,2
DA:83,2
DA:85,2
DA:86,8
DA:87,8
DA:88,14
DA:90,8
DA:91,72
DA:97,8
DA:98,8
DA:99,8
DA:101,8
DA:102,6
DA:107,2
DA:118,0
DA:122,12
DA:123,1
DA:124,1
DA:125,1
DA:126,1
DA:128,1
DA:140,5
DA:141,1
DA:146,1
DA:147,5
DA:148,5
DA:156,1
DA:158,0
DA:162,12
DA:163,1
DA:164,1
DA:165,1
DA:166,1
DA:168,1
DA:169,13
DA:171,1
DA:210,1
DA:211,25
DA:212,13
DA:213,13
DA:214,25
DA:217,13
DA:219,13
DA:227,30
DA:229,1
DA:231,0
DA:235,12
DA:236,1
DA:239,12
DA:240,1
DA:241,1
DA:242,1
DA:243,1
DA:245,1
DA:246,13
DA:248,1
DA:276,1
DA:277,13
DA:278,25
DA:279,26
DA:281,13
DA:282,13
DA:283,13
DA:284,13
DA:286,13
DA:287,1
DA:288,1
DA:289,1
DA:292,1
DA:293,1
DA:294,1
DA:296,1
DA:297,1
DA:302,1
DA:303,1
DA:304,1
DA:306,1
DA:307,0
DA:312,13
DA:316,13
DA:329,1
DA:331,0
DA:335,12
DA:336,1
DA:337,1
DA:338,1
DA:340,1
DA:341,1
DA:343,1
DA:362,1
DA:363,1
DA:365,1
DA:366,0
DA:368,0
DA:369,0
DA:371,0
DA:372,0
DA:375,0
DA:377,0
DA:378,0
DA:379,0
DA:388,0
DA:389,0
DA:400,1
DA:402,0
LF:118
LH:101
BRDA:24,0,0,0
BRDA:24,0,1,2
BRDA:25,1,0,0
BRDA:25,1,1,2
BRDA:40,2,0,0
BRDA:40,2,1,2
BRDA:41,3,0,0
BRDA:41,3,1,2
BRDA:47,4,0,0
BRDA:47,4,1,2
BRDA:48,5,0,0
BRDA:48,5,1,2
BRDA:54,6,0,0
BRDA:54,6,1,2
BRDA:55,7,0,0
BRDA:55,7,1,2
BRDA:61,8,0,0
BRDA:61,8,1,2
BRDA:62,9,0,0
BRDA:62,9,1,2
BRDA:75,10,0,0
BRDA:75,10,1,2
BRDA:76,11,0,0
BRDA:76,11,1,2
BRDA:86,12,0,8
BRDA:86,12,1,0
BRDA:87,13,0,8
BRDA:87,13,1,1
BRDA:91,14,0,72
BRDA:91,14,1,8
BRDA:91,14,2,8
BRDA:91,14,3,8
BRDA:101,15,0,6
BRDA:101,15,1,2
BRDA:101,16,0,8
BRDA:101,16,1,6
BRDA:133,17,0,0
BRDA:133,17,1,1
BRDA:150,18,0,5
BRDA:150,18,1,4
BRDA:150,19,0,4
BRDA:150,19,1,1
BRDA:150,20,0,5
BRDA:150,20,1,5
BRDA:151,21,0,5
BRDA:151,21,1,4
BRDA:151,22,0,4
BRDA:151,22,1,1
BRDA:151,23,0,5
BRDA:151,23,1,5
BRDA:152,24,0,5
BRDA:152,24,1,0
BRDA:152,24,2,0
BRDA:152,25,0,0
BRDA:152,25,1,5
BRDA:152,26,0,5
BRDA:152,26,1,5
BRDA:152,27,0,0
BRDA:152,27,1,0
BRDA:152,28,0,0
BRDA:152,28,1,0
BRDA:177,29,0,0
BRDA:177,29,1,1
BRDA:186,30,0,0
BRDA:186,30,1,1
BRDA:195,31,0,0
BRDA:195,31,1,1
BRDA:204,32,0,0
BRDA:204,32,1,1
BRDA:211,33,0,13
BRDA:211,33,1,11
BRDA:211,34,0,11
BRDA:211,34,1,2
BRDA:211,35,0,13
BRDA:211,35,1,13
BRDA:211,36,0,11
BRDA:211,36,1,2
BRDA:211,37,0,13
BRDA:211,37,1,13
BRDA:212,38,0,13
BRDA:212,38,1,12
BRDA:212,39,0,12
BRDA:212,39,1,1
BRDA:212,40,0,13
BRDA:212,40,1,13
BRDA:212,41,0,12
BRDA:212,41,1,1
BRDA:212,42,0,13
BRDA:212,42,1,13
BRDA:213,43,0,13
BRDA:213,43,1,12
BRDA:213,44,0,12
BRDA:213,44,1,1
BRDA:213,45,0,13
BRDA:213,45,1,13
BRDA:213,46,0,12
BRDA:213,46,1,1
BRDA:213,47,0,13
BRDA:213,47,1,13
BRDA:214,48,0,13
BRDA:214,48,1,11
BRDA:214,49,0,11
BRDA:214,49,1,2
BRDA:214,50,0,13
BRDA:214,50,1,13
BRDA:214,51,0,11
BRDA:214,51,1,2
BRDA:214,52,0,13
BRDA:214,52,1,13
BRDA:223,53,0,13
BRDA:223,53,1,0
BRDA:223,54,0,0
BRDA:223,54,1,13
BRDA:223,55,0,13
BRDA:223,55,1,13
BRDA:254,56,0,0
BRDA:254,56,1,1
BRDA:262,57,0,0
BRDA:262,57,1,1
BRDA:270,58,0,0
BRDA:270,58,1,1
BRDA:278,59,0,13
BRDA:278,59,1,11
BRDA:278,60,0,11
BRDA:278,60,1,2
BRDA:278,61,0,13
BRDA:278,61,1,13
BRDA:278,62,0,11
BRDA:278,62,1,2
BRDA:278,63,0,13
BRDA:278,63,1,13
BRDA:287,64,0,1
BRDA:287,64,1,0
BRDA:287,65,0,1
BRDA:287,65,1,1
BRDA:292,66,0,1
BRDA:292,66,1,0
BRDA:293,67,0,1
BRDA:293,67,1,0
BRDA:297,68,0,1
BRDA:297,68,1,1
BRDA:297,68,2,1
BRDA:306,69,0,0
BRDA:306,69,1,1
BRDA:306,70,0,1
BRDA:306,70,1,0
BRDA:312,71,0,1
BRDA:312,71,1,12
BRDA:320,72,0,13
BRDA:320,72,1,0
BRDA:320,73,0,0
BRDA:320,73,1,13
BRDA:320,74,0,13
BRDA:320,74,1,13
BRDA:338,75,0,0
BRDA:338,75,1,1
BRDA:348,76,0,0
BRDA:348,76,1,1
BRDA:356,77,0,0
BRDA:356,77,1,1
BRDA:366,78,0,0
BRDA:366,78,1,0
BRDA:368,79,0,0
BRDA:368,79,1,0
BRDA:371,80,0,0
BRDA:371,80,1,0
BRDA:377,81,0,0
BRDA:377,81,1,0
BRDA:378,82,0,0
BRDA:378,82,1,0
BRF:170
BRH:120
end_of_record
TN:
SF:src/modules/rounds/round.controller.ts
FN:6,(anonymous_13)
FN:6,(anonymous_14)
FN:16,(anonymous_15)
FN:16,(anonymous_16)
FN:29,(anonymous_17)
FN:29,(anonymous_18)
FN:35,(anonymous_19)
FN:35,(anonymous_20)
FN:44,(anonymous_21)
FN:44,(anonymous_22)
FN:57,(anonymous_23)
FN:57,(anonymous_24)
FN:64,(anonymous_25)
FN:64,(anonymous_26)
FN:81,(anonymous_27)
FN:81,(anonymous_28)
FNF:16
FNH:14
FNDA:1,(anonymous_13)
FNDA:1,(anonymous_14)
FNDA:2,(anonymous_15)
FNDA:2,(anonymous_16)
FNDA:2,(anonymous_17)
FNDA:2,(anonymous_18)
FNDA:1,(anonymous_19)
FNDA:1,(anonymous_20)
FNDA:1,(anonymous_21)
FNDA:1,(anonymous_22)
FNDA:2,(anonymous_23)
FNDA:2,(anonymous_24)
FNDA:1,(anonymous_25)
FNDA:1,(anonymous_26)
FNDA:0,(anonymous_27)
FNDA:0,(anonymous_28)
DA:2,12
DA:3,12
DA:4,12
DA:6,12
DA:7,1
DA:8,1
DA:9,1
DA:10,1
DA:12,0
DA:16,12
DA:17,2
DA:18,2
DA:19,2
DA:21,2
DA:26,2
DA:29,12
DA:30,2
DA:31,2
DA:32,2
DA:35,12
DA:36,1
DA:37,1
DA:38,0
DA:40,1
DA:41,1
DA:44,12
DA:46,1
DA:47,1
DA:48,1
DA:54,1
DA:57,12
DA:58,2
DA:59,2
DA:60,2
DA:61,2
DA:64,12
DA:65,1
DA:66,1
DA:67,1
DA:68,1
DA:70,1
DA:71,1
DA:75,1
DA:77,0
DA:81,12
DA:82,0
DA:83,0
DA:84,0
DA:85,0
DA:87,0
DA:88,0
DA:89,0
DA:91,0
DA:96,0
DA:98,0
DA:100,0
LF:56
LH:42
BRDA:19,0,0,2
BRDA:19,0,1,1
BRDA:19,1,0,1
BRDA:19,1,1,1
BRDA:19,2,0,2
BRDA:19,2,1,2
BRDA:26,3,0,2
BRDA:26,3,1,0
BRDA:32,4,0,2
BRDA:32,4,1,0
BRDA:36,5,0,0
BRDA:36,5,1,1
BRDA:36,6,0,1
BRDA:36,6,1,1
BRDA:37,7,0,0
BRDA:37,7,1,1
BRDA:41,8,0,1
BRDA:41,8,1,0
BRDA:49,9,0,0
BRDA:49,9,1,1
BRDA:54,10,0,1
BRDA:54,10,1,0
BRDA:61,11,0,2
BRDA:61,11,1,0
BRDA:88,12,0,0
BRDA:88,12,1,0
BRF:26
BRH:16
end_of_record
TN:
SF:src/modules/rounds/round.pdf.service.ts
FN:7,(anonymous_8)
FN:7,(anonymous_9)
FN:23,(anonymous_10)
FN:26,(anonymous_11)
FN:53,(anonymous_12)
FN:60,(anonymous_13)
FN:74,(anonymous_14)
FN:168,(anonymous_15)
FN:191,(anonymous_16)
FN:235,(anonymous_17)
FN:240,(anonymous_18)
FN:279,(anonymous_19)
FN:328,(anonymous_20)
FN:359,(anonymous_21)
FN:367,(anonymous_22)
FN:411,(anonymous_23)
FN:412,(anonymous_24)
FNF:17
FNH:12
FNDA:0,(anonymous_8)
FNDA:0,(anonymous_9)
FNDA:1,(anonymous_10)
FNDA:1,(anonymous_11)
FNDA:3,(anonymous_12)
FNDA:1,(anonymous_13)
FNDA:0,(anonymous_14)
FNDA:3,(anonymous_15)
FNDA:5,(anonymous_16)
FNDA:3,(anonymous_17)
FNDA:0,(anonymous_18)
FNDA:3,(anonymous_19)
FNDA:1,(anonymous_20)
FNDA:1,(anonymous_21)
FNDA:0,(anonymous_22)
FNDA:1,(anonymous_23)
FNDA:1,(anonymous_24)
DA:1,12
DA:2,12
DA:3,12
DA:4,12
DA:5,12
DA:7,12
DA:8,0
DA:9,0
DA:10,0
DA:11,0
DA:13,0
DA:17,0
DA:19,0
DA:23,12
DA:26,1
DA:28,1
DA:33,1
DA:34,1
DA:35,1
DA:37,1
DA:38,1
DA:39,1
DA:40,1
DA:41,1
DA:42,1
DA:43,1
DA:44,1
DA:45,1
DA:46,1
DA:48,1
DA:49,1
DA:50,1
DA:51,1
DA:53,3
DA:54,1
DA:56,1
DA:57,1
DA:58,1
DA:60,1
DA:61,1
DA:63,1
DA:66,1
DA:67,1
DA:68,1
DA:69,1
DA:73,1
DA:74,0
DA:76,1
DA:77,1
DA:79,1
DA:80,1
DA:83,1
DA:84,1
DA:91,1
DA:92,1
DA:93,1
DA:95,1
DA:100,1
DA:106,1
DA:107,1
DA:113,1
DA:118,1
DA:132,1
DA:143,1
DA:144,1
DA:146,1
DA:148,1
DA:154,1
DA:155,1
DA:168,1
DA:169,3
DA:174,3
DA:182,1
DA:183,1
DA:184,1
DA:191,1
DA:192,5
DA:193,5
DA:199,5
DA:200,5
DA:205,5
DA:213,1
DA:214,1
DA:215,1
DA:216,1
DA:217,1
DA:219,1
DA:224,1
DA:229,1
DA:235,3
DA:236,1
DA:237,1
DA:238,0
DA:239,0
DA:240,0
DA:241,0
DA:242,0
DA:243,0
DA:244,0
DA:245,0
DA:246,0
DA:247,0
DA:248,0
DA:250,0
DA:258,0
DA:262,1
DA:266,1
DA:271,1
DA:277,1
DA:278,1
DA:279,1
DA:281,3
DA:282,3
DA:283,3
DA:284,3
DA:289,3
DA:294,3
DA:299,3
DA:303,1
DA:304,1
DA:309,1
DA:314,1
DA:315,1
DA:316,1
DA:325,1
DA:326,1
DA:328,1
DA:329,1
DA:330,0
DA:331,0
DA:333,1
DA:334,1
DA:335,1
DA:340,1
DA:345,1
DA:350,1
DA:355,1
DA:356,1
DA:359,1
DA:360,1
DA:362,1
DA:365,1
DA:367,1
DA:368,0
DA:371,1
DA:372,1
DA:373,1
DA:374,1
DA:375,1
DA:382,1
DA:387,1
DA:392,1
DA:400,1
DA:410,1
DA:411,1
DA:412,1
LF:156
LH:132
BRDA:9,0,0,0
BRDA:9,0,1,0
BRDA:28,1,0,1
BRDA:28,1,1,0
BRDA:28,1,2,0
BRDA:28,1,3,0
BRDA:28,2,0,0
BRDA:28,2,1,1
BRDA:28,3,0,1
BRDA:28,3,1,1
BRDA:29,4,0,0
BRDA:29,4,1,0
BRDA:29,5,0,0
BRDA:29,5,1,0
BRDA:29,6,0,0
BRDA:29,6,1,0
BRDA:29,7,0,0
BRDA:29,7,1,0
BRDA:30,8,0,0
BRDA:30,8,1,0
BRDA:30,9,0,0
BRDA:30,9,1,0
BRDA:30,10,0,0
BRDA:30,10,1,0
BRDA:30,11,0,0
BRDA:30,11,1,0
BRDA:49,12,0,1
BRDA:49,12,1,0
BRDA:54,13,0,1
BRDA:54,13,1,1
BRDA:54,14,0,1
BRDA:54,14,1,0
BRDA:54,15,0,1
BRDA:54,15,1,0
BRDA:61,16,0,0
BRDA:61,16,1,1
BRDA:61,17,0,1
BRDA:61,17,1,1
BRDA:61,18,0,0
BRDA:61,18,1,1
BRDA:61,19,0,1
BRDA:61,19,1,1
BRDA:63,20,0,1
BRDA:63,20,1,0
BRDA:63,20,2,0
BRDA:63,21,0,0
BRDA:63,21,1,1
BRDA:63,22,0,1
BRDA:63,22,1,1
BRDA:66,23,0,1
BRDA:66,23,1,0
BRDA:68,24,0,0
BRDA:68,24,1,1
BRDA:74,25,0,0
BRDA:74,25,1,0
BRDA:74,26,0,0
BRDA:74,26,1,0
BRDA:74,27,0,0
BRDA:74,27,1,0
BRDA:77,28,0,1
BRDA:77,28,1,0
BRDA:79,29,0,1
BRDA:79,29,1,0
BRDA:92,30,0,1
BRDA:92,30,1,0
BRDA:133,31,0,1
BRDA:133,31,1,0
BRDA:137,32,0,1
BRDA:137,32,1,0
BRDA:146,33,0,1
BRDA:146,33,1,1
BRDA:146,34,0,1
BRDA:146,34,1,0
BRDA:146,35,0,1
BRDA:146,35,1,1
BRDA:146,36,0,1
BRDA:146,36,1,0
BRDA:146,37,0,1
BRDA:146,37,1,0
BRDA:236,38,0,1
BRDA:236,38,1,0
BRDA:238,39,0,0
BRDA:238,39,1,0
BRDA:241,40,0,0
BRDA:241,40,1,0
BRDA:248,41,0,0
BRDA:248,41,1,0
BRDA:281,42,0,3
BRDA:281,42,1,0
BRDA:329,43,0,0
BRDA:329,43,1,1
BRDA:333,44,0,0
BRDA:333,44,1,1
BRDA:351,45,0,0
BRDA:351,45,1,1
BRDA:354,46,0,0
BRDA:354,46,1,1
BRDA:360,47,0,1
BRDA:360,47,1,0
BRDA:360,48,0,0
BRDA:360,48,1,1
BRDA:360,49,0,1
BRDA:360,49,1,1
BRDA:360,50,0,0
BRDA:360,50,1,1
BRDA:360,51,0,1
BRDA:360,51,1,1
BRDA:362,52,0,1
BRDA:362,52,1,0
BRDA:362,52,2,0
BRDA:362,53,0,0
BRDA:362,53,1,1
BRDA:362,54,0,1
BRDA:362,54,1,1
BRDA:365,55,0,0
BRDA:365,55,1,1
BRDA:368,56,0,0
BRDA:368,56,1,0
BRDA:368,57,0,0
BRDA:368,57,1,0
BRDA:368,58,0,0
BRDA:368,58,1,0
BRF:122
BRH:51
end_of_record
TN:
SF:src/modules/rounds/round.routes.ts
FNF:0
FNH:0
DA:1,12
DA:2,12
DA:3,12
DA:5,12
DA:7,12
DA:9,12
DA:10,12
DA:11,12
DA:13,12
DA:14,12
DA:15,12
DA:16,12
DA:17,12
DA:19,12
LF:14
LH:14
BRF:0
BRH:0
end_of_record
TN:
SF:src/modules/rounds/round.service.ts
FN:21,(anonymous_7)
FN:24,(anonymous_8)
FN:89,(anonymous_9)
FN:93,(anonymous_10)
FN:120,(anonymous_11)
FN:120,(anonymous_12)
FN:132,(anonymous_13)
FN:134,(anonymous_14)
FN:167,(anonymous_15)
FN:172,(anonymous_16)
FN:196,(anonymous_17)
FN:199,(anonymous_18)
FN:256,(anonymous_19)
FN:265,(anonymous_20)
FN:283,(anonymous_21)
FN:291,(anonymous_22)
FN:294,(anonymous_23)
FNF:17
FNH:16
FNDA:1,(anonymous_7)
FNDA:1,(anonymous_8)
FNDA:2,(anonymous_9)
FNDA:2,(anonymous_10)
FNDA:2,(anonymous_11)
FNDA:2,(anonymous_12)
FNDA:1,(anonymous_13)
FNDA:1,(anonymous_14)
FNDA:1,(anonymous_15)
FNDA:1,(anonymous_16)
FNDA:3,(anonymous_17)
FNDA:3,(anonymous_18)
FNDA:3,(anonymous_19)
FNDA:0,(anonymous_20)
FNDA:5,(anonymous_21)
FNDA:1,(anonymous_22)
FNDA:1,(anonymous_23)
DA:1,12
DA:10,12
DA:16,12
DA:18,12
DA:19,12
DA:21,12
DA:24,1
DA:25,1
DA:26,1
DA:28,1
DA:29,1
DA:30,3
DA:32,3
DA:33,0
DA:34,3
DA:35,1
DA:36,2
DA:37,1
DA:45,1
DA:50,1
DA:56,1
DA:57,0
DA:60,0
DA:61,0
DA:63,0
DA:64,0
DA:68,1
DA:69,0
DA:72,1
DA:86,1
DA:89,12
DA:93,2
DA:94,2
DA:95,2
DA:97,2
DA:98,0
DA:102,0
DA:105,2
DA:114,2
DA:116,0
DA:120,12
DA:121,2
DA:122,2
DA:126,2
DA:128,0
DA:132,12
DA:134,1
DA:135,1
DA:136,1
DA:150,1
DA:151,1
DA:158,1
DA:161,1
DA:163,0
DA:167,12
DA:172,1
DA:173,1
DA:174,1
DA:175,1
DA:176,0
DA:177,0
DA:178,0
DA:180,1
DA:181,1
DA:182,1
DA:183,0
DA:185,1
DA:190,1
DA:192,0
DA:196,12
DA:199,3
DA:200,3
DA:201,3
DA:218,3
DA:219,0
DA:221,3
DA:226,0
DA:233,3
DA:234,3
DA:236,3
DA:248,3
DA:249,3
DA:256,3
DA:257,3
DA:265,3
DA:266,0
DA:274,3
DA:275,2
DA:283,5
DA:285,3
DA:287,0
DA:291,12
DA:294,1
DA:295,1
DA:296,1
DA:297,0
DA:300,1
DA:301,1
LF:98
LH:76
BRDA:25,0,0,1
BRDA:25,0,1,0
BRDA:28,1,0,1
BRDA:28,1,1,0
BRDA:30,2,0,0
BRDA:30,2,1,3
BRDA:30,3,0,3
BRDA:30,3,1,3
BRDA:32,4,0,0
BRDA:32,4,1,3
BRDA:34,5,0,1
BRDA:34,5,1,2
BRDA:36,6,0,1
BRDA:36,6,1,1
BRDA:53,7,0,1
BRDA:53,7,1,1
BRDA:56,8,0,0
BRDA:56,8,1,1
BRDA:57,9,0,0
BRDA:57,9,1,0
BRDA:61,10,0,0
BRDA:61,10,1,0
BRDA:63,11,0,0
BRDA:63,11,1,0
BRDA:63,12,0,0
BRDA:63,12,1,0
BRDA:68,13,0,0
BRDA:68,13,1,1
BRDA:68,14,0,1
BRDA:68,14,1,0
BRDA:68,15,0,1
BRDA:68,15,1,0
BRDA:68,16,0,1
BRDA:68,16,1,1
BRDA:97,17,0,0
BRDA:97,17,1,2
BRDA:97,18,0,2
BRDA:97,18,1,0
BRDA:102,19,0,0
BRDA:102,19,1,0
BRDA:102,20,0,0
BRDA:102,20,1,0
BRDA:102,21,0,0
BRDA:102,21,1,0
BRDA:150,22,0,1
BRDA:150,22,1,0
BRDA:175,23,0,0
BRDA:175,23,1,1
BRDA:180,24,0,0
BRDA:180,24,1,1
BRDA:181,25,0,1
BRDA:181,25,1,0
BRDA:182,26,0,0
BRDA:182,26,1,1
BRDA:182,27,0,1
BRDA:182,27,1,0
BRDA:182,28,0,1
BRDA:182,28,1,0
BRDA:182,29,0,1
BRDA:182,29,1,1
BRDA:218,30,0,0
BRDA:218,30,1,3
BRDA:221,31,0,0
BRDA:221,31,1,3
BRDA:222,32,0,3
BRDA:222,32,1,0
BRDA:222,32,2,0
BRDA:222,33,0,3
BRDA:222,33,1,0
BRDA:222,34,0,3
BRDA:222,34,1,3
BRDA:234,35,0,3
BRDA:234,35,1,1
BRDA:260,36,0,3
BRDA:260,36,1,0
BRDA:260,37,0,0
BRDA:260,37,1,3
BRDA:260,38,0,3
BRDA:260,38,1,3
BRDA:274,39,0,2
BRDA:274,39,1,1
BRDA:274,40,0,3
BRDA:274,40,1,2
BRDA:296,41,0,0
BRDA:296,41,1,1
BRDA:296,42,0,1
BRDA:296,42,1,1
BRDA:297,43,0,0
BRDA:297,43,1,0
BRDA:297,44,0,0
BRDA:297,44,1,0
BRDA:297,45,0,0
BRDA:297,45,1,0
BRF:93
BRH:48
end_of_record
TN:
SF:src/modules/schedules/schedule.controller.ts
FN:5,(anonymous_7)
FN:5,(anonymous_8)
FN:14,(anonymous_9)
FN:14,(anonymous_10)
FN:23,(anonymous_11)
FN:23,(anonymous_12)
FN:36,(anonymous_13)
FN:36,(anonymous_14)
FN:49,(anonymous_15)
FN:49,(anonymous_16)
FN:62,(anonymous_17)
FN:62,(anonymous_18)
FNF:12
FNH:12
FNDA:1,(anonymous_7)
FNDA:1,(anonymous_8)
FNDA:1,(anonymous_9)
FNDA:1,(anonymous_10)
FNDA:1,(anonymous_11)
FNDA:1,(anonymous_12)
FNDA:1,(anonymous_13)
FNDA:1,(anonymous_14)
FNDA:1,(anonymous_15)
FNDA:1,(anonymous_16)
FNDA:1,(anonymous_17)
FNDA:1,(anonymous_18)
DA:1,12
DA:3,12
DA:5,12
DA:6,1
DA:7,1
DA:8,1
DA:10,0
DA:14,12
DA:15,1
DA:16,1
DA:17,1
DA:19,0
DA:23,12
DA:24,1
DA:25,1
DA:26,1
DA:27,1
DA:29,0
DA:30,0
DA:32,0
DA:36,12
DA:37,1
DA:38,1
DA:39,1
DA:40,1
DA:42,0
DA:43,0
DA:45,0
DA:49,12
DA:50,1
DA:51,1
DA:52,1
DA:53,1
DA:55,0
DA:56,0
DA:58,0
DA:62,12
DA:63,1
DA:64,1
DA:65,1
DA:66,1
DA:68,0
LF:42
LH:30
BRDA:29,0,0,0
BRDA:29,0,1,0
BRDA:42,1,0,0
BRDA:42,1,1,0
BRDA:55,2,0,0
BRDA:55,2,1,0
BRF:6
BRH:0
end_of_record
TN:
SF:src/modules/schedules/schedule.routes.ts
FNF:0
FNH:0
DA:1,12
DA:10,12
DA:11,12
DA:12,12
DA:13,12
DA:15,12
DA:17,12
DA:19,12
DA:21,12
DA:22,12
DA:23,12
DA:24,12
DA:25,12
DA:27,12
LF:14
LH:14
BRF:0
BRH:0
end_of_record
TN:
SF:src/modules/schedules/schedule.service.ts
FN:5,(anonymous_7)
FN:5,(anonymous_8)
FN:25,(anonymous_9)
FN:25,(anonymous_10)
FN:32,(anonymous_11)
FN:36,(anonymous_12)
FN:42,(anonymous_13)
FN:47,(anonymous_14)
FN:54,(anonymous_15)
FN:54,(anonymous_16)
FN:60,(anonymous_17)
FN:60,(anonymous_18)
FNF:12
FNH:12
FNDA:1,(anonymous_7)
FNDA:1,(anonymous_8)
FNDA:1,(anonymous_9)
FNDA:1,(anonymous_10)
FNDA:1,(anonymous_11)
FNDA:1,(anonymous_12)
FNDA:1,(anonymous_13)
FNDA:1,(anonymous_14)
FNDA:1,(anonymous_15)
FNDA:1,(anonymous_16)
FNDA:1,(anonymous_17)
FNDA:1,(anonymous_18)
DA:1,12
DA:3,12
DA:5,12
DA:6,1
DA:8,1
DA:22,1
DA:25,12
DA:26,1
DA:32,12
DA:36,1
DA:37,1
DA:42,12
DA:47,1
DA:48,1
DA:54,12
DA:55,1
DA:60,12
DA:61,1
LF:18
LH:18
BRDA:6,0,0,1
BRDA:6,0,1,0
BRF:2
BRH:1
end_of_record
TN:
SF:src/modules/schedules/schemas/schedule.schema.ts
FNF:0
FNH:0
DA:1,12
DA:3,12
DA:11,12
DA:23,12
LF:4
LH:4
BRF:0
BRH:0
end_of_record
TN:
SF:src/modules/settings/settings.controller.ts
FN:6,(anonymous_13)
FN:6,(anonymous_14)
FN:15,(anonymous_15)
FN:15,(anonymous_16)
FN:24,(anonymous_17)
FN:24,(anonymous_18)
FN:33,(anonymous_19)
FN:33,(anonymous_20)
FN:43,(anonymous_21)
FN:43,(anonymous_22)
FN:52,(anonymous_23)
FN:52,(anonymous_24)
FN:61,(anonymous_25)
FN:61,(anonymous_26)
FN:70,(anonymous_27)
FN:70,(anonymous_28)
FN:80,(anonymous_29)
FN:80,(anonymous_30)
FN:89,(anonymous_31)
FN:89,(anonymous_32)
FN:99,(anonymous_33)
FN:99,(anonymous_34)
FNF:22
FNH:4
FNDA:0,(anonymous_13)
FNDA:0,(anonymous_14)
FNDA:2,(anonymous_15)
FNDA:2,(anonymous_16)
FNDA:0,(anonymous_17)
FNDA:0,(anonymous_18)
FNDA:0,(anonymous_19)
FNDA:0,(anonymous_20)
FNDA:0,(anonymous_21)
FNDA:0,(anonymous_22)
FNDA:2,(anonymous_23)
FNDA:2,(anonymous_24)
FNDA:0,(anonymous_25)
FNDA:0,(anonymous_26)
FNDA:0,(anonymous_27)
FNDA:0,(anonymous_28)
FNDA:0,(anonymous_29)
FNDA:0,(anonymous_30)
FNDA:0,(anonymous_31)
FNDA:0,(anonymous_32)
FNDA:0,(anonymous_33)
FNDA:0,(anonymous_34)
DA:2,12
DA:3,12
DA:6,12
DA:7,0
DA:8,0
DA:9,0
DA:11,0
DA:15,12
DA:16,2
DA:17,2
DA:18,2
DA:20,0
DA:24,12
DA:25,0
DA:26,0
DA:27,0
DA:29,0
DA:33,12
DA:34,0
DA:35,0
DA:36,0
DA:38,0
DA:43,12
DA:44,0
DA:45,0
DA:46,0
DA:48,0
DA:52,12
DA:53,2
DA:54,2
DA:55,2
DA:57,0
DA:61,12
DA:62,0
DA:63,0
DA:64,0
DA:66,0
DA:70,12
DA:71,0
DA:72,0
DA:73,0
DA:75,0
DA:80,12
DA:81,0
DA:82,0
DA:83,0
DA:85,0
DA:89,12
DA:90,0
DA:91,0
DA:92,0
DA:93,0
DA:95,0
DA:99,12
DA:100,0
DA:101,0
DA:102,0
DA:104,0
LF:58
LH:19
BRF:0
BRH:0
end_of_record
TN:
SF:src/modules/settings/settings.routes.ts
FNF:0
FNH:0
DA:1,12
DA:2,12
DA:4,12
DA:6,12
DA:8,12
DA:11,12
DA:12,12
DA:13,12
DA:14,12
DA:17,12
DA:18,12
DA:19,12
DA:20,12
DA:23,12
DA:24,12
DA:25,12
DA:27,12
LF:17
LH:17
BRF:0
BRH:0
end_of_record
TN:
SF:src/modules/settings/settings.service.ts
FN:6,(anonymous_7)
FN:6,(anonymous_8)
FN:23,(anonymous_9)
FN:23,(anonymous_10)
FN:27,(anonymous_11)
FN:27,(anonymous_12)
FN:31,(anonymous_13)
FN:31,(anonymous_14)
FN:36,(anonymous_15)
FN:36,(anonymous_16)
FN:56,(anonymous_17)
FN:56,(anonymous_18)
FN:60,(anonymous_19)
FN:60,(anonymous_20)
FN:64,(anonymous_21)
FN:64,(anonymous_22)
FN:69,(anonymous_23)
FN:69,(anonymous_24)
FN:97,(anonymous_25)
FN:97,(anonymous_26)
FN:105,(anonymous_27)
FN:105,(anonymous_28)
FNF:22
FNH:4
FNDA:0,(anonymous_7)
FNDA:0,(anonymous_8)
FNDA:2,(anonymous_9)
FNDA:2,(anonymous_10)
FNDA:0,(anonymous_11)
FNDA:0,(anonymous_12)
FNDA:0,(anonymous_13)
FNDA:0,(anonymous_14)
FNDA:0,(anonymous_15)
FNDA:0,(anonymous_16)
FNDA:2,(anonymous_17)
FNDA:2,(anonymous_18)
FNDA:0,(anonymous_19)
FNDA:0,(anonymous_20)
FNDA:0,(anonymous_21)
FNDA:0,(anonymous_22)
FNDA:0,(anonymous_23)
FNDA:0,(anonymous_24)
FNDA:0,(anonymous_25)
FNDA:0,(anonymous_26)
FNDA:0,(anonymous_27)
FNDA:0,(anonymous_28)
DA:1,12
DA:3,12
DA:6,12
DA:7,0
DA:8,0
DA:9,0
DA:10,0
DA:11,0
DA:16,0
DA:20,0
DA:23,12
DA:24,2
DA:27,12
DA:28,0
DA:31,12
DA:32,0
DA:36,12
DA:37,0
DA:38,0
DA:39,0
DA:40,0
DA:41,0
DA:46,0
DA:53,0
DA:56,12
DA:57,2
DA:60,12
DA:61,0
DA:64,12
DA:65,0
DA:69,12
DA:70,0
DA:71,0
DA:72,0
DA:73,0
DA:74,0
DA:81,0
DA:82,0
DA:85,0
DA:94,0
DA:97,12
DA:98,0
DA:105,12
DA:106,0
LF:44
LH:15
BRDA:8,0,0,0
BRDA:8,0,1,0
BRDA:10,1,0,0
BRDA:10,1,1,0
BRDA:38,2,0,0
BRDA:38,2,1,0
BRDA:40,3,0,0
BRDA:40,3,1,0
BRDA:71,4,0,0
BRDA:71,4,1,0
BRDA:73,5,0,0
BRDA:73,5,1,0
BRDA:81,6,0,0
BRDA:81,6,1,0
BRDA:81,7,0,0
BRDA:81,7,1,0
BRDA:81,8,0,0
BRDA:81,8,1,0
BRF:18
BRH:0
end_of_record
TN:
SF:src/modules/storage/storage.service.ts
FN:9,(anonymous_7)
FN:23,(anonymous_8)
FN:31,(anonymous_10)
FN:32,(anonymous_11)
FN:59,(anonymous_12)
FN:74,(anonymous_14)
FNF:6
FNH:5
FNDA:39,(anonymous_7)
FNDA:0,(anonymous_8)
FNDA:1,(anonymous_10)
FNDA:1,(anonymous_11)
FNDA:1,(anonymous_12)
FNDA:1,(anonymous_14)
DA:1,13
DA:2,13
DA:3,13
DA:4,13
DA:6,13
DA:10,39
DA:28,0
DA:32,1
DA:37,1
DA:47,1
DA:49,1
DA:60,1
DA:64,1
DA:68,1
DA:75,1
DA:79,1
LF:16
LH:15
BRDA:11,0,0,39
BRDA:11,0,1,3
BRDA:13,1,0,39
BRDA:13,1,1,3
BRDA:14,2,0,39
BRDA:14,2,1,3
BRDA:28,3,0,0
BRDA:28,3,1,0
BRDA:35,4,0,1
BRDA:62,5,0,1
BRF:10
BRH:8
end_of_record
TN:
SF:src/modules/sync/sync.controller.ts
FN:5,(anonymous_13)
FN:5,(anonymous_14)
FN:18,(anonymous_15)
FN:18,(anonymous_16)
FNF:4
FNH:4
FNDA:2,(anonymous_13)
FNDA:2,(anonymous_14)
FNDA:1,(anonymous_15)
FNDA:1,(anonymous_16)
DA:2,12
DA:3,12
DA:5,12
DA:6,2
DA:7,2
DA:11,2
DA:12,2
DA:14,0
DA:18,12
DA:19,1
DA:20,1
DA:21,1
DA:22,1
DA:24,0
DA:25,0
LF:15
LH:12
BRDA:7,0,0,1
BRDA:7,0,1,1
BRF:2
BRH:2
end_of_record
TN:
SF:src/modules/sync/sync.routes.ts
FNF:0
FNH:0
DA:1,12
DA:2,12
DA:4,12
DA:6,12
DA:8,12
DA:10,12
DA:11,12
DA:13,12
LF:8
LH:8
BRF:0
BRH:0
end_of_record
TN:
SF:src/modules/sync/sync.service.ts
FN:38,(anonymous_8)
FN:38,(anonymous_9)
FN:73,(anonymous_10)
FN:83,(anonymous_11)
FN:83,(anonymous_12)
FNF:5
FNH:4
FNDA:2,(anonymous_8)
FNDA:2,(anonymous_9)
FNDA:0,(anonymous_10)
FNDA:1,(anonymous_11)
FNDA:1,(anonymous_12)
DA:1,12
DA:17,12
DA:38,12
DA:39,2
DA:40,2
DA:42,2
DA:44,2
DA:46,36
DA:54,36
DA:63,36
DA:70,36
DA:73,0
DA:77,2
DA:83,12
DA:84,1
DA:86,1
DA:87,1
DA:90,1
DA:92,1
DA:98,1
DA:99,0
DA:101,0
DA:108,1
DA:110,0
DA:121,1
LF:25
LH:21
BRDA:39,0,0,1
BRDA:39,0,1,1
BRDA:87,1,0,0
BRDA:87,1,1,1
BRDA:108,2,0,0
BRDA:108,2,1,1
BRF:6
BRH:4
end_of_record
TN:
SF:src/modules/users/user.controller.ts
FN:12,(anonymous_14)
FN:12,(anonymous_15)
FN:21,(anonymous_16)
FN:21,(anonymous_17)
FN:92,(anonymous_18)
FN:92,(anonymous_19)
FN:106,(anonymous_20)
FN:106,(anonymous_21)
FN:121,(anonymous_22)
FN:121,(anonymous_23)
FN:131,(anonymous_24)
FN:131,(anonymous_25)
FN:153,(anonymous_26)
FN:153,(anonymous_27)
FN:187,(anonymous_28)
FN:187,(anonymous_29)
FN:215,(anonymous_30)
FN:215,(anonymous_31)
FN:229,(anonymous_32)
FN:229,(anonymous_33)
FNF:20
FNH:12
FNDA:1,(anonymous_14)
FNDA:1,(anonymous_15)
FNDA:1,(anonymous_16)
FNDA:1,(anonymous_17)
FNDA:0,(anonymous_18)
FNDA:0,(anonymous_19)
FNDA:0,(anonymous_20)
FNDA:0,(anonymous_21)
FNDA:0,(anonymous_22)
FNDA:0,(anonymous_23)
FNDA:9,(anonymous_24)
FNDA:9,(anonymous_25)
FNDA:1,(anonymous_26)
FNDA:1,(anonymous_27)
FNDA:0,(anonymous_28)
FNDA:0,(anonymous_29)
FNDA:1,(anonymous_30)
FNDA:1,(anonymous_31)
FNDA:1,(anonymous_32)
FNDA:1,(anonymous_33)
DA:1,12
DA:2,12
DA:7,12
DA:10,12
DA:12,12
DA:13,1
DA:14,1
DA:15,1
DA:17,0
DA:21,12
DA:22,1
DA:23,1
DA:24,1
DA:26,1
DA:27,0
DA:32,1
DA:33,1
DA:34,0
DA:39,1
DA:40,0
DA:49,1
DA:50,0
DA:60,1
DA:66,1
DA:67,0
DA:73,1
DA:75,1
DA:86,1
DA:88,0
DA:92,12
DA:93,0
DA:94,0
DA:96,0
DA:97,0
DA:100,0
DA:102,0
DA:106,12
DA:107,0
DA:108,0
DA:109,0
DA:110,0
DA:111,0
DA:115,0
DA:117,0
DA:121,12
DA:122,0
DA:123,0
DA:124,0
DA:125,0
DA:127,0
DA:131,12
DA:132,9
DA:133,9
DA:135,9
DA:136,9
DA:137,0
DA:142,9
DA:143,9
DA:146,9
DA:147,9
DA:149,0
DA:153,12
DA:154,1
DA:155,1
DA:156,1
DA:158,1
DA:159,0
DA:160,0
DA:161,0
DA:169,1
DA:170,0
DA:172,1
DA:175,1
DA:176,1
DA:178,0
DA:179,0
DA:183,0
DA:187,12
DA:188,0
DA:189,0
DA:190,0
DA:192,0
DA:193,0
DA:194,0
DA:199,0
DA:200,0
DA:201,0
DA:206,0
DA:207,0
DA:209,0
DA:211,0
DA:215,12
DA:216,1
DA:217,1
DA:218,1
DA:220,1
DA:221,1
DA:223,1
DA:225,0
DA:229,12
DA:230,1
DA:231,1
DA:232,1
DA:233,1
DA:235,0
DA:236,0
DA:244,0
LF:107
LH:56
BRDA:26,0,0,0
BRDA:26,0,1,1
BRDA:33,1,0,0
BRDA:33,1,1,1
BRDA:39,2,0,0
BRDA:39,2,1,1
BRDA:49,3,0,0
BRDA:49,3,1,1
BRDA:49,4,0,1
BRDA:49,4,1,0
BRDA:61,5,0,0
BRDA:61,5,1,1
BRDA:61,6,0,1
BRDA:61,6,1,1
BRDA:62,7,0,1
BRDA:62,7,1,0
BRDA:62,8,0,1
BRDA:62,8,1,0
BRDA:63,9,0,1
BRDA:63,9,1,0
BRDA:63,10,0,1
BRDA:63,10,1,0
BRDA:66,11,0,0
BRDA:66,11,1,1
BRDA:69,12,0,0
BRDA:69,12,1,0
BRDA:80,13,0,0
BRDA:80,13,1,1
BRDA:80,14,0,1
BRDA:80,14,1,1
BRDA:82,15,0,1
BRDA:82,15,1,0
BRDA:82,16,0,1
BRDA:82,16,1,0
BRDA:83,17,0,1
BRDA:83,17,1,0
BRDA:83,18,0,1
BRDA:83,18,1,0
BRDA:94,19,0,0
BRDA:94,19,1,0
BRDA:94,20,0,0
BRDA:94,20,1,0
BRDA:94,21,0,0
BRDA:94,21,1,0
BRDA:96,22,0,0
BRDA:96,22,1,0
BRDA:110,23,0,0
BRDA:110,23,1,0
BRDA:136,24,0,0
BRDA:136,24,1,9
BRDA:142,25,0,9
BRDA:142,25,1,0
BRDA:158,26,0,0
BRDA:158,26,1,1
BRDA:160,27,0,0
BRDA:160,27,1,0
BRDA:160,28,0,0
BRDA:160,28,1,0
BRDA:169,29,0,0
BRDA:169,29,1,1
BRDA:178,30,0,0
BRDA:178,30,1,0
BRDA:193,31,0,0
BRDA:193,31,1,0
BRDA:200,32,0,0
BRDA:200,32,1,0
BRDA:235,33,0,0
BRDA:235,33,1,0
BRF:68
BRH:24
end_of_record
TN:
SF:src/modules/users/user.routes.ts
FNF:0
FNH:0
DA:1,12
DA:2,12
DA:15,12
DA:16,12
DA:18,12
DA:20,12
DA:22,12
DA:24,12
DA:26,12
DA:27,12
DA:28,12
DA:29,12
DA:30,12
DA:31,12
DA:32,12
DA:33,12
DA:34,12
DA:36,12
LF:18
LH:18
BRF:0
BRH:0
end_of_record
TN:
SF:src/modules/users/user.schema.ts
FNF:0
FNH:0
DA:1,13
DA:3,13
DA:10,13
LF:3
LH:3
BRF:0
BRH:0
end_of_record
TN:
SF:src/modules/users/user.service.ts
FN:11,(anonymous_8)
FN:11,(anonymous_9)
FN:47,(anonymous_10)
FN:49,(anonymous_11)
FN:120,(anonymous_12)
FN:120,(anonymous_13)
FN:146,(anonymous_14)
FN:146,(anonymous_15)
FN:175,(anonymous_16)
FN:175,(anonymous_17)
FN:188,(anonymous_18)
FN:188,(anonymous_19)
FN:217,(anonymous_20)
FN:217,(anonymous_21)
FN:239,(anonymous_22)
FN:239,(anonymous_23)
FN:256,(anonymous_24)
FN:256,(anonymous_25)
FN:257,(anonymous_26)
FN:257,(anonymous_27)
FNF:20
FNH:14
FNDA:0,(anonymous_8)
FNDA:0,(anonymous_9)
FNDA:1,(anonymous_10)
FNDA:1,(anonymous_11)
FNDA:10,(anonymous_12)
FNDA:10,(anonymous_13)
FNDA:9,(anonymous_14)
FNDA:9,(anonymous_15)
FNDA:3,(anonymous_16)
FNDA:3,(anonymous_17)
FNDA:3,(anonymous_18)
FNDA:3,(anonymous_19)
FNDA:0,(anonymous_20)
FNDA:0,(anonymous_21)
FNDA:0,(anonymous_22)
FNDA:0,(anonymous_23)
FNDA:1,(anonymous_24)
FNDA:1,(anonymous_25)
FNDA:1,(anonymous_26)
FNDA:1,(anonymous_27)
DA:1,12
DA:6,12
DA:7,12
DA:9,12
DA:11,12
DA:12,0
DA:23,0
DA:47,12
DA:49,1
DA:50,1
DA:53,1
DA:54,1
DA:55,1
DA:56,1
DA:58,1
DA:69,1
DA:70,0
DA:71,0
DA:72,0
DA:73,1
DA:74,0
DA:75,0
DA:76,0
DA:80,1
DA:85,1
DA:117,1
DA:120,12
DA:121,10
DA:146,12
DA:147,9
DA:149,9
DA:151,9
DA:152,0
DA:155,0
DA:158,9
DA:159,9
DA:160,9
DA:161,0
DA:165,9
DA:175,12
DA:176,3
DA:178,3
DA:179,0
DA:182,0
DA:186,3
DA:188,3
DA:189,3
DA:192,3
DA:193,0
DA:203,3
DA:209,3
DA:210,0
DA:213,3
DA:217,12
DA:218,0
DA:239,12
DA:240,0
DA:256,12
DA:257,1
DA:258,1
DA:263,1
DA:264,0
DA:267,1
LF:63
LH:45
BRDA:14,0,0,0
BRDA:14,0,1,0
BRDA:53,1,0,1
BRDA:53,1,1,0
BRDA:53,2,0,1
BRDA:53,2,1,1
BRDA:53,2,2,1
BRDA:69,3,0,0
BRDA:69,3,1,1
BRDA:69,4,0,1
BRDA:69,4,1,0
BRDA:69,4,2,0
BRDA:73,5,0,0
BRDA:73,5,1,1
BRDA:82,6,0,1
BRDA:82,6,1,0
BRDA:82,7,0,1
BRDA:82,7,1,1
BRDA:151,8,0,0
BRDA:151,8,1,9
BRDA:151,9,0,9
BRDA:151,9,1,0
BRDA:155,10,0,0
BRDA:155,10,1,0
BRDA:158,11,0,9
BRDA:158,11,1,0
BRDA:160,12,0,0
BRDA:160,12,1,9
BRDA:160,13,0,0
BRDA:160,13,1,9
BRDA:160,14,0,9
BRDA:160,14,1,9
BRDA:168,15,0,9
BRDA:168,15,1,0
BRDA:178,16,0,0
BRDA:178,16,1,3
BRDA:178,17,0,3
BRDA:178,17,1,3
BRDA:182,18,0,0
BRDA:182,18,1,0
BRDA:186,19,0,0
BRDA:186,19,1,3
BRDA:192,20,0,0
BRDA:192,20,1,3
BRDA:192,21,0,3
BRDA:192,21,1,0
BRDA:192,22,0,0
BRDA:192,22,1,0
BRDA:192,23,0,0
BRDA:192,23,1,0
BRDA:196,24,0,0
BRDA:196,24,1,0
BRDA:197,25,0,0
BRDA:197,25,1,0
BRDA:198,26,0,0
BRDA:198,26,1,0
BRDA:209,27,0,0
BRDA:209,27,1,3
BRDA:209,28,0,0
BRDA:209,28,1,3
BRDA:209,29,0,3
BRDA:209,29,1,3
BRDA:263,30,0,0
BRDA:263,30,1,1
BRDA:263,31,0,1
BRDA:263,31,1,0
BRDA:263,32,0,0
BRDA:263,32,1,1
BRDA:263,33,0,1
BRDA:263,33,1,1
BRDA:263,34,0,0
BRDA:263,34,1,0
BRDA:263,35,0,0
BRDA:263,35,1,0
BRF:74
BRH:33
end_of_record
TN:
SF:src/modules/zones/zones.controller.ts
FN:5,(anonymous_13)
FN:5,(anonymous_14)
FN:14,(anonymous_15)
FN:14,(anonymous_16)
FN:24,(anonymous_17)
FN:24,(anonymous_18)
FN:33,(anonymous_19)
FN:33,(anonymous_20)
FN:43,(anonymous_21)
FN:43,(anonymous_22)
FNF:10
FNH:8
FNDA:0,(anonymous_13)
FNDA:0,(anonymous_14)
FNDA:1,(anonymous_15)
FNDA:1,(anonymous_16)
FNDA:3,(anonymous_17)
FNDA:3,(anonymous_18)
FNDA:1,(anonymous_19)
FNDA:1,(anonymous_20)
FNDA:1,(anonymous_21)
FNDA:1,(anonymous_22)
DA:1,12
DA:3,12
DA:5,12
DA:6,0
DA:7,0
DA:8,0
DA:10,0
DA:14,12
DA:15,1
DA:16,1
DA:17,1
DA:18,1
DA:20,0
DA:24,12
DA:25,3
DA:26,3
DA:27,3
DA:29,0
DA:33,12
DA:34,1
DA:35,1
DA:36,1
DA:37,1
DA:39,0
DA:43,12
DA:44,1
DA:45,1
DA:46,1
DA:47,1
DA:49,0
LF:30
LH:22
BRF:0
BRH:0
end_of_record
TN:
SF:src/modules/zones/zones.routes.ts
FNF:0
FNH:0
DA:1,12
DA:2,12
DA:4,12
DA:5,12
DA:6,12
DA:9,12
DA:11,12
DA:13,12
DA:14,12
DA:15,12
DA:16,12
DA:17,12
DA:20,12
LF:13
LH:13
BRF:0
BRH:0
end_of_record
TN:
SF:src/modules/zones/zones.service.ts
FN:3,(anonymous_7)
FN:3,(anonymous_8)
FN:30,(anonymous_9)
FN:30,(anonymous_10)
FN:37,(anonymous_11)
FN:37,(anonymous_12)
FN:43,(anonymous_13)
FN:43,(anonymous_14)
FN:50,(anonymous_15)
FN:50,(anonymous_16)
FNF:10
FNH:8
FNDA:0,(anonymous_7)
FNDA:0,(anonymous_8)
FNDA:1,(anonymous_9)
FNDA:1,(anonymous_10)
FNDA:3,(anonymous_11)
FNDA:3,(anonymous_12)
FNDA:1,(anonymous_13)
FNDA:1,(anonymous_14)
FNDA:1,(anonymous_15)
FNDA:1,(anonymous_16)
DA:1,12
DA:3,12
DA:4,0
DA:5,0
DA:6,0
DA:8,0
DA:13,0
DA:14,0
DA:17,0
DA:18,0
DA:21,0
DA:27,0
DA:30,12
DA:31,1
DA:37,12
DA:38,3
DA:43,12
DA:44,1
DA:50,12
DA:51,1
LF:20
LH:10
BRDA:5,0,0,0
BRDA:5,0,1,0
BRDA:5,1,0,0
BRDA:5,1,1,0
BRDA:6,2,0,0
BRDA:6,2,1,0
BRDA:6,3,0,0
BRDA:6,3,1,0
BRDA:13,4,0,0
BRDA:13,4,1,0
BRDA:17,5,0,0
BRDA:17,5,1,0
BRF:12
BRH:0
end_of_record
TN:
SF:src/modules/zones/schemas/zones.schema.ts
FNF:0
FNH:0
DA:1,12
DA:3,12
DA:14,12
DA:24,12
DA:30,12
LF:5
LH:5
BRF:0
BRH:0
end_of_record
